begin-- p(4,1)
Timeout is 600
Starting p(4,1)
% 2,150,533 inferences, 0.217 CPU in 0.217 seconds (100% CPU, 9891915 Lips)
Maybes generated. CHR takes over now.
% Started at Thu Jul 28 14:14:39 2016
% 13.503 seconds cpu time for 104,866,280 inferences
% 8,655 atoms, 5,491 functors, 4,730 predicates, 69 modules, 399,271 VM-codes
% 
%                        Limit    Allocated       In use
% Local  stack:    268,435,456      126,976       50,688 Bytes
% Global stack:    268,435,456    1,044,464      821,840 Bytes
% Trail  stack:    268,435,456      260,088       21,760 Bytes
% 
% 6 garbage collections gained 882,160 bytes in 0.003 seconds.
% Stack shifts: 2 local, 4 global, 3 trail in 0.000 seconds
% 1 threads, 0 finished threads used 0.000 seconds
┌───────────┬───┬───┬───────┬───────────────┬───────────────────┬───┬───────────┐
│ .   .   3 │ . │ . │ 2   . │ 4   .   .   . │ .   .   .   .   . │ . │ .   .   . │
├───────┬───┤   │   ├───────┴───┬───────────┤                   │   │           │
│ .   2 │ . │ 4 │ . │ .   .   . │ 3   .   . │ .   .   .   .   15│ 3 │ 6   .   . │
├───────┤   │   │   │           ├───┬───────┤                   │   ├───────┬───┤
│ .   . │ . │ . │ . │ .   .   . │ . │ .   2 │ .   .   .   .   . │ . │ .   2 │ 3 │
│       │   │   │   │           │   ├───┬───┴───────────────────┴───┼───────┤   │
│ 4   . │ . │ . │ 7 │ .   .   . │ 2 │ . │ .   .   .   .   .   .   7 │ .   2 │ . │
├───┬───┤   ├───┤   │           ├───┤   ├───────────────────────────┴───────┤   │
│ . │ . │ . │ 5 │ . │ .   .   . │ 2 │ 3 │ .   9   .   .   .   .   .   .   . │ . │
│   │   │   │   │   │           │   │   ├───────────────────────────────────┴───┤
│ 2 │ 2 │ . │ . │ . │ .   18  . │ . │ . │ .   .   .   .   .   .   .   .   .   . │
├───┴───┤   │   │   │           ├───┴───┤                                       │
│ .   2 │ . │ . │ . │ .   .   . │ .   2 │ .   .   20  .   .   .   .   .   .   . │
├───────┤   │   ├───┴───────────┴───────┴───────────────────────────────────┬───┤
│ .   . │ . │ . │ .   .   .   .   .   .   .   .   .   .   .   .   .   .   . │ . │
│       │   │   │                                                           │   │
│ 20  . │ . │ . │ .   .   .   .   .   .   .   .   .   .   .   .   .   .   . │ 3 │
│       │   ├───┤                                                           │   │
│ .   . │ . │ 3 │ .   .   .   .   .   .   45  .   .   .   .   .   .   .   . │ . │
│       │   │   ├───────────────────────────────────────────────────────┬───┼───┤
│ .   . │ . │ . │ .   .   .   .   .   .   .   .   .   .   .   .   .   . │ . │ . │
│       │   │   │                                                       │   │   │
│ .   . │ . │ . │ .   .   .   .   .   .   .   .   .   .   28  .   .   . │ 2 │ 2 │
│       │   ├───┼───────┬───────────┬───────────────────────────────┬───┴───┴───┤
│ .   . │ . │ . │ 2   . │ .   3   . │ .   .   .   .   .   40  .   . │ .   .   . │
│       │   │   ├───┬───┴───┬───────┤                               │           │
│ .   . │ . │ . │ . │ 2   . │ .   12│ .   .   .   .   .   .   .   . │ .   .   . │
│       │   │   │   ├───────┤       │                               │           │
│ .   . │ 14│ . │ 4 │ 6   . │ .   . │ .   .   .   .   .   .   .   . │ 18  .   . │
│       ├───┤   │   │       │       │                               │           │
│ .   . │ 2 │ 6 │ . │ .   . │ .   . │ .   .   .   .   .   .   .   . │ .   .   . │
│       │   │   │   │       │       │                               │           │
│ .   . │ . │ . │ . │ .   . │ .   . │ .   .   .   .   .   .   .   . │ .   .   . │
├───────┼───┤   ├───┴───────┤       ├───┬───────────────────┬───────┤           │
│ .   . │ . │ . │ 3   .   . │ .   . │ . │ .   .   .   15  . │ .   2 │ .   .   . │
│       │   ├───┴───────────┤       │   │                   ├───┬───┼───────────┤
│ .   . │ 2 │ .   4   .   . │ .   . │ 2 │ .   .   .   .   . │ . │ . │ .   .   . │
│       ├───┴───────┬───────┼───────┴───┤                   │   │   │           │
│ .   6 │ .   .   3 │ 2   . │ 3   .   . │ .   .   .   .   . │ 2 │ 2 │ .   .   6 │
└───────┴───────────┴───────┴───────────┴───────────────────┴───┴───┴───────────┘

Finished p(4,1)
end-- p(4,1)
