begin-- p(1,4)
Timeout is 600
Starting p(1,4)
% 18,831 inferences, 0.002 CPU in 0.002 seconds (100% CPU, 7952660 Lips)
Maybes generated. CHR takes over now.
% Started at Thu Jul 28 14:14:19 2016
% 0.735 seconds cpu time for 3,703,347 inferences
% 8,655 atoms, 5,491 functors, 4,730 predicates, 69 modules, 399,271 VM-codes
% 
%                        Limit    Allocated       In use
% Local  stack:    268,435,456      126,976        5,688 Bytes
% Global stack:    268,435,456    1,044,464      618,960 Bytes
% Trail  stack:    268,435,456      260,088        4,256 Bytes
% 
% 6 garbage collections gained 882,160 bytes in 0.003 seconds.
% Stack shifts: 2 local, 4 global, 3 trail in 0.000 seconds
% 1 threads, 0 finished threads used 0.000 seconds
┌───────┬───────┬───────┬───┐
│ .   2 │ 2   . │ .   2 │ 2 │
├───────┼───────┴───────┤   │
│ .   2 │ 4   .   .   . │ . │
├───────┴───┬───────────┴───┤
│ .   .   3 │ 4   .   .   . │
├───────────┴───────┬───────┤
│ .   .   5   .   . │ .   . │
├───────────┬───────┤       │
│ 3   .   . │ 2   . │ .   . │
├───────────┴───┬───┤       │
│ .   .   .   8 │ 2 │ 8   . │
│               │   │       │
│ .   .   .   . │ . │ .   . │
└───────────────┴───┴───────┘

Finished p(1,4)
end-- p(1,4)
