begin-- p(5,2)
Timeout is 600
Starting p(5,2)
% 9,801,333 inferences, 0.914 CPU in 0.914 seconds (100% CPU, 10720397 Lips)
Maybes generated. CHR takes over now.
% Started at Thu Jul 28 14:41:30 2016
% 2.416 seconds cpu time for 19,905,352 inferences
% 8,655 atoms, 5,491 functors, 4,730 predicates, 69 modules, 399,271 VM-codes
% 
%                        Limit    Allocated       In use
% Local  stack:    268,435,456      126,976       53,152 Bytes
% Global stack:    268,435,456    1,044,464      922,240 Bytes
% Trail  stack:    268,435,456      260,088       30,240 Bytes
% 
% 6 garbage collections gained 882,160 bytes in 0.003 seconds.
% Stack shifts: 2 local, 4 global, 3 trail in 0.000 seconds
% 1 threads, 0 finished threads used 0.000 seconds
┌───┬───────────────────────────────────────────────────────────────────────────────┬───┬───┬───────┐
│ . │ .   .   .   .   .   .   .   .   .   .   .   .   .   .   .   .   .   .   .   . │ . │ . │ .   . │
│   │                                                                               │   │   │       │
│ . │ .   .   .   .   .   .   .   .   .   .   .   .   .   .   .   .   .   .   .   40│ 4 │ . │ .   . │
│   ├───┬───┬───────────────────────────────────────────────────────────────────┬───┤   │   │       │
│ 4 │ 4 │ 2 │ .   .   .   .   .   .   .   .   .   .   .   .   17  .   .   .   . │ 2 │ . │ 3 │ 6   . │
│   │   │   ├───────────┬───────────────────────────────────────────────────────┤   │   ├───┴───────┤
│ . │ . │ . │ .   .   . │ .   .   .   .   .   .   .   .   .   14  .   .   .   . │ . │ . │ .   .   3 │
├───┤   ├───┤           ├───────────┬───┬───────────────────┬───────────────────┴───┴───┴───────────┤
│ . │ . │ 2 │ .   .   6 │ 3   .   . │ . │ .   .   .   .   . │ 20  .   .   .   .   .   .   .   .   . │
│   │   │   ├───────┬───┴───────────┤   │                   │                                       │
│ . │ . │ . │ .   . │ 4   .   .   . │ 2 │ .   .   10  .   . │ .   .   .   .   .   .   .   .   .   . │
│   ├───┼───┤       ├───────┬───────┴───┴───────────────────┴───────────────────────────────────────┤
│ . │ 2 │ 2 │ .   4 │ 2   . │ .   .   .   .   .   .   18  .   .   .   .   .   .   .   .   .   .   . │
│   │   │   ├───┬───┴───────┴───┬───┬───┬───────────────────┬───────┬───────────────────────────────┤
│ . │ . │ . │ . │ .   .   .   . │ 4 │ . │ .   .   .   5   . │ 2   . │ .   .   .   .   .   .   .   . │
│   ├───┴───┤   │               │   │   ├───────────────────┼───────┤                               │
│ . │ .   . │ . │ .   .   .   . │ . │ . │ .   .   .   .   . │ .   . │ .   .   .   .   .   .   .   . │
│   │       │   │               │   │   │                   │       │                               │
│ . │ 18  . │ . │ .   .   .   . │ . │ . │ .   .   .   .   . │ .   . │ .   .   .   .   .   .   .   . │
│   │       │   │               │   │   │                   │       │                               │
│ . │ .   . │ . │ .   .   .   . │ . │ . │ .   30  .   .   . │ .   . │ .   .   .   .   .   .   .   . │
│   │       │   │               ├───┤   │                   │       │                               │
│ . │ .   . │ . │ .   .   .   . │ 2 │ . │ .   .   .   .   . │ .   . │ .   .   .   .   .   .   .   . │
│   │       │   │               │   │   │                   │       │                               │
│ 12│ .   . │ . │ .   .   .   . │ . │ 7 │ .   .   .   .   . │ 10  . │ .   .   .   .   .   .   .   . │
│   │       │   │               ├───┤   │                   ├───────┤                               │
│ . │ .   . │ . │ .   .   .   . │ . │ . │ .   .   .   .   . │ .   . │ .   .   .   .   .   .   .   . │
│   │       │   │               │   ├───┴───────────────┬───┤       │                               │
│ . │ .   . │ . │ .   .   .   . │ 2 │ .   .   5   .   . │ . │ 10  . │ .   .   .   .   .   .   .   . │
│   │       │   │               ├───┴───────┬───────┬───┤   │       │                               │
│ . │ .   . │ 10│ .   .   .   . │ .   .   . │ .   . │ . │ 2 │ .   . │ .   .   .   .   .   .   .   . │
├───┤       │   │               │           │       │   ├───┤       │                               │
│ . │ .   . │ . │ .   .   .   . │ .   21  . │ .   . │ . │ . │ .   . │ .   .   .   .   .   .   .   . │
│   ├───────┼───┤               │           │       │   │   │       │                               │
│ 2 │ .   2 │ . │ .   .   .   . │ .   .   . │ .   . │ 3 │ . │ .   . │ .   .   .   .   88  .   .   . │
├───┴───────┤   │               │           │       ├───┤   ├───────┴───────────────┬───────────┬───┤
│ .   .   . │ . │ .   .   .   . │ .   .   . │ 10  . │ . │ 4 │ 6   .   .   .   .   . │ .   .   3 │ 2 │
│           │   │               │           │       │   │   ├───┬───┬───────────────┴───────┬───┤   │
│ .   .   . │ . │ .   .   .   . │ .   .   . │ .   . │ . │ . │ 4 │ 2 │ .   .   .   .   .   . │ . │ . │
│           │   │               │           ├───────┤   ├───┤   │   │                       │   ├───┤
│ .   .   . │ . │ .   .   .   . │ .   .   . │ .   . │ . │ 2 │ . │ . │ .   .   .   .   .   . │ . │ 2 │
│           │   │               │           │       │   │   │   ├───┤                       │   │   │
│ .   .   12│ 6 │ .   .   .   64│ .   .   . │ .   4 │ 4 │ . │ . │ 2 │ 18  .   .   .   .   . │ . │ . │
├───┬───────┤   │               ├───────┬───┴───────┼───┴───┤   │   ├───────┬───────────────┤   ├───┤
│ . │ .   2 │ . │ .   .   .   . │ 2   . │ .   3   . │ .   2 │ . │ . │ 2   . │ .   .   .   4 │ 4 │ . │
│   ├───────┼───┴───┬───────────┴───────┴───────────┴───────┴───┴───┴───┬───┼───┬───────────┴───┤   │
│ . │ .   2 │ 2   . │ .   .   .   .   .   .   .   .   .   .   .   26  . │ 2 │ 2 │ .   .   4   . │ 2 │
│   ├───────┼───────┤                                                   │   │   ├───────┬───────┴───┤
│ 3 │ .   2 │ 2   . │ .   .   .   .   .   .   .   .   .   .   .   .   . │ . │ . │ .   2 │ .   3   . │
└───┴───────┴───────┴───────────────────────────────────────────────────┴───┴───┴───────┴───────────┘

Finished p(5,2)
end-- p(5,2)
