begin-- tiny
Timeout is 600
Starting tiny
% 654 inferences, 0.000 CPU in 0.000 seconds (100% CPU, 4278397 Lips)
Maybes generated. CHR takes over now.
% Started at Thu Jul 28 14:14:11 2016
% 0.785 seconds cpu time for 3,682,657 inferences
% 8,655 atoms, 5,491 functors, 4,730 predicates, 69 modules, 399,271 VM-codes
% 
%                        Limit    Allocated       In use
% Local  stack:    268,435,456      126,976        2,592 Bytes
% Global stack:    268,435,456    1,044,464      589,888 Bytes
% Trail  stack:    268,435,456      260,088        1,008 Bytes
% 
% 6 garbage collections gained 882,160 bytes in 0.004 seconds.
% Stack shifts: 2 local, 4 global, 3 trail in 0.000 seconds
% 1 threads, 0 finished threads used 0.000 seconds
┌───────┬───┐
│ 4   . │ 2 │
│       │   │
│ .   . │ . │
├───────┴───┤
│ .   3   . │
└───────────┘

Finished tiny
end-- tiny
