begin-- p(3,3)
Timeout is 600
Starting p(3,3)
% 389,595 inferences, 0.043 CPU in 0.043 seconds (100% CPU, 9132269 Lips)
Maybes generated. CHR takes over now.
% Started at Thu Jul 28 14:14:36 2016
% 0.776 seconds cpu time for 4,120,075 inferences
% 8,655 atoms, 5,491 functors, 4,730 predicates, 69 modules, 399,271 VM-codes
% 
%                        Limit    Allocated       In use
% Local  stack:    268,435,456      126,976       25,416 Bytes
% Global stack:    268,435,456    1,044,464      730,672 Bytes
% Trail  stack:    268,435,456      260,088       15,056 Bytes
% 
% 6 garbage collections gained 882,160 bytes in 0.004 seconds.
% Stack shifts: 2 local, 4 global, 3 trail in 0.000 seconds
% 1 threads, 0 finished threads used 0.000 seconds
┌───────────────────────────┬───────────┬───────────────────┐
│ .   .   .   .   .   .   . │ .   .   . │ 5   .   .   .   . │
│                           │           ├───────────────────┤
│ .   .   .   .   14  .   . │ .   .   . │ .   .   5   .   . │
├───────┬───────┬───────┬───┤           ├───────────────┬───┤
│ .   2 │ .   . │ .   2 │ . │ .   .   . │ .   .   16  . │ . │
├───┬───┤       ├───────┤   │           │               │   │
│ . │ . │ .   4 │ .   . │ . │ .   .   18│ .   .   .   . │ . │
│   │   ├───────┤       │   │           │               │   │
│ 2 │ 2 │ 2   . │ .   . │ 3 │ .   .   . │ .   .   .   . │ . │
├───┼───┴───┬───┤       ├───┤           │               │   │
│ 3 │ .   . │ . │ .   . │ . │ .   .   . │ .   .   .   . │ . │
│   │       │   │       │   ├───────────┴───────────────┤   │
│ . │ .   . │ 2 │ .   . │ . │ .   .   .   .   .   7   . │ 5 │
│   │       ├───┤       │   ├───┬───────────────────────┼───┤
│ . │ .   . │ . │ .   . │ 4 │ 2 │ .   .   .   .   .   . │ 3 │
├───┤       │   │       │   │   │                       │   │
│ . │ .   . │ . │ .   . │ . │ . │ .   .   .   18  .   . │ . │
│   │       │   │       ├───┴───┤                       │   │
│ 2 │ .   . │ 3 │ .   . │ .   2 │ .   .   .   .   .   . │ . │
├───┤       ├───┤       ├───────┴───────┬───┬───┬───────┴───┤
│ 2 │ .   . │ 2 │ 18  . │ 4   .   .   . │ . │ 4 │ .   .   . │
│   │       │   │       ├───────┬───────┤   │   │           │
│ . │ 14  . │ . │ .   . │ .   2 │ .   . │ . │ . │ .   .   . │
├───┴───────┼───┴───────┴───────┤       │   │   │           │
│ .   .   3 │ .   .   .   5   . │ .   4 │ 3 │ . │ .   .   . │
├───────────┴───┬───────────────┼───────┴───┤   │           │
│ .   .   8   . │ .   .   .   8 │ .   3   . │ . │ .   15  . │
│               │               ├───────┬───┴───┤           │
│ .   .   .   . │ .   .   .   . │ 2   . │ 2   . │ .   .   . │
└───────────────┴───────────────┴───────┴───────┴───────────┘

Finished p(3,3)
end-- p(3,3)
