begin-- p(4,5)
Timeout is 600
Starting p(4,5)
% 2,034,146 inferences, 0.200 CPU in 0.200 seconds (100% CPU, 10185394 Lips)
Maybes generated. CHR takes over now.
% Started at Thu Jul 28 14:33:39 2016
% 366.248 seconds cpu time for 2,603,954,092 inferences
% 8,655 atoms, 5,491 functors, 4,730 predicates, 69 modules, 399,271 VM-codes
% 
%                        Limit    Allocated       In use
% Local  stack:    268,435,456      126,976       35,368 Bytes
% Global stack:    268,435,456    1,044,464      741,016 Bytes
% Trail  stack:    268,435,456      260,088       14,048 Bytes
% 
% 6 garbage collections gained 882,160 bytes in 0.005 seconds.
% Stack shifts: 2 local, 4 global, 3 trail in 0.000 seconds
% 1 threads, 0 finished threads used 0.000 seconds
┌───┬───────────┬───┬───────────────────────────────────┬───────┬───────────────┐
│ . │ .   6   . │ 2 │ .   .   .   .   .   .   .   18  . │ 2   . │ 4   .   .   . │
│   │           │   │                                   ├───────┼───────────────┤
│ 2 │ .   .   . │ . │ .   .   .   .   .   .   .   .   . │ 2   . │ .   .   .   . │
├───┴───────────┴───┴───┬───────────┬───────┬───────────┴───────┤               │
│ .   .   .   .   .   . │ .   .   . │ .   2 │ .   .   .   .   . │ .   .   .   . │
│                       │           ├───────┤                   │               │
│ .   .   .   .   .   . │ .   .   . │ .   . │ .   .   .   .   . │ .   16  .   . │
│                       │           │       │                   │               │
│ .   .   .   .   .   30│ .   .   48│ .   . │ .   .   .   .   15│ .   .   .   . │
│                       │           │       ├───────────────────┴───────────┬───┤
│ .   .   .   .   .   . │ .   .   . │ .   . │ .   .   .   .   .   .   .   . │ . │
│                       │           │       │                               │   │
│ .   .   .   .   .   . │ .   .   . │ .   . │ .   .   .   .   .   .   .   . │ . │
├───┬───────────────┬───┤           │       │                               │   │
│ . │ .   8   .   . │ . │ .   .   . │ .   . │ .   .   .   .   .   .   .   . │ 4 │
│   │               │   │           │       │                               │   │
│ . │ .   .   .   . │ 2 │ .   .   . │ .   . │ 48  .   .   .   .   .   .   . │ . │
│   ├───────────┬───┴───┤           │       │                               ├───┤
│ . │ .   3   . │ .   2 │ .   .   . │ .   . │ .   .   .   .   .   .   .   . │ 2 │
│   ├───┬───────┴───────┤           │       │                               │   │
│ . │ . │ .   .   .   . │ .   .   . │ .   28│ .   .   .   .   .   .   .   . │ . │
│   │   │               │           │       ├───────────────────┬───┬───────┼───┤
│ . │ . │ .   36  .   . │ .   .   . │ .   . │ .   45  .   .   . │ . │ .   2 │ . │
│   │   │               │           │       │                   │   ├───────┤   │
│ . │ . │ .   .   .   . │ .   .   . │ .   . │ .   .   .   .   . │ . │ .   2 │ . │
│   │   │               │           │       │                   │   ├───┬───┤   │
│ . │ . │ .   .   .   . │ .   .   . │ .   . │ .   .   .   .   . │ . │ . │ 4 │ . │
│   │   │               │           │       │                   │   │   │   │   │
│ . │ . │ .   .   .   . │ .   .   . │ .   . │ .   .   .   .   . │ . │ . │ . │ . │
│   │   │               │           │       │                   │   │   │   │   │
│ 10│ 10│ .   .   .   . │ .   .   . │ .   . │ .   .   .   .   . │ . │ . │ . │ 6 │
│   │   │               │           │       │                   │   │   │   │   │
│ . │ . │ .   .   .   . │ .   .   . │ .   . │ .   .   .   .   . │ . │ . │ . │ . │
├───┤   │               │           ├───────┤                   │   │   ├───┴───┤
│ 3 │ . │ .   .   .   . │ .   .   . │ .   6 │ .   .   .   .   . │ . │ 5 │ .   6 │
│   │   │               ├───┬───────┤       │                   │   ├───┤       │
│ . │ . │ .   .   .   . │ 2 │ 2   . │ .   . │ .   .   .   .   . │ . │ . │ .   . │
│   │   ├───────────────┤   ├───────┤       │                   │   │   │       │
│ . │ . │ .   .   4   . │ . │ 2   . │ .   . │ .   .   .   .   . │ 9 │ 2 │ .   . │
└───┴───┴───────────────┴───┴───────┴───────┴───────────────────┴───┴───┴───────┘

Finished p(4,5)
end-- p(4,5)
