begin-- p(2,2)
Timeout is 600
Starting p(2,2)
% 59,613 inferences, 0.007 CPU in 0.007 seconds (100% CPU, 8135481 Lips)
Maybes generated. CHR takes over now.
% Started at Thu Jul 28 14:14:21 2016
% 0.726 seconds cpu time for 3,834,942 inferences
% 8,655 atoms, 5,491 functors, 4,730 predicates, 69 modules, 399,271 VM-codes
% 
%                        Limit    Allocated       In use
% Local  stack:    268,435,456      126,976       16,216 Bytes
% Global stack:    268,435,456    1,044,464      661,168 Bytes
% Trail  stack:    268,435,456      260,088        8,512 Bytes
% 
% 6 garbage collections gained 882,160 bytes in 0.003 seconds.
% Stack shifts: 2 local, 4 global, 3 trail in 0.000 seconds
% 1 threads, 0 finished threads used 0.000 seconds
┌───┬───────────┬───────────┬───────┬───┐
│ . │ 3   .   . │ .   .   3 │ 2   . │ . │
│   ├───────────┴───────────┴───┬───┤   │
│ 2 │ 7   .   .   .   .   .   . │ . │ 2 │
├───┴───┬───────────────────────┤   ├───┤
│ 2   . │ .   .   6   .   .   . │ . │ . │
├───────┴───────┬───────┬───────┤   │   │
│ 4   .   .   . │ .   2 │ 2   . │ 4 │ 3 │
├───────┬───┬───┴───┬───┼───────┤   │   │
│ .   2 │ 2 │ .   12│ . │ 2   . │ . │ . │
├───────┤   │       │   ├───────┴───┼───┤
│ .   2 │ . │ .   . │ . │ .   .   . │ . │
├───────┴───┤       │   │           │   │
│ .   .   . │ .   . │ . │ .   6   . │ 2 │
│           │       │   ├───────────┴───┤
│ .   .   . │ .   . │ 5 │ 8   .   .   . │
│           │       │   │               │
│ .   .   . │ .   . │ . │ .   .   .   . │
│           │       ├───┴───┬───────────┤
│ .   12  . │ .   . │ 2   . │ 3   .   . │
└───────────┴───────┴───────┴───────────┘

Finished p(2,2)
end-- p(2,2)
