begin-- p(0,4)
Timeout is 600
Starting p(0,4)
% 4,900 inferences, 0.001 CPU in 0.001 seconds (100% CPU, 5640677 Lips)
Maybes generated. CHR takes over now.
% Started at Thu Jul 28 14:14:15 2016
% 0.717 seconds cpu time for 3,686,949 inferences
% 8,655 atoms, 5,491 functors, 4,730 predicates, 69 modules, 399,271 VM-codes
% 
%                        Limit    Allocated       In use
% Local  stack:    268,435,456      126,976        2,088 Bytes
% Global stack:    268,435,456    1,044,464      609,272 Bytes
% Trail  stack:    268,435,456      260,088        3,264 Bytes
% 
% 6 garbage collections gained 882,160 bytes in 0.004 seconds.
% Stack shifts: 2 local, 4 global, 3 trail in 0.000 seconds
% 1 threads, 0 finished threads used 0.000 seconds
┌───────────────┬───┐
│ .   4   .   . │ 2 │
├───┬───────────┤   │
│ . │ .   3   . │ . │
│   ├───────────┴───┤
│ 2 │ 4   .   .   . │
├───┴───┬───────────┤
│ .   2 │ 3   .   . │
├───────┴───┬───────┤
│ 3   .   . │ 2   . │
└───────────┴───────┘

Finished p(0,4)
end-- p(0,4)
