begin-- p(0,2)
Timeout is 90
Starting p(0,2)
% 5,066 inferences, 0.001 CPU in 0.001 seconds (100% CPU, 5775075 Lips)
Maybes generated. CHR takes over now.
% Started at Sat Jul 30 14:23:32 2016
% 0.741 seconds cpu time for 3,695,245 inferences
% 8,655 atoms, 5,491 functors, 4,730 predicates, 69 modules, 399,737 VM-codes
% 
%                        Limit    Allocated       In use
% Local  stack:    268,435,456      126,976        1,584 Bytes
% Global stack:    268,435,456    1,044,464      660,824 Bytes
% Trail  stack:    268,435,456      260,088        3,152 Bytes
% 
% 6 garbage collections gained 882,160 bytes in 0.004 seconds.
% Stack shifts: 2 local, 4 global, 3 trail in 0.000 seconds
% 1 threads, 0 finished threads used 0.000 seconds
┌───┬───┬───┬───┬───┐
│ 2 │ 2 │ 2 │ 2 │ 2 │
│   │   │   │   │   │
│ . │ . │ . │ . │ . │
├───┴───┴───┼───┴───┤
│ 3   .   . │ .   2 │
├───────┬───┴───────┤
│ 2   . │ 3   .   . │
├───────┼───────────┤
│ 2   . │ .   3   . │
└───────┴───────────┘

Finished p(0,2)
end-- p(0,2)
