begin-- helmut
Timeout is 90
Starting helmut
% 71,284 inferences, 0.008 CPU in 0.008 seconds (100% CPU, 8900925 Lips)
Maybes generated. CHR takes over now.
% Started at Sat Jul 30 14:23:31 2016
% 0.705 seconds cpu time for 3,762,518 inferences
% 8,655 atoms, 5,491 functors, 4,730 predicates, 69 modules, 399,737 VM-codes
% 
%                        Limit    Allocated       In use
% Local  stack:    268,435,456      126,976        4,248 Bytes
% Global stack:    268,435,456    1,044,464      699,496 Bytes
% Trail  stack:    268,435,456      260,088        6,224 Bytes
% 
% 6 garbage collections gained 882,160 bytes in 0.003 seconds.
% Stack shifts: 2 local, 4 global, 3 trail in 0.000 seconds
% 1 threads, 0 finished threads used 0.000 seconds
┌───────────┬───────────────┬───┬───────┐
│ 9   .   . │ .   12  .   . │ 5 │ .   . │
│           │               │   │       │
│ .   .   . │ .   .   .   . │ . │ .   . │
│           │               │   │       │
│ .   .   . │ .   .   .   . │ . │ .   6 │
├───────┬───┼───────────────┤   ├───────┤
│ 8   . │ 6 │ .   8   .   . │ . │ .   . │
│       │   │               │   │       │
│ .   . │ . │ .   .   .   . │ . │ .   . │
│       │   ├───────────┬───┴───┤       │
│ .   . │ . │ .   .   . │ .   . │ .   . │
│       │   │           │       │       │
│ .   . │ . │ .   .   6 │ .   8 │ .   12│
├───────┤   ├───────────┤       │       │
│ 4   . │ . │ .   .   . │ .   . │ .   . │
│       │   │           │       │       │
│ .   . │ . │ .   .   . │ .   . │ .   . │
├───────┴───┤           ├───────┴───────┤
│ .   .   3 │ .   .   9 │ .   .   .   4 │
└───────────┴───────────┴───────────────┘

Finished helmut
end-- helmut
