begin-- p(2,3)
Timeout is 90
Starting p(2,3)
% 66,856 inferences, 0.008 CPU in 0.008 seconds (100% CPU, 8421600 Lips)
Maybes generated. CHR takes over now.
% Started at Sat Jul 30 14:23:40 2016
% 0.712 seconds cpu time for 3,757,035 inferences
% 8,655 atoms, 5,491 functors, 4,730 predicates, 69 modules, 399,737 VM-codes
% 
%                        Limit    Allocated       In use
% Local  stack:    268,435,456      126,976        1,584 Bytes
% Global stack:    268,435,456    1,044,464      711,552 Bytes
% Trail  stack:    268,435,456      260,088        8,224 Bytes
% 
% 6 garbage collections gained 882,160 bytes in 0.003 seconds.
% Stack shifts: 2 local, 4 global, 3 trail in 0.000 seconds
% 1 threads, 0 finished threads used 0.000 seconds
┌───┬───────────────┬───────────────┬───┐
│ . │ .   4   .   . │ .   .   .   . │ . │
│   ├───────────────┤               │   │
│ . │ .   .   .   . │ .   .   .   . │ . │
│   │               │               │   │
│ 4 │ .   .   .   . │ 16  .   .   . │ 3 │
│   │               │               ├───┤
│ . │ .   .   12  . │ .   .   .   . │ . │
├───┼───────────┬───┴───────────┬───┤   │
│ 4 │ .   .   . │ 4   .   .   . │ . │ . │
│   │           ├───┬───┬───────┤   │   │
│ . │ .   15  . │ 4 │ 2 │ .   . │ . │ 3 │
│   │           │   │   │       │   ├───┤
│ . │ .   .   . │ . │ . │ .   . │ 4 │ 2 │
│   │           │   ├───┤       │   │   │
│ . │ .   .   . │ . │ . │ 8   . │ . │ . │
├───┤           │   │   │       ├───┴───┤
│ 2 │ .   .   . │ . │ 2 │ .   . │ 2   . │
│   ├───────────┼───┴───┴───────┴───────┤
│ . │ .   .   3 │ .   .   6   .   .   . │
└───┴───────────┴───────────────────────┘

Finished p(2,3)
end-- p(2,3)
