begin-- p(1,5)
Timeout is 90
Starting p(1,5)
% 20,937 inferences, 0.003 CPU in 0.003 seconds (100% CPU, 7781834 Lips)
Maybes generated. CHR takes over now.
% Started at Sat Jul 30 14:23:38 2016
% 0.720 seconds cpu time for 3,711,116 inferences
% 8,655 atoms, 5,491 functors, 4,730 predicates, 69 modules, 399,737 VM-codes
% 
%                        Limit    Allocated       In use
% Local  stack:    268,435,456      126,976        1,584 Bytes
% Global stack:    268,435,456    1,044,464      678,208 Bytes
% Trail  stack:    268,435,456      260,088        5,152 Bytes
% 
% 6 garbage collections gained 882,160 bytes in 0.003 seconds.
% Stack shifts: 2 local, 4 global, 3 trail in 0.000 seconds
% 1 threads, 0 finished threads used 0.000 seconds
┌───┬───────────────┬───────┐
│ 2 │ .   .   .   4 │ .   . │
│   ├───────────────┤       │
│ . │ .   .   .   4 │ 4   . │
├───┴───────────┬───┴───────┤
│ .   .   .   4 │ .   3   . │
├───────────────┴───┬───────┤
│ .   .   .   .   5 │ .   . │
├───┬───────┬───────┤       │
│ . │ 2   . │ 2   . │ .   . │
│   ├───────┴───────┤       │
│ . │ .   .   .   4 │ 6   . │
│   ├───────────────┴───────┤
│ 3 │ .   .   6   .   .   . │
└───┴───────────────────────┘

Finished p(1,5)
end-- p(1,5)
