begin-- p(3,4)
Timeout is 90
Starting p(3,4)
% 569,815 inferences, 0.055 CPU in 0.055 seconds (100% CPU, 10324128 Lips)
Maybes generated. CHR takes over now.
% Started at Sat Jul 30 14:24:00 2016
% 0.793 seconds cpu time for 4,617,618 inferences
% 8,655 atoms, 5,491 functors, 4,730 predicates, 69 modules, 399,737 VM-codes
% 
%                        Limit    Allocated       In use
% Local  stack:    268,435,456      126,976       23,976 Bytes
% Global stack:    268,435,456    1,044,464      752,088 Bytes
% Trail  stack:    268,435,456      260,088       11,936 Bytes
% 
% 6 garbage collections gained 882,160 bytes in 0.003 seconds.
% Stack shifts: 2 local, 4 global, 3 trail in 0.000 seconds
% 1 threads, 0 finished threads used 0.000 seconds
┌───────┬───┬───┬───────────────┬───────┬───┬───┬───────────┐
│ .   . │ . │ . │ .   .   .   . │ 4   . │ 2 │ 3 │ .   3   . │
│       │   │   │               │       │   │   ├───────┬───┤
│ .   4 │ 2 │ 2 │ .   .   .   12│ .   . │ . │ . │ .   . │ . │
├───┬───┴───┴───┤               ├───────┴───┤   │       │   │
│ . │ 3   .   . │ .   .   .   . │ .   3   . │ . │ .   . │ . │
│   ├───────────┴───────────────┴───────────┴───┤       │   │
│ 2 │ .   .   .   .   .   .   .   .   11  .   . │ .   . │ . │
├───┴───────┬───────────────────────┬───────────┤       │   │
│ .   .   . │ .   .   .   .   .   . │ .   .   . │ .   . │ 7 │
│           │                       │           │       │   │
│ .   .   . │ .   .   .   .   .   . │ .   .   . │ .   . │ . │
│           │                       │           │       │   │
│ .   .   . │ .   .   .   .   36  . │ .   .   . │ .   . │ . │
│           │                       │           │       │   │
│ .   .   . │ .   .   .   .   .   . │ .   .   24│ .   . │ . │
│           │                       │           │       ├───┤
│ .   .   27│ .   .   .   .   .   . │ .   .   . │ 24  . │ 7 │
│           │                       │           │       │   │
│ .   .   . │ .   .   .   .   .   . │ .   .   . │ .   . │ . │
│           ├───┬───────────┬───────┤           │       │   │
│ .   .   . │ 3 │ .   .   . │ 2   . │ .   .   . │ .   . │ . │
│           │   │           ├───────┤           │       │   │
│ .   .   . │ . │ .   .   6 │ 2   . │ .   .   . │ .   . │ . │
│           │   ├───────────┼───┬───┼───────────┤       │   │
│ .   .   . │ . │ .   .   3 │ 2 │ . │ 3   .   . │ .   . │ . │
├───────────┴───┴───────────┤   │   ├───┬───┬───┴───────┤   │
│ .   .   .   7   .   .   . │ . │ 3 │ 2 │ 2 │ 6   .   . │ . │
├───────────────────────────┴───┤   │   │   │           │   │
│ .   .   .   .   .   8   .   . │ . │ . │ . │ .   .   . │ . │
└───────────────────────────────┴───┴───┴───┴───────────┴───┘

Finished p(3,4)
end-- p(3,4)
