begin-- p(0,4)
Timeout is 90
Starting p(0,4)
% 5,732 inferences, 0.001 CPU in 0.001 seconds (100% CPU, 6784275 Lips)
Maybes generated. CHR takes over now.
% Started at Sat Jul 30 14:23:33 2016
% 0.746 seconds cpu time for 3,695,911 inferences
% 8,655 atoms, 5,491 functors, 4,730 predicates, 69 modules, 399,737 VM-codes
% 
%                        Limit    Allocated       In use
% Local  stack:    268,435,456      126,976        1,584 Bytes
% Global stack:    268,435,456    1,044,464      662,472 Bytes
% Trail  stack:    268,435,456      260,088        3,408 Bytes
% 
% 6 garbage collections gained 882,160 bytes in 0.004 seconds.
% Stack shifts: 2 local, 4 global, 3 trail in 0.000 seconds
% 1 threads, 0 finished threads used 0.000 seconds
┌───────────────┬───┐
│ .   4   .   . │ 2 │
├───┬───────────┤   │
│ . │ .   3   . │ . │
│   ├───────────┴───┤
│ 2 │ 4   .   .   . │
├───┴───┬───────────┤
│ .   2 │ 3   .   . │
├───────┴───┬───────┤
│ 3   .   . │ 2   . │
└───────────┴───────┘

Finished p(0,4)
end-- p(0,4)
