begin-- p(1,4)
Timeout is 90
Starting p(1,4)
% 20,737 inferences, 0.003 CPU in 0.003 seconds (97% CPU, 7591402 Lips)
Maybes generated. CHR takes over now.
% Started at Sat Jul 30 14:23:37 2016
% 0.738 seconds cpu time for 3,713,226 inferences
% 8,655 atoms, 5,491 functors, 4,730 predicates, 69 modules, 399,737 VM-codes
% 
%                        Limit    Allocated       In use
% Local  stack:    268,435,456      126,976        4,968 Bytes
% Global stack:    268,435,456    1,044,464      671,800 Bytes
% Trail  stack:    268,435,456      260,088        4,448 Bytes
% 
% 6 garbage collections gained 882,160 bytes in 0.003 seconds.
% Stack shifts: 2 local, 4 global, 3 trail in 0.000 seconds
% 1 threads, 0 finished threads used 0.000 seconds
┌───────┬───────┬───────┬───┐
│ .   2 │ 2   . │ .   2 │ 2 │
├───────┼───────┴───────┤   │
│ .   2 │ 4   .   .   . │ . │
├───────┴───┬───────────┴───┤
│ .   .   3 │ 4   .   .   . │
├───────────┴───────┬───────┤
│ .   .   5   .   . │ .   . │
├───────────┬───────┤       │
│ 3   .   . │ 2   . │ .   . │
├───────────┴───┬───┤       │
│ .   .   .   8 │ 2 │ 8   . │
│               │   │       │
│ .   .   .   . │ . │ .   . │
└───────────────┴───┴───────┘

Finished p(1,4)
end-- p(1,4)
