begin-- p(0,5)
Timeout is 90
Starting p(0,5)
% 3,861 inferences, 0.001 CPU in 0.001 seconds (100% CPU, 6192104 Lips)
Maybes generated. CHR takes over now.
% Started at Sat Jul 30 14:23:34 2016
% 0.718 seconds cpu time for 3,695,754 inferences
% 8,655 atoms, 5,491 functors, 4,730 predicates, 69 modules, 399,737 VM-codes
% 
%                        Limit    Allocated       In use
% Local  stack:    268,435,456      126,976        7,896 Bytes
% Global stack:    268,435,456    1,044,464      661,400 Bytes
% Trail  stack:    268,435,456      260,088        3,312 Bytes
% 
% 6 garbage collections gained 882,160 bytes in 0.003 seconds.
% Stack shifts: 2 local, 4 global, 3 trail in 0.000 seconds
% 1 threads, 0 finished threads used 0.000 seconds
┌───────┬───────┬───┐
│ .   2 │ 2   . │ . │
├───────┴───────┤   │
│ .   4   .   . │ . │
├───┬───────────┤   │
│ 2 │ .   .   3 │ 3 │
│   ├───────────┼───┤
│ . │ .   .   3 │ . │
├───┴───────────┤   │
│ 4   .   .   . │ 2 │
└───────────────┴───┘

Finished p(0,5)
end-- p(0,5)
