begin-- p(2,5)
Timeout is 90
Starting p(2,5)
% 67,784 inferences, 0.008 CPU in 0.008 seconds (100% CPU, 8528990 Lips)
Maybes generated. CHR takes over now.
% Started at Sat Jul 30 14:23:42 2016
% 0.752 seconds cpu time for 3,757,963 inferences
% 8,655 atoms, 5,491 functors, 4,730 predicates, 69 modules, 399,737 VM-codes
% 
%                        Limit    Allocated       In use
% Local  stack:    268,435,456      126,976        1,584 Bytes
% Global stack:    268,435,456    1,044,464      718,784 Bytes
% Trail  stack:    268,435,456      260,088        8,992 Bytes
% 
% 6 garbage collections gained 882,160 bytes in 0.003 seconds.
% Stack shifts: 2 local, 4 global, 3 trail in 0.000 seconds
% 1 threads, 0 finished threads used 0.000 seconds
┌───┬───────────────────┬───────────┬───┐
│ 2 │ .   .   .   5   . │ 3   .   . │ . │
│   ├───────┬───────────┴───────────┤   │
│ . │ .   6 │ .   .   12  .   .   . │ 3 │
├───┤       │                       │   │
│ . │ .   . │ .   .   .   .   .   . │ . │
│   │       ├───┬───────────┬───────┴───┤
│ 4 │ .   . │ 2 │ .   12  . │ 3   .   . │
│   ├───────┤   │           ├───┬───┬───┤
│ . │ .   . │ . │ .   .   . │ 4 │ 2 │ 6 │
│   │       ├───┤           │   │   │   │
│ . │ .   4 │ . │ .   .   . │ . │ . │ . │
├───┴───────┤   │           │   ├───┤   │
│ .   .   . │ 2 │ .   .   . │ . │ 4 │ . │
│           ├───┴───────────┤   │   │   │
│ .   .   . │ .   .   .   4 │ . │ . │ . │
│           ├───────────────┴───┤   │   │
│ .   .   . │ 10  .   .   .   . │ . │ . │
│           │                   │   │   │
│ .   .   12│ .   .   .   .   . │ . │ . │
└───────────┴───────────────────┴───┴───┘

Finished p(2,5)
end-- p(2,5)
