begin-- p(3,2)
Timeout is 90
Starting p(3,2)
% 649,110 inferences, 0.061 CPU in 0.061 seconds (100% CPU, 10595569 Lips)
Maybes generated. CHR takes over now.
% Started at Sat Jul 30 14:23:58 2016
% 0.807 seconds cpu time for 4,340,202 inferences
% 8,655 atoms, 5,491 functors, 4,730 predicates, 69 modules, 399,737 VM-codes
% 
%                        Limit    Allocated       In use
% Local  stack:    268,435,456      126,976        2,808 Bytes
% Global stack:    268,435,456    1,044,464      749,568 Bytes
% Trail  stack:    268,435,456      260,088       11,712 Bytes
% 
% 6 garbage collections gained 882,160 bytes in 0.003 seconds.
% Stack shifts: 2 local, 4 global, 3 trail in 0.000 seconds
% 1 threads, 0 finished threads used 0.000 seconds
┌───┬───────────────┬───┬───────────────────────┬───┬───────┐
│ . │ .   .   4   . │ . │ .   .   .   .   30  . │ . │ .   . │
│   ├───────────────┤   │                       │   │       │
│ . │ .   .   .   . │ . │ .   .   .   .   .   . │ . │ .   . │
│   │               │   │                       │   │       │
│ . │ .   .   .   . │ 4 │ .   .   .   .   .   . │ 5 │ .   . │
│   │               │   │                       │   │       │
│ . │ .   .   .   . │ . │ .   .   .   .   .   . │ . │ .   . │
│   │               ├───┤                       │   │       │
│ . │ .   .   24  . │ 2 │ .   .   .   .   .   . │ . │ .   . │
│   │               │   ├───────────────────┬───┼───┤       │
│ . │ .   .   .   . │ . │ .   .   .   25  . │ . │ . │ .   . │
│   │               ├───┤                   │   │   │       │
│ 7 │ .   .   .   . │ . │ .   .   .   .   . │ . │ . │ .   . │
├───┴───┬───────────┤   │                   │   │   │       │
│ 2   . │ 3   .   . │ 2 │ .   .   .   .   . │ . │ . │ .   . │
├───┬───┼───┬───────┴───┤                   │   │   │       │
│ 5 │ . │ . │ 6   .   . │ .   .   .   .   . │ 5 │ 5 │ .   . │
│   │   │   │           │                   │   │   │       │
│ . │ 2 │ 2 │ .   .   . │ .   .   .   .   . │ . │ . │ .   . │
│   ├───┴───┴───────────┴───────┬───┬───┬───┴───┴───┤       │
│ . │ .   .   .   .   .   .   . │ 5 │ . │ .   .   . │ .   . │
│   │                           │   │   │           │       │
│ . │ .   .   .   .   .   .   . │ . │ 2 │ .   .   . │ 28  . │
│   │                           │   ├───┤           │       │
│ . │ .   .   .   .   .   .   . │ . │ . │ .   15  . │ .   . │
├───┤                           │   │   │           │       │
│ 2 │ .   .   .   28  .   .   . │ . │ 3 │ .   .   . │ .   . │
│   ├───────────┬───────┬───────┤   │   │           ├───────┤
│ . │ .   3   . │ 2   . │ 2   . │ . │ . │ .   .   . │ 2   . │
└───┴───────────┴───────┴───────┴───┴───┴───────────┴───────┘

Finished p(3,2)
end-- p(3,2)
