begin-- p(4,4)
Timeout is 90
Starting p(4,4)
% 2,445,048 inferences, 0.277 CPU in 0.280 seconds (99% CPU, 8833552 Lips)
Maybes generated. CHR takes over now.
% Started at Sat Jul 30 14:27:30 2016
% 1.091 seconds cpu time for 6,821,473 inferences
% 8,655 atoms, 5,491 functors, 4,730 predicates, 69 modules, 399,737 VM-codes
% 
%                        Limit    Allocated       In use
% Local  stack:    268,435,456      126,976       29,312 Bytes
% Global stack:    268,435,456    1,044,464      834,560 Bytes
% Trail  stack:    268,435,456      260,088       19,552 Bytes
% 
% 6 garbage collections gained 882,160 bytes in 0.003 seconds.
% Stack shifts: 2 local, 4 global, 3 trail in 0.000 seconds
% 1 threads, 0 finished threads used 0.000 seconds
┌───────────────────────────────────────┬───┬───────────────────┬───────────────┐
│ .   .   10  .   .   .   .   .   .   . │ . │ .   5   .   .   . │ .   .   .   36│
├───────────────────────────────────────┤   ├───────────────┬───┤               │
│ .   .   .   10  .   .   .   .   .   . │ 2 │ .   .   4   . │ . │ .   .   .   . │
├───────────────────────────────────────┴───┴───┬───────┬───┤   │               │
│ .   .   .   .   .   .   .   .   .   .   .   . │ .   . │ 4 │ . │ .   .   .   . │
│                                               │       │   │   │               │
│ .   .   .   .   .   .   .   .   .   .   .   . │ .   4 │ . │ . │ .   .   .   . │
│                                               ├───────┤   │   │               │
│ .   .   .   .   .   .   36  .   .   .   .   . │ .   2 │ . │ . │ .   .   .   . │
├───┬───────┬───────────────────────────────────┴───────┤   │   │               │
│ . │ 2   . │ .   .   .   .   .   .   .   11  .   .   . │ . │ 5 │ .   .   .   . │
│   ├───────┴───────────────────────────────────────────┴───┼───┤               │
│ . │ .   .   .   14  .   .   .   .   .   .   .   .   .   . │ 2 │ .   .   .   . │
│   ├───────┬───────────────────────┬───────────┬───────────┤   │               │
│ 4 │ .   2 │ .   .   .   .   .   6 │ 3   .   . │ .   .   3 │ . │ .   .   .   . │
│   ├───────┴───────────────────────┴───────────┴───┬───────┴───┤               │
│ . │ .   .   .   .   .   .   .   .   12  .   .   . │ 3   .   . │ .   .   .   . │
├───┴───────────────────────────────────────────────┼───────┬───┴───────────────┤
│ .   .   .   .   .   .   .   .   .   .   .   .   13│ 2   . │ .   5   .   .   . │
├───────────────────┬───────┬───────────────────────┴───────┴───────────────────┤
│ .   .   .   .   5 │ 2   . │ .   .   .   .   .   13  .   .   .   .   .   .   . │
├───────────────────┴───────┴───────┬───────────────────────────────┬───────────┤
│ .   .   .   .   .   .   .   .   . │ .   .   8   .   .   .   .   . │ .   3   . │
│                                   ├───┬───┬───────────────────────┴───────────┤
│ .   .   .   .   .   .   .   .   . │ . │ . │ .   .   .   .   .   .   .   .   . │
│                                   │   │   │                                   │
│ .   .   .   .   .   54  .   .   . │ . │ . │ .   .   .   .   .   .   .   .   . │
│                                   │   │   │                                   │
│ .   .   .   .   .   .   .   .   . │ . │ . │ .   .   .   .   45  .   .   .   . │
│                                   │   │   │                                   │
│ .   .   .   .   .   .   .   .   . │ . │ . │ .   .   .   .   .   .   .   .   . │
│                                   │   │   │                                   │
│ .   .   .   .   .   .   .   .   . │ 7 │ 5 │ .   .   .   .   .   .   .   .   . │
├───┬───┬───────────────────────────┤   ├───┴───────────────────────────────┬───┤
│ . │ . │ .   7   .   .   .   .   . │ . │ .   .   .   .   .   .   18  .   . │ 3 │
│   │   ├───────────────────┬───────┤   │                                   │   │
│ 2 │ 2 │ .   5   .   .   . │ 2   . │ . │ .   .   .   .   .   .   .   .   . │ . │
├───┴───┴───────────────────┴───────┴───┴───────────────────────────────────┤   │
│ .   .   .   .   .   .   .   .   .   .   .   .   .   .   .   .   19  .   . │ . │
└───────────────────────────────────────────────────────────────────────────┴───┘

Finished p(4,4)
end-- p(4,4)
