begin-- tiny
Timeout is 90
Starting tiny
% 952 inferences, 0.000 CPU in 0.000 seconds (100% CPU, 4573669 Lips)
Maybes generated. CHR takes over now.
% Started at Sat Jul 30 14:23:30 2016
% 0.772 seconds cpu time for 3,691,131 inferences
% 8,655 atoms, 5,491 functors, 4,730 predicates, 69 modules, 399,737 VM-codes
% 
%                        Limit    Allocated       In use
% Local  stack:    268,435,456      126,976        1,584 Bytes
% Global stack:    268,435,456    1,044,464      642,704 Bytes
% Trail  stack:    268,435,456      260,088        1,136 Bytes
% 
% 6 garbage collections gained 882,160 bytes in 0.003 seconds.
% Stack shifts: 2 local, 4 global, 3 trail in 0.000 seconds
% 1 threads, 0 finished threads used 0.000 seconds
┌───────┬───┐
│ 4   . │ 2 │
│       │   │
│ .   . │ . │
├───────┴───┤
│ .   3   . │
└───────────┘

Finished tiny
end-- tiny
