begin-- p(1,1)
Timeout is 90
Starting p(1,1)
% 16,565 inferences, 0.003 CPU in 0.003 seconds (101% CPU, 5587237 Lips)
Maybes generated. CHR takes over now.
% Started at Sat Jul 30 14:23:35 2016
% 0.737 seconds cpu time for 3,706,744 inferences
% 8,655 atoms, 5,491 functors, 4,730 predicates, 69 modules, 399,737 VM-codes
% 
%                        Limit    Allocated       In use
% Local  stack:    268,435,456      126,976        1,584 Bytes
% Global stack:    268,435,456    1,044,464      680,184 Bytes
% Trail  stack:    268,435,456      260,088        5,264 Bytes
% 
% 6 garbage collections gained 882,160 bytes in 0.003 seconds.
% Stack shifts: 2 local, 4 global, 3 trail in 0.000 seconds
% 1 threads, 0 finished threads used 0.000 seconds
┌───────┬───┬───────┬───────┐
│ .   . │ . │ .   . │ .   . │
│       │   │       │       │
│ .   . │ . │ .   . │ 4   . │
│       │   │       ├───────┤
│ 6   . │ 3 │ .   6 │ .   2 │
├───────┴───┼───┬───┼───┬───┤
│ .   .   3 │ 2 │ . │ 2 │ 2 │
├───┬───────┤   │   │   │   │
│ 3 │ .   2 │ . │ . │ . │ . │
│   ├───┬───┴───┤   ├───┴───┤
│ . │ 2 │ 4   . │ 4 │ .   4 │
│   │   │       │   │       │
│ . │ . │ .   . │ . │ .   . │
└───┴───┴───────┴───┴───────┘

Finished p(1,1)
end-- p(1,1)
