begin-- p(3,5)
Timeout is 90
Starting p(3,5)
% 581,114 inferences, 0.057 CPU in 0.057 seconds (100% CPU, 10121227 Lips)
Maybes generated. CHR takes over now.
% Started at Sat Jul 30 14:24:01 2016
% 3.280 seconds cpu time for 24,577,359 inferences
% 8,655 atoms, 5,491 functors, 4,730 predicates, 69 modules, 399,737 VM-codes
% 
%                        Limit    Allocated       In use
% Local  stack:    268,435,456      126,976       21,296 Bytes
% Global stack:    268,435,456    1,044,464      777,744 Bytes
% Trail  stack:    268,435,456      260,088       13,968 Bytes
% 
% 6 garbage collections gained 882,160 bytes in 0.003 seconds.
% Stack shifts: 2 local, 4 global, 3 trail in 0.000 seconds
% 1 threads, 0 finished threads used 0.000 seconds
┌───────────────────────────────────┬───────┬───────┬───────┐
│ 9   .   .   .   .   .   .   .   . │ .   2 │ .   2 │ .   . │
├───────────────────────────────────┴───────┴───┬───┤       │
│ .   .   .   .   .   .   .   .   .   .   .   . │ . │ .   . │
│                                               │   │       │
│ .   .   .   .   .   .   36  .   .   .   .   . │ . │ .   . │
│                                               │   │       │
│ .   .   .   .   .   .   .   .   .   .   .   . │ 3 │ 16  . │
├───┬───────────────────────────────────────────┴───┤       │
│ . │ .   .   .   .   .   .   .   .   .   .   .   . │ .   . │
│   │                                               │       │
│ 2 │ .   .   .   .   .   24  .   .   .   .   .   . │ .   . │
├───┼───────────┬───────────────────────────────┬───┤       │
│ . │ .   .   3 │ .   8   .   .   .   .   .   . │ . │ .   . │
│   ├───┬───────┴───┬───────────────────────────┤   │       │
│ . │ 6 │ 3   .   . │ .   .   .   7   .   .   . │ . │ .   . │
│   │   ├───────────┴───────────────────────┬───┤   ├───┬───┤
│ . │ . │ .   .   .   .   9   .   .   .   . │ . │ . │ . │ 5 │
│   │   ├───┬───────────────────────────────┤   │   │   │   │
│ 5 │ . │ 2 │ .   .   .   .   .   .   .   16│ . │ . │ 5 │ . │
│   │   │   │                               │   │   │   │   │
│ . │ . │ . │ .   .   .   .   .   .   .   . │ . │ . │ . │ . │
├───┤   ├───┴───┬───────────┬───────────┬───┤   │   │   │   │
│ 2 │ . │ .   2 │ .   3   . │ .   .   6 │ 2 │ . │ . │ . │ . │
│   │   ├───────┴───┬───────┤           │   │   │   │   │   │
│ . │ . │ 3   .   . │ .   2 │ .   .   . │ . │ 5 │ 7 │ . │ . │
├───┼───┴───────────┴───────┴───────────┴───┴───┴───┴───┼───┤
│ 2 │ .   .   .   .   .   .   .   .   .   .   .   .   26│ 2 │
│   │                                                   │   │
│ . │ .   .   .   .   .   .   .   .   .   .   .   .   . │ . │
└───┴───────────────────────────────────────────────────┴───┘

Finished p(3,5)
end-- p(3,5)
