begin-- inkara2012
Timeout is 60
Starting inkara2012
bucket(1,[1-2,2-7,3-6,4-1,5-9,9-5,8-8,7-3,6-4])
bucket(2,[1-3,2-6,4-4,5-8,6-1,7-2,8-5,9-9,3-7])
bucket(7,[1-4,2-8,6-3,7-5,8-9,9-1,5-7,4-6,3-2])
bucket(5,[1-5,2-9,3-3,6-7,7-1,9-8,8-4,5-6,4-2])
bucket(3,[1-6,3-9,4-5,5-1,7-7,8-2,9-4,6-8,2-3])
bucket(6,[1-7,3-1,4-9,5-2,6-5,8-6,9-3,7-8,2-4])
bucket(4,[1-8,2-2,3-4,4-3,6-9,7-6,8-1,9-7,5-5])
bucket(9,[1-9,2-1,4-8,5-3,6-6,7-4,8-7,9-2,3-5])
bucket(8,[2-5,3-8,4-7,5-4,6-2,9-6,8-3,7-9,1-1])
can_start
% Started at Sun Jul 31 00:18:05 2016
% 49.664 seconds cpu time for 481,025,583 inferences
% 8,646 atoms, 5,519 functors, 4,761 predicates, 69 modules, 390,597 VM-codes
% 
%                        Limit    Allocated       In use
% Local  stack:    268,435,456      126,976       62,376 Bytes
% Global stack:    268,435,456    1,044,464      684,896 Bytes
% Trail  stack:    268,435,456      260,088       30,648 Bytes
% 
% 6 garbage collections gained 882,112 bytes in 0.003 seconds.
% Stack shifts: 2 local, 4 global, 3 trail in 0.000 seconds
% 1 threads, 0 finished threads used 0.000 seconds
end-- inkara2012
