begin-- tiny
Timeout is 90
Starting tiny
% 654 inferences, 0.000 CPU in 0.000 seconds (100% CPU, 4274314 Lips)
Maybes generated. CHR takes over now.
% Started at Sat Jul 30 14:38:50 2016
% 0.766 seconds cpu time for 3,683,024 inferences
% 8,650 atoms, 5,489 functors, 4,728 predicates, 69 modules, 399,290 VM-codes
% 
%                        Limit    Allocated       In use
% Local  stack:    268,435,456      126,976        2,992 Bytes
% Global stack:    268,435,456    1,044,464      588,640 Bytes
% Trail  stack:    268,435,456      260,088        1,128 Bytes
% 
% 6 garbage collections gained 882,160 bytes in 0.003 seconds.
% Stack shifts: 2 local, 4 global, 3 trail in 0.000 seconds
% 1 threads, 0 finished threads used 0.000 seconds
┌───────┬───┐
│ 4   . │ 2 │
│       │   │
│ .   . │ . │
├───────┴───┤
│ .   3   . │
└───────────┘

Finished tiny
end-- tiny
