begin-- p(4,5)
Timeout is 90
Starting p(4,5)
% 2,034,146 inferences, 0.188 CPU in 0.188 seconds (100% CPU, 10845905 Lips)
Maybes generated. CHR takes over now.
% Started at Sat Jul 30 14:39:15 2016
% 0.955 seconds cpu time for 5,764,105 inferences
% 8,650 atoms, 5,489 functors, 4,728 predicates, 69 modules, 399,290 VM-codes
% 
%                        Limit    Allocated       In use
% Local  stack:    268,435,456      126,976       48,240 Bytes
% Global stack:    268,435,456    1,044,464      778,552 Bytes
% Trail  stack:    268,435,456      260,088       18,440 Bytes
% 
% 6 garbage collections gained 882,160 bytes in 0.004 seconds.
% Stack shifts: 2 local, 4 global, 3 trail in 0.000 seconds
% 1 threads, 0 finished threads used 0.000 seconds
┌───┬───────────┬───┬───────────────────────────────────┬───────┬───────────────┐
│ . │ .   6   . │ 2 │ .   .   .   .   .   .   .   18  . │ 2   . │ 4   .   .   . │
│   │           │   │                                   ├───────┼───────────────┤
│ 2 │ .   .   . │ . │ .   .   .   .   .   .   .   .   . │ 2   . │ .   .   .   . │
├───┴───────────┴───┴───┬───────────┬───────┬───────────┴───────┤               │
│ .   .   .   .   .   . │ .   .   . │ .   2 │ .   .   .   .   . │ .   .   .   . │
│                       │           ├───────┤                   │               │
│ .   .   .   .   .   . │ .   .   . │ .   . │ .   .   .   .   . │ .   16  .   . │
│                       │           │       │                   │               │
│ .   .   .   .   .   30│ .   .   48│ .   . │ .   .   .   .   15│ .   .   .   . │
│                       │           │       ├───────────────────┴───────────┬───┤
│ .   .   .   .   .   . │ .   .   . │ .   . │ .   .   .   .   .   .   .   . │ . │
│                       │           │       │                               │   │
│ .   .   .   .   .   . │ .   .   . │ .   . │ .   .   .   .   .   .   .   . │ . │
├───┬───────────────┬───┤           │       │                               │   │
│ . │ .   8   .   . │ . │ .   .   . │ .   . │ .   .   .   .   .   .   .   . │ 4 │
│   │               │   │           │       │                               │   │
│ . │ .   .   .   . │ 2 │ .   .   . │ .   . │ 48  .   .   .   .   .   .   . │ . │
│   ├───────────┬───┴───┤           │       │                               ├───┤
│ . │ .   3   . │ .   2 │ .   .   . │ .   . │ .   .   .   .   .   .   .   . │ 2 │
│   ├───┬───────┴───────┤           │       │                               │   │
│ . │ . │ .   .   .   . │ .   .   . │ .   28│ .   .   .   .   .   .   .   . │ . │
│   │   │               │           │       ├───────────────────┬───┬───────┼───┤
│ . │ . │ .   36  .   . │ .   .   . │ .   . │ .   45  .   .   . │ . │ .   2 │ . │
│   │   │               │           │       │                   │   ├───────┤   │
│ . │ . │ .   .   .   . │ .   .   . │ .   . │ .   .   .   .   . │ . │ .   2 │ . │
│   │   │               │           │       │                   │   ├───┬───┤   │
│ . │ . │ .   .   .   . │ .   .   . │ .   . │ .   .   .   .   . │ . │ . │ 4 │ . │
│   │   │               │           │       │                   │   │   │   │   │
│ . │ . │ .   .   .   . │ .   .   . │ .   . │ .   .   .   .   . │ . │ . │ . │ . │
│   │   │               │           │       │                   │   │   │   │   │
│ 10│ 10│ .   .   .   . │ .   .   . │ .   . │ .   .   .   .   . │ . │ . │ . │ 6 │
│   │   │               │           │       │                   │   │   │   │   │
│ . │ . │ .   .   .   . │ .   .   . │ .   . │ .   .   .   .   . │ . │ . │ . │ . │
├───┤   │               │           ├───────┤                   │   │   ├───┴───┤
│ 3 │ . │ .   .   .   . │ .   .   . │ .   6 │ .   .   .   .   . │ . │ 5 │ .   6 │
│   │   │               ├───┬───────┤       │                   │   ├───┤       │
│ . │ . │ .   .   .   . │ 2 │ 2   . │ .   . │ .   .   .   .   . │ . │ . │ .   . │
│   │   ├───────────────┤   ├───────┤       │                   │   │   │       │
│ . │ . │ .   .   4   . │ . │ 2   . │ .   . │ .   .   .   .   . │ 9 │ 2 │ .   . │
└───┴───┴───────────────┴───┴───────┴───────┴───────────────────┴───┴───┴───────┘

Finished p(4,5)
end-- p(4,5)
