begin-- p(6,1)
Timeout is 90
Starting p(6,1)
% 38,123,959 inferences, 4.381 CPU in 4.395 seconds (100% CPU, 8702177 Lips)
Maybes generated. CHR takes over now.
% Started at Sat Jul 30 14:40:59 2016
% 56.215 seconds cpu time for 461,915,429 inferences
% 8,650 atoms, 5,489 functors, 4,728 predicates, 69 modules, 399,290 VM-codes
% 
%                        Limit    Allocated       In use
% Local  stack:    268,435,456      258,048      135,776 Bytes
% Global stack:    268,435,456    1,044,464      627,360 Bytes
% Trail  stack:    268,435,456      522,232       42,488 Bytes
% 
% 7 garbage collections gained 1,636,504 bytes in 0.004 seconds.
% Stack shifts: 3 local, 4 global, 4 trail in 0.000 seconds
% 1 threads, 0 finished threads used 0.000 seconds
┌───────────────┬───────────────────────────────────┬───────────────────────┬───────────────────────────────────────────┐
│ .   .   .   4 │ .   .   .   .   .   9   .   .   . │ .   .   .   .   .   . │ .   .   .   .   .   .   .   .   22  .   . │
├───────────────┴───────────────┬───┬───────┬───────┤                       │                                           │
│ .   .   .   .   .   .   .   . │ . │ .   . │ 6   . │ .   .   .   .   .   . │ .   .   .   .   .   .   .   .   .   .   . │
│                               │   │       │       │                       ├───────┬───┬───────┬───────┬───┬───────┬───┤
│ .   .   .   .   .   .   .   . │ . │ .   . │ .   . │ .   .   .   .   .   . │ .   . │ . │ 2   . │ .   2 │ . │ .   . │ . │
│                               │   │       │       │                       │       │   ├───┬───┴───────┤   │       │   │
│ .   .   .  104  .   .   .   . │ . │ .   . │ .   . │ .   .   .   24  .   . │ .   . │ . │ 2 │ .   .   . │ . │ 6   . │ 3 │
│                               │   │       ├───┬───┴───────────────┬───┬───┤       │   │   │           │   │       │   │
│ .   .   .   .   .   .   .   . │ . │ .   . │ 2 │ .   .   .   5   . │ 2 │ 2 │ .   . │ 3 │ . │ .   .   18│ . │ .   . │ . │
│                               │   │       │   ├───────┬───────┬───┤   │   │       ├───┼───┤           │   ├───┬───┴───┤
│ .   .   .   .   .   .   .   . │ . │ .   . │ . │ 2   . │ .   . │ . │ . │ . │ .   . │ 2 │ 2 │ .   .   . │ . │ 6 │ .   2 │
│                               │   │       ├───┴───┬───┤       │   ├───┴───┤       │   │   │           │   │   ├───────┤
│ .   .   .   .   .   .   .   . │ 6 │ .   26│ 2   . │ 7 │ .   16│ 8 │ .   . │ .   . │ . │ . │ .   .   . │ . │ . │ 6   . │
│                               ├───┤       ├───────┤   │       │   │       │       ├───┼───┤           │   │   │       │
│ .   .   .   .   .   .   .   . │ . │ .   . │ .   . │ . │ .   . │ . │ .   . │ .   . │ . │ . │ .   .   . │ 9 │ . │ .   . │
│                               │   │       │       │   │       │   │       │       │   │   │           │   │   │       │
│ .   .   .   .   .   .   .   . │ . │ .   . │ .   . │ . │ .   . │ . │ .   . │ 26  . │ . │ 2 │ .   .   . │ . │ . │ .   . │
│                               │   │       │       │   │       │   │       │       │   ├───┴───────────┤   │   ├───────┤
│ .   .   .   .   .   .   .   . │ 7 │ .   . │ .   . │ . │ .   . │ . │ .   . │ .   . │ . │ .  116  .   . │ . │ . │ .   . │
│                               │   │       │       │   │       │   │       │       │   │               │   │   │       │
│ .   .   .   .   .   .   .   . │ . │ .   . │ .   . │ . │ .   . │ . │ 10  . │ .   . │ . │ .   .   .   . │ . │ . │ .   . │
│                               │   │       │       │   │       │   ├───────┤       │   │               ├───┴───┤       │
│ .   .   .   .   .   .   .   . │ . │ .   . │ 14  . │ . │ .   . │ . │ 4   . │ .   . │ . │ .   .   .   . │ .   . │ .   . │
│                               │   │       │       │   │       │   │       │       │   │               │       │       │
│ .   .   .   .   .   .   .   . │ . │ .   . │ .   . │ . │ .   . │ . │ .   . │ .   . │ 6 │ .   .   .   . │ .   . │ .   . │
│                               │   │       │       ├───┴───┬───┴───┴───────┤       ├───┤               │       │       │
│ .   .   .   .   .   .   .   . │ . │ .   . │ .   . │ 2   . │ .   4   .   . │ .   . │ 12│ .   .   .   . │ 6   . │ .   24│
├───────────────────────────────┴───┴───────┴───────┴───────┴───────────────┤       │   │               ├───┬───┤       │
│ .   .   .   .   .   .   .   .   .   .   .   .   .   .   .   .   .   .   . │ .   . │ . │ .   .   .   . │ . │ . │ .   . │
│                                                                           ├───────┤   │               │   │   │       │
│ .   .   .   .   .   .   .   .   .   .   .   .   .   .   .   .   .   .   . │ .   4 │ . │ .   .   .   . │ . │ . │ .   . │
│                                                                           │       │   │               │   │   │       │
│ .   .   .   .   .   .   .   .   .   .   .   .   .   .   .   .   .   .   . │ .   . │ . │ .   .   .   . │ . │ . │ .   . │
│                                                                           ├───────┤   │               │   │   │       │
│ .   .   .   .   .   .   .   .   .   .   .   .   .   .   .   .   .   .   . │ .   . │ . │ .   .   .   . │ . │ . │ .   . │
│                                                                           │       │   │               │   │   │       │
│ .   .   .   .   .   .   .   .   .   .   .   .   .   .   .   .   .   .   . │ .   . │ . │ .   .   .   . │ . │ . │ .   . │
│                                                                           │       │   │               │   │   │       │
│ .   .   .   .   .   .   .   .   .   .   .   .   .   .   .   .   .   .   . │ .   20│ . │ .   .   .   . │ 13│ . │ .   . │
│                                                                           │       │   │               │   │   │       │
│ .   .   .   .   .   .   .   .   .   .   .   .   .   .   .   .   .   .   . │ .   . │ . │ .   .   .   . │ . │ . │ .   . │
│                                                                           │       │   │               │   │   ├───────┤
│ .   .   .   .   .   .   .   .   .   .   .   .   .   .  190  .   .   .   . │ .   . │ . │ .   .   .   . │ . │ . │ 2   . │
│                                                                           │       │   │               │   │   ├───────┤
│ .   .   .   .   .   .   .   .   .   .   .   .   .   .   .   .   .   .   . │ .   . │ . │ .   .   .   . │ . │ . │ 2   . │
│                                                                           │       │   │               │   │   ├───┬───┤
│ .   .   .   .   .   .   .   .   .   .   .   .   .   .   .   .   .   .   . │ .   . │ . │ .   .   .   . │ . │ . │ 2 │ . │
├───────┬───┬───────────────────────────────────────────────────────┬───┬───┤       │   │               │   │   │   │   │
│ 2   . │ . │ .   .   .   .   .   .   .   .   .   .   .   .   .   . │ . │ . │ .   . │ . │ .   .   .   . │ . │ . │ . │ . │
├───────┤   │                                                       │   │   │       ├───┤               │   │   ├───┤   │
│ .   8 │ . │ .   .   .   .   .   .   .   .   .   .   .   .   .   . │ 2 │ . │ .   . │ . │ .   .   .   . │ . │ . │ 2 │ . │
│       │   │                                                       ├───┤   │       │   │               │   │   │   │   │
│ .   . │ . │ .   .   56  .   .   .   .   .   .   .   .   .   .   . │ 2 │ 3 │ .   . │ . │ .   .   .   . │ . │ . │ . │ 4 │
│       │   │                                                       │   ├───┴───────┤   │               ├───┤   ├───┴───┤
│ .   . │ 4 │ .   .   .   .   .   .   .   .   .   .   .   .   .   . │ . │ .   .   3 │ 3 │ .   .   .   . │ . │ . │ .   . │
│       ├───┼───┬───────┬───────┬───────────────┬───┬───┬───────────┴───┴───────┬───┴───┤               │   │   │       │
│ .   . │ . │ . │ 2   . │ .   2 │ 4   .   .   . │ . │ . │ .   .   .   .   .   42│ .   4 │ .   .   .   . │ . │ . │ .   . │
├───┬───┤   │   ├───┬───┴───────┼───────────────┤   │   │                       │       │               │   │   │       │
│ . │ . │ . │ . │ . │ .   .   . │ .   .   .   28│ . │ . │ .   .   .   .   .   . │ .   . │ .   .   .   . │ . │ . │ .   . │
│   │   │   │   │   │           │               │   │   │                       ├───┬───┤               │   │   │       │
│ 2 │ 2 │ 3 │ . │ . │ .   .   . │ .   .   .   . │ . │ . │ .   .   .   .   .   . │ . │ . │ .   .   .   . │ . │ . │ .   . │
├───┴───┴───┤   │   │           │               │   │   │                       │   │   │               │   │   │       │
│ .   .   . │ . │ . │ .   .   . │ .   .   .   . │ . │ . │ .   .   .   .   .   . │ . │ . │ .   .   .   . │ 11│ . │ 12  . │
│           │   │   │           │               │   │   │                       │   │   │               │   │   │       │
│ .   6   . │ . │ . │ .   .   . │ .   .   .   . │ 6 │ 8 │ .   .   .   .   .   . │ 5 │ . │ .   .   .   . │ . │ . │ .   . │
├───────────┤   │   │           │               │   │   │                       │   │   │               │   │   ├───┬───┤
│ .   .   . │ 6 │ . │ .   15  . │ .   .   .   . │ . │ . │ .   .   .   .   .   . │ . │ . │ .   .   .   . │ . │ 23│ 2 │ 2 │
│           ├───┤   ├───┬───────┤               ├───┤   │                       │   │   │               │   │   │   │   │
│ .   .   9 │ 2 │ 10│ 2 │ .   8 │ .   .   .   . │ 2 │ . │ .   .   .   .   .   . │ . │ . │ .   .   .   . │ . │ . │ . │ . │
│           │   │   │   │       │               │   │   ├───────────────────────┴───┤   │               │   │   ├───┼───┤
│ .   .   . │ . │ . │ . │ .   . │ .   .   .   . │ . │ . │ .   .   7   .   .   .   . │ 6 │ .   .   .   . │ . │ . │ 2 │ . │
├───┬───────┴───┤   ├───┤       ├───────────────┴───┴───┴───────────────────┬───────┴───┤               │   │   │   │   │
│ 3 │ .   6   . │ . │ 3 │ .   . │ .   11  .   .   .   .   .   .   .   .   . │ .   .   3 │ .   .   .   . │ . │ . │ . │ 3 │
│   │           │   │   │       ├───────────┬───────────────────────────────┴───────────┤               │   ├───┴───┤   │
│ . │ .   .   . │ . │ . │ .   . │ .   3   . │ .   .   .   .   .   11  .   .   .   .   . │ .   .   .   . │ . │ .   2 │ . │
│   ├───────────┤   │   ├───────┼───────────┴───────────────────────────────────────────┴───┬───────────┴───┼───────┴───┤
│ . │ .   3   . │ . │ . │ .   2 │ 15  .   .   .   .   .   .   .   .   .   .   .   .   .   . │ .   .   .   4 │ .   .   3 │
├───┴───────────┼───┴───┼───────┴───────────────────────────────┬───────────────────────────┼───────────┬───┴───────────┤
│ 4   .   .   . │ .   2 │ .   .   .   .   .   10  .   .   .   . │ .   .   .   .   7   .   . │ 3   .   . │ 4   .   .   . │
└───────────────┴───────┴───────────────────────────────────────┴───────────────────────────┴───────────┴───────────────┘

Finished p(6,1)
end-- p(6,1)
