begin-- p(1,3)
Timeout is 90
Starting p(1,3)
% 15,324 inferences, 0.002 CPU in 0.002 seconds (100% CPU, 7104104 Lips)
Maybes generated. CHR takes over now.
% Started at Sat Jul 30 14:38:57 2016
% 0.776 seconds cpu time for 3,701,503 inferences
% 8,650 atoms, 5,489 functors, 4,728 predicates, 69 modules, 399,290 VM-codes
% 
%                        Limit    Allocated       In use
% Local  stack:    268,435,456      126,976        9,888 Bytes
% Global stack:    268,435,456    1,044,464      625,792 Bytes
% Trail  stack:    268,435,456      260,088        5,464 Bytes
% 
% 6 garbage collections gained 882,160 bytes in 0.005 seconds.
% Stack shifts: 2 local, 4 global, 3 trail in 0.000 seconds
% 1 threads, 0 finished threads used 0.000 seconds
┌───────────┬───────────────┐
│ 3   .   . │ .   .   .   4 │
├───┬───────┴───────────┬───┤
│ . │ .   .   5   .   . │ 2 │
│   ├───────┬───────────┤   │
│ 2 │ 2   . │ .   3   . │ . │
├───┴───────┴───────────┼───┤
│ .   .   6   .   .   . │ . │
├───────────────────┬───┤   │
│ .   .   .   5   . │ . │ 3 │
├───────────┬───────┤   │   │
│ .   .   3 │ 2   . │ 2 │ . │
├───────────┴───────┴───┴───┤
│ .   .   .   .   7   .   . │
└───────────────────────────┘

Finished p(1,3)
end-- p(1,3)
