begin-- p(3,4)
Timeout is 90
Starting p(3,4)
% 567,357 inferences, 0.056 CPU in 0.056 seconds (99% CPU, 10176327 Lips)
Maybes generated. CHR takes over now.
% Started at Sat Jul 30 14:39:05 2016
% 0.784 seconds cpu time for 4,271,578 inferences
% 8,650 atoms, 5,489 functors, 4,728 predicates, 69 modules, 399,290 VM-codes
% 
%                        Limit    Allocated       In use
% Local  stack:    268,435,456      126,976       30,768 Bytes
% Global stack:    268,435,456    1,044,464      702,640 Bytes
% Trail  stack:    268,435,456      260,088       13,032 Bytes
% 
% 6 garbage collections gained 882,160 bytes in 0.004 seconds.
% Stack shifts: 2 local, 4 global, 3 trail in 0.000 seconds
% 1 threads, 0 finished threads used 0.000 seconds
┌───────┬───┬───┬───────────────┬───────┬───┬───┬───────────┐
│ .   . │ . │ . │ .   .   .   . │ 4   . │ 2 │ 3 │ .   3   . │
│       │   │   │               │       │   │   ├───────┬───┤
│ .   4 │ 2 │ 2 │ .   .   .   12│ .   . │ . │ . │ .   . │ . │
├───┬───┴───┴───┤               ├───────┴───┤   │       │   │
│ . │ 3   .   . │ .   .   .   . │ .   3   . │ . │ .   . │ . │
│   ├───────────┴───────────────┴───────────┴───┤       │   │
│ 2 │ .   .   .   .   .   .   .   .   11  .   . │ .   . │ . │
├───┴───────┬───────────────────────┬───────────┤       │   │
│ .   .   . │ .   .   .   .   .   . │ .   .   . │ .   . │ 7 │
│           │                       │           │       │   │
│ .   .   . │ .   .   .   .   .   . │ .   .   . │ .   . │ . │
│           │                       │           │       │   │
│ .   .   . │ .   .   .   .   36  . │ .   .   . │ .   . │ . │
│           │                       │           │       │   │
│ .   .   . │ .   .   .   .   .   . │ .   .   24│ .   . │ . │
│           │                       │           │       ├───┤
│ .   .   27│ .   .   .   .   .   . │ .   .   . │ 24  . │ 7 │
│           │                       │           │       │   │
│ .   .   . │ .   .   .   .   .   . │ .   .   . │ .   . │ . │
│           ├───┬───────────┬───────┤           │       │   │
│ .   .   . │ 3 │ .   .   . │ 2   . │ .   .   . │ .   . │ . │
│           │   │           ├───────┤           │       │   │
│ .   .   . │ . │ .   .   6 │ 2   . │ .   .   . │ .   . │ . │
│           │   ├───────────┼───┬───┼───────────┤       │   │
│ .   .   . │ . │ .   .   3 │ 2 │ . │ 3   .   . │ .   . │ . │
├───────────┴───┴───────────┤   │   ├───┬───┬───┴───────┤   │
│ .   .   .   7   .   .   . │ . │ 3 │ 2 │ 2 │ 6   .   . │ . │
├───────────────────────────┴───┤   │   │   │           │   │
│ .   .   .   .   .   8   .   . │ . │ . │ . │ .   .   . │ . │
└───────────────────────────────┴───┴───┴───┴───────────┴───┘

Finished p(3,4)
end-- p(3,4)
