begin-- helmut
Timeout is 90
Starting helmut
% 65,710 inferences, 0.007 CPU in 0.007 seconds (100% CPU, 8811058 Lips)
Maybes generated. CHR takes over now.
% Started at Sat Jul 30 14:38:51 2016
% 0.753 seconds cpu time for 3,761,822 inferences
% 8,650 atoms, 5,489 functors, 4,728 predicates, 69 modules, 399,290 VM-codes
% 
%                        Limit    Allocated       In use
% Local  stack:    268,435,456      126,976       14,736 Bytes
% Global stack:    268,435,456    1,044,464      640,768 Bytes
% Trail  stack:    268,435,456      260,088        6,136 Bytes
% 
% 6 garbage collections gained 882,160 bytes in 0.004 seconds.
% Stack shifts: 2 local, 4 global, 3 trail in 0.000 seconds
% 1 threads, 0 finished threads used 0.000 seconds
┌───────────┬───────────────┬───┬───────┐
│ 9   .   . │ .   12  .   . │ 5 │ .   . │
│           │               │   │       │
│ .   .   . │ .   .   .   . │ . │ .   . │
│           │               │   │       │
│ .   .   . │ .   .   .   . │ . │ .   6 │
├───────┬───┼───────────────┤   ├───────┤
│ 8   . │ 6 │ .   8   .   . │ . │ .   . │
│       │   │               │   │       │
│ .   . │ . │ .   .   .   . │ . │ .   . │
│       │   ├───────────┬───┴───┤       │
│ .   . │ . │ .   .   . │ .   . │ .   . │
│       │   │           │       │       │
│ .   . │ . │ .   .   6 │ .   8 │ .   12│
├───────┤   ├───────────┤       │       │
│ 4   . │ . │ .   .   . │ .   . │ .   . │
│       │   │           │       │       │
│ .   . │ . │ .   .   . │ .   . │ .   . │
├───────┴───┤           ├───────┴───────┤
│ .   .   3 │ .   .   9 │ .   .   .   4 │
└───────────┴───────────┴───────────────┘

Finished helmut
end-- helmut
