begin-- p(0,1)
Timeout is 90
Starting p(0,1)
% 5,405 inferences, 0.001 CPU in 0.001 seconds (100% CPU, 6713443 Lips)
Maybes generated. CHR takes over now.
% Started at Sat Jul 30 14:38:52 2016
% 0.728 seconds cpu time for 3,687,827 inferences
% 8,650 atoms, 5,489 functors, 4,728 predicates, 69 modules, 399,290 VM-codes
% 
%                        Limit    Allocated       In use
% Local  stack:    268,435,456      126,976        3,008 Bytes
% Global stack:    268,435,456    1,044,464      610,352 Bytes
% Trail  stack:    268,435,456      260,088        3,608 Bytes
% 
% 6 garbage collections gained 882,160 bytes in 0.004 seconds.
% Stack shifts: 2 local, 4 global, 3 trail in 0.000 seconds
% 1 threads, 0 finished threads used 0.000 seconds
┌───────────┬───────┐
│ .   .   3 │ .   2 │
├───┬───────┴───────┤
│ 3 │ .   4   .   . │
│   ├───┬───┬───────┤
│ . │ 2 │ . │ .   2 │
│   │   │   ├───────┤
│ . │ . │ . │ .   . │
├───┴───┤   │       │
│ .   2 │ 3 │ 4   . │
└───────┴───┴───────┘

Finished p(0,1)
end-- p(0,1)
