begin-- p(5,1)
Timeout is 90
Starting p(5,1)
% 8,332,230 inferences, 0.759 CPU in 0.760 seconds (100% CPU, 10971773 Lips)
Maybes generated. CHR takes over now.
% Started at Sat Jul 30 14:39:16 2016
% 1.771 seconds cpu time for 13,249,387 inferences
% 8,650 atoms, 5,489 functors, 4,728 predicates, 69 modules, 399,290 VM-codes
% 
%                        Limit    Allocated       In use
% Local  stack:    268,435,456      126,976       75,216 Bytes
% Global stack:    268,435,456    1,044,464      941,272 Bytes
% Trail  stack:    268,435,456      260,088       33,976 Bytes
% 
% 6 garbage collections gained 882,160 bytes in 0.004 seconds.
% Stack shifts: 2 local, 4 global, 3 trail in 0.001 seconds
% 1 threads, 0 finished threads used 0.000 seconds
┌───────┬───────────────┬───────────┬───────────┬───┬───┬───┬───────────────┬───┬───────┬───────┬───┐
│ .   . │ 4   .   .   . │ .   3   . │ .   .   . │ . │ . │ . │ .   .   .   4 │ . │ .   2 │ 2   . │ . │
│       ├───────────────┴───────┬───┤           │   │   │   ├───────────┬───┤   ├───┬───┴───────┤   │
│ .   . │ .   .   .   .   .   . │ 2 │ .   .   . │ 2 │ 2 │ . │ .   .   . │ . │ 4 │ 2 │ .   3   . │ 2 │
│       │                       │   │           ├───┼───┤   │           │   │   │   ├───────────┼───┤
│ .   . │ .   .   .   .   .   . │ . │ .   .   . │ . │ . │ . │ .   .   . │ 3 │ . │ . │ .   .   . │ . │
│       │                       ├───┤           │   │   │   │           │   │   ├───┤           │   │
│ .   . │ .   18  .   .   .   . │ . │ .   .   . │ . │ . │ 16│ .   .   . │ . │ . │ 3 │ .   .   . │ . │
│       ├───────┬───┬───────────┤   │           │   │   │   │           ├───┴───┤   │           │   │
│ 12  . │ .   . │ . │ .   .   . │ 3 │ .   .   15│ . │ 9 │ . │ .   .   . │ .   . │ . │ .   .   . │ . │
│       │       │   │           │   ├───┬───────┤   │   │   │           │       │   │           │   │
│ .   . │ 6   . │ 3 │ .   .   6 │ . │ 2 │ .   2 │ . │ . │ . │ .   .   15│ .   . │ . │ .   .   . │ . │
├───────┤       │   ├───────────┴───┤   ├───────┤   │   │   ├───┬───────┤       ├───┤           │   │
│ .   2 │ .   . │ . │ .   4   .   . │ . │ .   8 │ . │ . │ . │ . │ 6   . │ 8   . │ 2 │ .   .   . │ . │
├───┬───┴───────┼───┴───┬───────────┴───┤       │   │   │   │   │       │       │   │           │   │
│ . │ 3   .   . │ .   2 │ .   .   .   . │ .   . │ . │ . │ . │ 3 │ .   . │ .   . │ . │ .   .   . │ . │
│   ├───────────┼───────┤               │       │   │   │   │   │       ├───────┴───┤           │   │
│ 4 │ .   .   . │ .   4 │ 40  .   .   . │ .   . │ . │ . │ . │ . │ .   . │ 3   .   . │ .   .   . │ . │
│   │           │       │               │       │   │   │   ├───┴───────┴───────────┤           │   │
│ . │ .   .   9 │ .   . │ .   .   .   . │ .   . │ 10│ . │ . │ .   .   .   .   .   . │ .   .   . │ 22│
│   │           ├───────┤               ├───────┤   │   │   │                       │           │   │
│ . │ .   .   . │ .   2 │ .   .   .   . │ .   . │ . │ . │ . │ .   .   .   .   .   . │ .   .   . │ . │
├───┴───┬───────┴───────┤               │       │   ├───┤   │                       │           │   │
│ .   . │ .   .   .   . │ .   .   .   . │ 4   . │ . │ 2 │ . │ .   .   .   .   .   . │ .   .   . │ . │
│       │               │               ├───────┼───┤   │   │                       │           │   │
│ .   . │ 32  .   .   . │ .   .   .   . │ .   . │ . │ . │ . │ .   .   .   .   .   . │ .   .   . │ . │
│       │               │               │       │   ├───┤   │                       │           │   │
│ .   . │ .   .   .   . │ .   .   .   . │ .   . │ . │ . │ . │ .   .   .   .   .   42│ .   .   . │ . │
│       │               │               │       │   │   │   │                       │           │   │
│ .   . │ .   .   .   . │ .   .   .   . │ .   8 │ 3 │ . │ . │ .   .   .   .   .   . │ .   .   . │ . │
│       │               │               │       ├───┤   │   │                       │           │   │
│ .   . │ .   .   .   . │ .   .   .   . │ .   . │ 2 │ 4 │ . │ .   .   .   .   .   . │ .   .   . │ . │
│       │               │               ├───────┤   │   ├───┴───┬───────────┬───────┤           │   │
│ .   24│ .   .   .   . │ .   .   .   . │ .   2 │ . │ . │ 2   . │ 3   .   . │ .   . │ .   66  . │ . │
│       │               ├───────────────┴───────┴───┴───┴───────┴───────────┤       │           │   │
│ .   . │ .   .   .   . │ 26  .   .   .   .   .   .   .   .   .   .   .   . │ .   . │ .   .   . │ . │
│       │               │                                                   │       │           │   │
│ .   . │ .   .   .   . │ .   .   .   .   .   .   .   .   .   .   .   .   . │ .   . │ .   .   . │ . │
│       ├───────────────┴───────────────────────────────────────────────┬───┤       │           │   │
│ .   . │ .   .   .   .   .   .   .   .   .   .   .   .   .   .   .   . │ . │ .   10│ .   .   . │ . │
│       │                                                               │   │       │           │   │
│ .   . │ .   .   .   .   .   .   .   .   .   .   .   .   .   .   .   . │ 2 │ .   . │ .   .   . │ . │
│       │                                                               ├───┴───┬───┤           │   │
│ .   . │ .   .   .   96  .   .   .   .   .   .   .   .   .   .   .   . │ .   . │ . │ .   .   . │ . │
│       │                                                               │       │   │           │   │
│ .   . │ .   .   .   .   .   .   .   .   .   .   .   .   .   .   .   . │ .   . │ . │ .   .   . │ . │
├───────┤                                                               │       │   │           │   │
│ 2   . │ .   .   .   .   .   .   .   .   .   .   .   .   .   .   .   . │ .   6 │ 3 │ .   .   . │ . │
├───────┤                                                               ├───────┼───┴───────────┴───┤
│ 2   . │ .   .   .   .   .   .   .   .   .   .   .   .   .   .   .   . │ .   2 │ .   .   5   .   . │
└───────┴───────────────────────────────────────────────────────────────┴───────┴───────────────────┘

Finished p(5,1)
end-- p(5,1)
