begin-- p(1,2)
Timeout is 90
Starting p(1,2)
% 15,000 inferences, 0.002 CPU in 0.002 seconds (100% CPU, 7010751 Lips)
Maybes generated. CHR takes over now.
% Started at Sat Jul 30 14:38:56 2016
% 0.738 seconds cpu time for 3,700,748 inferences
% 8,650 atoms, 5,489 functors, 4,728 predicates, 69 modules, 399,290 VM-codes
% 
%                        Limit    Allocated       In use
% Local  stack:    268,435,456      126,976       12,736 Bytes
% Global stack:    268,435,456    1,044,464      632,352 Bytes
% Trail  stack:    268,435,456      260,088        6,088 Bytes
% 
% 6 garbage collections gained 882,160 bytes in 0.003 seconds.
% Stack shifts: 2 local, 4 global, 3 trail in 0.000 seconds
% 1 threads, 0 finished threads used 0.000 seconds
┌───┬───────┬───┬───┬───────┐
│ . │ .   . │ . │ 2 │ .   2 │
│   │       │   │   ├───────┤
│ 3 │ 8   . │ 4 │ . │ .   2 │
│   │       │   ├───┴───────┤
│ . │ .   . │ . │ .   .   . │
├───┤       │   │           │
│ 3 │ .   . │ . │ 6   .   . │
│   ├───┬───┴───┴───┬───────┤
│ . │ . │ .   3   . │ .   2 │
│   │   ├───────────┼───────┤
│ . │ 2 │ .   .   6 │ .   4 │
├───┴───┤           │       │
│ 2   . │ .   .   . │ .   . │
└───────┴───────────┴───────┘

Finished p(1,2)
end-- p(1,2)
