begin-- p(3,2)
Timeout is 90
Starting p(3,2)
% 636,613 inferences, 0.071 CPU in 0.071 seconds (99% CPU, 8984022 Lips)
Maybes generated. CHR takes over now.
% Started at Sat Jul 30 14:39:04 2016
% 0.786 seconds cpu time for 4,367,981 inferences
% 8,650 atoms, 5,489 functors, 4,728 predicates, 69 modules, 399,290 VM-codes
% 
%                        Limit    Allocated       In use
% Local  stack:    268,435,456      126,976       22,880 Bytes
% Global stack:    268,435,456    1,044,464      685,376 Bytes
% Trail  stack:    268,435,456      260,088       11,432 Bytes
% 
% 6 garbage collections gained 882,160 bytes in 0.003 seconds.
% Stack shifts: 2 local, 4 global, 3 trail in 0.000 seconds
% 1 threads, 0 finished threads used 0.000 seconds
┌───┬───────────────┬───┬───────────────────────┬───┬───────┐
│ . │ .   .   4   . │ . │ .   .   .   .   30  . │ . │ .   . │
│   ├───────────────┤   │                       │   │       │
│ . │ .   .   .   . │ . │ .   .   .   .   .   . │ . │ .   . │
│   │               │   │                       │   │       │
│ . │ .   .   .   . │ 4 │ .   .   .   .   .   . │ 5 │ .   . │
│   │               │   │                       │   │       │
│ . │ .   .   .   . │ . │ .   .   .   .   .   . │ . │ .   . │
│   │               ├───┤                       │   │       │
│ . │ .   .   24  . │ 2 │ .   .   .   .   .   . │ . │ .   . │
│   │               │   ├───────────────────┬───┼───┤       │
│ . │ .   .   .   . │ . │ .   .   .   25  . │ . │ . │ .   . │
│   │               ├───┤                   │   │   │       │
│ 7 │ .   .   .   . │ . │ .   .   .   .   . │ . │ . │ .   . │
├───┴───┬───────────┤   │                   │   │   │       │
│ 2   . │ 3   .   . │ 2 │ .   .   .   .   . │ . │ . │ .   . │
├───┬───┼───┬───────┴───┤                   │   │   │       │
│ 5 │ . │ . │ 6   .   . │ .   .   .   .   . │ 5 │ 5 │ .   . │
│   │   │   │           │                   │   │   │       │
│ . │ 2 │ 2 │ .   .   . │ .   .   .   .   . │ . │ . │ .   . │
│   ├───┴───┴───────────┴───────┬───┬───┬───┴───┴───┤       │
│ . │ .   .   .   .   .   .   . │ 5 │ . │ .   .   . │ .   . │
│   │                           │   │   │           │       │
│ . │ .   .   .   .   .   .   . │ . │ 2 │ .   .   . │ 28  . │
│   │                           │   ├───┤           │       │
│ . │ .   .   .   .   .   .   . │ . │ . │ .   15  . │ .   . │
├───┤                           │   │   │           │       │
│ 2 │ .   .   .   28  .   .   . │ . │ 3 │ .   .   . │ .   . │
│   ├───────────┬───────┬───────┤   │   │           ├───────┤
│ . │ .   3   . │ 2   . │ 2   . │ . │ . │ .   .   . │ 2   . │
└───┴───────────┴───────┴───────┴───┴───┴───────────┴───────┘

Finished p(3,2)
end-- p(3,2)
