begin-- p(4,2)
Timeout is 90
Starting p(4,2)
% 2,197,284 inferences, 0.242 CPU in 0.246 seconds (99% CPU, 9071128 Lips)
Maybes generated. CHR takes over now.
% Started at Sat Jul 30 14:39:08 2016
% 1.182 seconds cpu time for 6,618,364 inferences
% 8,650 atoms, 5,489 functors, 4,728 predicates, 69 modules, 399,290 VM-codes
% 
%                        Limit    Allocated       In use
% Local  stack:    268,435,456      126,976       44,384 Bytes
% Global stack:    268,435,456    1,044,464      787,160 Bytes
% Trail  stack:    268,435,456      260,088       19,336 Bytes
% 
% 6 garbage collections gained 882,160 bytes in 0.003 seconds.
% Stack shifts: 2 local, 4 global, 3 trail in 0.000 seconds
% 1 threads, 0 finished threads used 0.000 seconds
┌───────┬───┬───┬───────────┬───────────────────────────────────────────────────┐
│ .   . │ 2 │ . │ .   .   3 │ .   .   .   .   13  .   .   .   .   .   .   .   . │
│       │   │   ├───────────┴───────────────────────────────────────────────────┤
│ .   . │ . │ 4 │ .   .   .   .   .   .   .   .   .   .   .   .   .   .   .   . │
│       ├───┤   │                                                               │
│ .   . │ . │ . │ .   .   .   .   48  .   .   .   .   .   .   .   .   .   .   . │
│       │   │   │                                                               │
│ .   . │ . │ . │ .   .   .   .   .   .   .   .   .   .   .   .   .   .   .   . │
│       │   ├───┴───────────────────────────────────────────────────────────────┤
│ .   10│ 3 │ .   .   .   .   17  .   .   .   .   .   .   .   .   .   .   .   . │
├───────┼───┼───────────────────────────────────────────────────┬───────┬───────┤
│ .   . │ . │ .   .   .   .   .   .   39  .   .   .   .   .   . │ .   6 │ .   2 │
│       │   │                                                   │       ├───┬───┤
│ 4   . │ 3 │ .   .   .   .   .   .   .   .   .   .   .   .   . │ .   . │ . │ . │
├───────┤   │                                                   │       │   │   │
│ 2   . │ . │ .   .   .   .   .   .   .   .   .   .   .   .   . │ .   . │ 2 │ 2 │
├───┬───┴───┴───────┬───┬───────┬───┬───────────┬───────┬───────┴───────┴───┴───┤
│ 5 │ .   .   .   16│ 2 │ .   . │ . │ .   .   . │ .   . │ .   .   .   .   .   . │
│   │               │   │       │   │           │       │                       │
│ . │ .   .   .   . │ . │ .   . │ 4 │ .   .   . │ .   . │ .   .   .   .   .   . │
│   │               ├───┤       │   │           │       │                       │
│ . │ .   .   .   . │ . │ 8   . │ . │ 12  .   . │ .   . │ .   .   .   .   .   . │
│   │               │   │       │   │           │       │                       │
│ . │ .   .   .   . │ 2 │ .   . │ . │ .   .   . │ 8   . │ .   .   .   .   .   . │
│   ├───────────────┴───┴───────┴───┴───────────┴───────┤                       │
│ . │ .   .   .   .   .   .   .   .   .   .   13  .   . │ 30  .   .   .   .   . │
├───┴───┬───────────────────────────────────────────────┴───────┬───────────────┤
│ .   . │ .   .   .   .   .   .   .   .   .   .   .   .   .   . │ 4   .   .   . │
│       │                                                       ├───────┬───────┤
│ .   4 │ .   .   .   .   28  .   .   .   .   .   .   .   .   . │ 10  . │ .   . │
├───────┴───────────────────────────────────────────────────────┤       │       │
│ .   .   .   .   .   .   .   .   .   .   .   .   .   .   .   . │ .   . │ .   . │
│                                                               │       │       │
│ .   .   .   .   .   .   .   .   .   .   .   .   .   .   .   . │ .   . │ .   6 │
│                                                               │       ├───────┤
│ .   .   .   .   .   .   .   .   .   .   48  .   .   .   .   . │ .   . │ .   2 │
├───┬───────────┬───────┬───────────────────────────────┬───────┤       ├───────┤
│ . │ .   .   3 │ .   2 │ .   .   .   .   .   .   8   . │ 2   . │ .   . │ .   2 │
│   ├───────────┴───┬───┴───┬───────┬───────────────────┴───────┴───────┴───────┤
│ 2 │ .   4   .   . │ 2   . │ .   2 │ .   .   .   .   .   .   .   .   .   .   11│
└───┴───────────────┴───────┴───────┴───────────────────────────────────────────┘

Finished p(4,2)
end-- p(4,2)
