begin-- p(3,5)
Timeout is 90
Starting p(3,5)
% 572,828 inferences, 0.055 CPU in 0.055 seconds (100% CPU, 10463900 Lips)
Maybes generated. CHR takes over now.
% Started at Sat Jul 30 14:39:06 2016
% 0.870 seconds cpu time for 5,306,572 inferences
% 8,650 atoms, 5,489 functors, 4,728 predicates, 69 modules, 399,290 VM-codes
% 
%                        Limit    Allocated       In use
% Local  stack:    268,435,456      126,976       30,368 Bytes
% Global stack:    268,435,456    1,044,464      723,704 Bytes
% Trail  stack:    268,435,456      260,088       14,888 Bytes
% 
% 6 garbage collections gained 882,160 bytes in 0.003 seconds.
% Stack shifts: 2 local, 4 global, 3 trail in 0.000 seconds
% 1 threads, 0 finished threads used 0.000 seconds
┌───────────────────────────────────┬───────┬───────┬───────┐
│ 9   .   .   .   .   .   .   .   . │ .   2 │ .   2 │ .   . │
├───────────────────────────────────┴───────┴───┬───┤       │
│ .   .   .   .   .   .   .   .   .   .   .   . │ . │ .   . │
│                                               │   │       │
│ .   .   .   .   .   .   36  .   .   .   .   . │ . │ .   . │
│                                               │   │       │
│ .   .   .   .   .   .   .   .   .   .   .   . │ 3 │ 16  . │
├───┬───────────────────────────────────────────┴───┤       │
│ . │ .   .   .   .   .   .   .   .   .   .   .   . │ .   . │
│   │                                               │       │
│ 2 │ .   .   .   .   .   24  .   .   .   .   .   . │ .   . │
├───┼───────────┬───────────────────────────────┬───┤       │
│ . │ .   .   3 │ .   8   .   .   .   .   .   . │ . │ .   . │
│   ├───┬───────┴───┬───────────────────────────┤   │       │
│ . │ 6 │ 3   .   . │ .   .   .   7   .   .   . │ . │ .   . │
│   │   ├───────────┴───────────────────────┬───┤   ├───┬───┤
│ . │ . │ .   .   .   .   9   .   .   .   . │ . │ . │ . │ 5 │
│   │   ├───┬───────────────────────────────┤   │   │   │   │
│ 5 │ . │ 2 │ .   .   .   .   .   .   .   16│ . │ . │ 5 │ . │
│   │   │   │                               │   │   │   │   │
│ . │ . │ . │ .   .   .   .   .   .   .   . │ . │ . │ . │ . │
├───┤   ├───┴───┬───────────┬───────────┬───┤   │   │   │   │
│ 2 │ . │ .   2 │ .   3   . │ .   .   6 │ 2 │ . │ . │ . │ . │
│   │   ├───────┴───┬───────┤           │   │   │   │   │   │
│ . │ . │ 3   .   . │ .   2 │ .   .   . │ . │ 5 │ 7 │ . │ . │
├───┼───┴───────────┴───────┴───────────┴───┴───┴───┴───┼───┤
│ 2 │ .   .   .   .   .   .   .   .   .   .   .   .   26│ 2 │
│   │                                                   │   │
│ . │ .   .   .   .   .   .   .   .   .   .   .   .   . │ . │
└───┴───────────────────────────────────────────────────┴───┘

Finished p(3,5)
end-- p(3,5)
