begin-- p(5,5)
Timeout is 90
Starting p(5,5)
% 3,806,524 inferences, 0.378 CPU in 0.378 seconds (100% CPU, 10077921 Lips)
Maybes generated. CHR takes over now.
% Started at Sat Jul 30 14:40:52 2016
% 7.249 seconds cpu time for 56,985,944 inferences
% 8,650 atoms, 5,489 functors, 4,728 predicates, 69 modules, 399,290 VM-codes
% 
%                        Limit    Allocated       In use
% Local  stack:    268,435,456      126,976      102,048 Bytes
% Global stack:    268,435,456    1,044,464    1,014,368 Bytes
% Trail  stack:    268,435,456      260,088       41,080 Bytes
% 
% 6 garbage collections gained 882,160 bytes in 0.003 seconds.
% Stack shifts: 2 local, 4 global, 3 trail in 0.000 seconds
% 1 threads, 0 finished threads used 0.000 seconds
┌───┬───┬───────┬───────────────────────────────────────┬───┬───────────────────────────────┬───────┐
│ . │ 2 │ .   . │ .   .   .   .   .   .   10  .   .   . │ 8 │ .   8   .   .   .   .   .   . │ 2   . │
│   │   │       ├───────────────────────────────┬───┬───┤   ├───────────────────────────────┼───┬───┤
│ . │ . │ .   . │ .   .   .   .   .   .   .   . │ 2 │ 2 │ . │ .   .   .   .   .   .   .   . │ . │ . │
│   ├───┤       │                               │   │   │   │                               │   │   │
│ . │ . │ 6   . │ .   .   .   .   .   .   .   32│ . │ . │ . │ .   .   .   .   .   .   .   . │ . │ 2 │
│   │   ├───────┤                               ├───┴───┤   │                               │   ├───┤
│ . │ 2 │ .   2 │ .   .   .   .   .   .   .   . │ .   2 │ . │ .   .   .   .   .   .   .   . │ 8 │ 2 │
│   ├───┴───────┤                               ├───────┤   │                               │   │   │
│ . │ .   .   3 │ .   .   .   .   .   .   .   . │ .   4 │ . │ .   .   .   .   .   .   .   . │ . │ . │
│   ├───┬───────┴───────────────────────────────┤       │   │                               │   ├───┤
│ . │ . │ .   .   .   .   .   .   .   .   .   . │ .   . │ . │ .   .   .   .   .   .   .   . │ . │ . │
│   │   │                                       ├───────┤   │                               │   │   │
│ . │ . │ .   .   .   .   .   .   .   .   .   . │ 2   . │ . │ .   .   .   .   .   .   .   . │ . │ . │
│   │   │                                       ├───────┤   │                               │   │   │
│ 18│ . │ .   .   .   .   .   .   .   .   .   . │ .   . │ . │ .   .   56  .   .   .   .   . │ . │ . │
│   │   │                                       │       ├───┼───────────────────────┬───┬───┤   │   │
│ . │ . │ .   .   .   .   .   .   .   .   .   . │ .   . │ . │ .   .   .   .   .   6 │ 3 │ . │ . │ 4 │
│   │   │                                       │       │   ├───────────────────────┤   │   ├───┴───┤
│ . │ 6 │ .   .   .   .   .   .   .   .   .   . │ .   . │ . │ .   .   .   18  .   . │ . │ . │ 4   . │
│   │   │                                       │       │   │                       │   │   │       │
│ . │ . │ .   .   .   .   .   .   .   60  .   . │ .   10│ 4 │ .   .   .   .   .   . │ . │ 3 │ .   . │
│   ├───┴───┬───────────────────┬───────────────┤       │   │                       ├───┼───┼───────┤
│ . │ 2   . │ 5   .   .   .   . │ .   4   .   . │ .   . │ . │ .   .   .   .   .   . │ 2 │ 3 │ 6   . │
│   ├───────┴───────────────────┴───────────────┴───────┴───┴───┬───┬───────┬───────┤   │   │       │
│ . │ .   .   .   .   15  .   .   .   .   .   .   .   .   .   . │ . │ .   2 │ .   2 │ . │ . │ .   . │
│   ├───┬───────────────────────────────────────────────────────┤   ├───────┴───┬───┴───┤   │       │
│ . │ 2 │ .   .   28  .   .   .   .   .   .   .   .   .   .   . │ 3 │ .   .   3 │ .   2 │ . │ .   . │
│   │   │                                                       │   ├───────────┼───────┴───┴───────┤
│ . │ . │ .   .   .   .   .   .   .   .   .   .   .   .   .   . │ . │ 3   .   . │ 5   .   .   .   . │
│   ├───┴───────────────────────┬───┬───────────┬───────────┬───┴───┼───────────┴───────────────────┤
│ . │ .   .   .   .   .   7   . │ . │ .   .   3 │ .   .   3 │ 2   . │ .   .   .   .   .   .   .   . │
│   ├───────────────────────┬───┤   ├───────┬───┼───┬───────┴───┬───┤                               │
│ . │ .   .   .   .   .   . │ . │ 2 │ .   2 │ . │ . │ .   .   . │ 3 │ .   .   16  .   .   .   .   . │
│   │                       │   ├───┴───────┤   │   │           │   ├───────────────────────┬───┬───┤
│ . │ .   .   .   .   .   12│ 2 │ 3   .   . │ 4 │ 9 │ .   .   . │ . │ .   12  .   .   .   . │ 2 │ 3 │
├───┼───────────────────────┴───┴───────┬───┤   │   │           │   │                       │   │   │
│ 2 │ .   .   .   9   .   .   .   .   . │ 2 │ . │ . │ .   .   . │ . │ .   .   .   .   .   . │ . │ . │
│   ├───────┬───────────────────┬───────┤   │   │   │           ├───┼───────────────────────┴───┤   │
│ . │ .   2 │ .   5   .   .   . │ 2   . │ . │ . │ . │ .   .   . │ . │ .   .   7   .   .   .   . │ . │
├───┴───────┴───────────────────┴───────┴───┴───┤   │           │   ├───────┬───┬───────────────┴───┤
│ .   .   .   .   .   .   24  .   .   .   .   . │ . │ .   .   . │ . │ .   . │ . │ .   .   .   .   . │
│                                               │   │           │   │       │   │                   │
│ .   .   .   .   .   .   .   .   .   .   .   . │ . │ .   .   . │ . │ 6   . │ 3 │ 10  .   .   .   . │
├───┬───────────┬───┬───────────┬───────────────┤   │           │   │       │   ├───────────────────┤
│ . │ .   .   6 │ 3 │ .   9   . │ .   12  .   . │ . │ .   .   24│ 4 │ .   . │ . │ .   .   .   5   . │
│   │           │   │           │               │   │           ├───┴───────┴───┴───────────────┬───┤
│ 2 │ .   .   . │ . │ .   .   . │ .   .   .   . │ . │ .   .   . │ .   8   .   .   .   .   .   . │ 2 │
├───┴───────────┤   │           │               │   ├───────────┴───────────────────────────────┤   │
│ .   4   .   . │ . │ .   .   . │ .   .   .   . │ . │ .   .   .   11  .   .   .   .   .   .   . │ . │
└───────────────┴───┴───────────┴───────────────┴───┴───────────────────────────────────────────┴───┘

Finished p(5,5)
end-- p(5,5)
