begin-- p(2,4)
Timeout is 90
Starting p(2,4)
% 60,733 inferences, 0.007 CPU in 0.007 seconds (100% CPU, 8215792 Lips)
Maybes generated. CHR takes over now.
% Started at Sat Jul 30 14:39:01 2016
% 0.786 seconds cpu time for 3,760,556 inferences
% 8,650 atoms, 5,489 functors, 4,728 predicates, 69 modules, 399,290 VM-codes
% 
%                        Limit    Allocated       In use
% Local  stack:    268,435,456      126,976       23,696 Bytes
% Global stack:    268,435,456    1,044,464      666,904 Bytes
% Trail  stack:    268,435,456      260,088        9,880 Bytes
% 
% 6 garbage collections gained 882,160 bytes in 0.003 seconds.
% Stack shifts: 2 local, 4 global, 3 trail in 0.000 seconds
% 1 threads, 0 finished threads used 0.000 seconds
┌───┬───────────────────┬───────────────┐
│ . │ .   .   .   10  . │ .   .   4   . │
│   │                   ├───────┬───┬───┤
│ 2 │ .   .   .   .   . │ 2   . │ 2 │ . │
├───┴───────────────────┴───────┤   │   │
│ .   .   .   .   8   .   .   . │ . │ . │
├───┬───────┬───────┬───────┬───┴───┤   │
│ 7 │ 2   . │ 2   . │ 2   . │ .   . │ . │
│   ├───────┴───┬───┼───┬───┤       │   │
│ . │ .   .   . │ . │ . │ . │ .   8 │ 7 │
│   │           │   │   │   │       │   │
│ . │ .   .   . │ 3 │ . │ . │ .   . │ . │
│   │           │   │   │   │       │   │
│ . │ 9   .   . │ . │ 4 │ . │ .   . │ . │
│   ├───────┬───┴───┤   │   ├───┬───┤   │
│ . │ .   2 │ 2   . │ . │ 4 │ 3 │ 3 │ . │
│   ├───────┴───────┴───┴───┤   │   ├───┤
│ . │ .   .   .   .   .   12│ . │ . │ . │
│   │                       │   │   │   │
│ . │ .   .   .   .   .   . │ . │ . │ 2 │
└───┴───────────────────────┴───┴───┴───┘

Finished p(2,4)
end-- p(2,4)
