begin-- p(4,3)
Timeout is 90
Starting p(4,3)
% 3,787,729 inferences, 0.368 CPU in 0.369 seconds (100% CPU, 10278801 Lips)
Maybes generated. CHR takes over now.
% Started at Sat Jul 30 14:39:09 2016
% 4.410 seconds cpu time for 32,756,320 inferences
% 8,650 atoms, 5,489 functors, 4,728 predicates, 69 modules, 399,290 VM-codes
% 
%                        Limit    Allocated       In use
% Local  stack:    268,435,456      126,976       38,144 Bytes
% Global stack:    268,435,456    1,044,464      764,360 Bytes
% Trail  stack:    268,435,456      260,088       15,768 Bytes
% 
% 6 garbage collections gained 882,160 bytes in 0.005 seconds.
% Stack shifts: 2 local, 4 global, 3 trail in 0.000 seconds
% 1 threads, 0 finished threads used 0.000 seconds
┌───┬───────┬───────┬───────────────────┬───────┬───┬───────────┬───────────────┐
│ . │ 2   . │ 2   . │ .   .   .   .   . │ 4   . │ 2 │ .   .   . │ .   .   .   . │
│   ├───────┴───────┤                   │       │   │           │               │
│ 2 │ .   .   .   12│ .   .   .   35  . │ .   . │ . │ .   .   . │ .   .   .   . │
├───┤               │                   ├───────┴───┤           │               │
│ . │ .   .   .   . │ .   .   .   .   . │ .   .   . │ .   .   15│ .   .   20  . │
│   │               │                   │           │           │               │
│ 2 │ .   .   .   . │ .   .   .   .   . │ .   .   . │ .   .   . │ .   .   .   . │
├───┼───────────────┤                   │           │           │               │
│ 2 │ .   .   .   . │ .   .   .   .   . │ .   .   . │ .   .   . │ .   .   .   . │
│   │               │                   │           ├───┬───────┴───────────┬───┤
│ . │ .   .   8   . │ .   .   .   .   . │ .   .   . │ . │ .   .   .   .   . │ 5 │
├───┴───────────────┤                   │           │   │                   │   │
│ .   .   .   .   . │ .   .   .   .   . │ .   .   . │ 2 │ .   .   .   .   . │ . │
│                   ├───────────────────┤           ├───┤                   │   │
│ .   .   10  .   . │ .   .   .   .   5 │ .   .   . │ . │ .   .   .   .   . │ . │
├───┬───────────────┴───┬───────────────┤           │   │                   │   │
│ . │ .   .   .   .   . │ .   .   .   . │ .   .   . │ . │ .   .   .   .   . │ . │
│   │                   │               │           │   │                   │   │
│ 4 │ .   .   .   .   . │ .   .   .   . │ .   .   . │ . │ .   .   .   .   . │ . │
│   │                   │               │           │   │                   ├───┤
│ . │ .   .   .   30  . │ .   .   .   . │ .   .   . │ . │ .   .   .   .   . │ . │
│   │                   │               │           │   │                   │   │
│ . │ .   .   .   .   . │ .   .   .   . │ .   .   . │ . │ .   .   .   .   . │ . │
├───┤                   │               │           │   │                   │   │
│ . │ .   .   .   .   . │ .   .   .   . │ .   .   . │ . │ 60  .   .   .   . │ . │
│   │                   │               │           │   │                   │   │
│ . │ .   .   .   .   . │ 24  .   .   . │ .   54  . │ 13│ .   .   .   .   . │ . │
│   ├───────────────────┴───────────────┤           │   │                   │   │
│ . │ .   .   .   .   .   .   .   54  . │ .   .   . │ . │ .   .   .   .   . │ . │
│   │                                   │           │   │                   │   │
│ 8 │ .   .   .   .   .   .   .   .   . │ .   .   . │ . │ .   .   .   .   . │ . │
│   │                                   │           │   │                   │   │
│ . │ .   .   .   .   .   .   .   .   . │ .   .   . │ . │ .   .   .   .   . │ . │
│   │                                   │           │   ├───────┬───┬───────┤   │
│ . │ .   .   .   .   .   .   .   .   . │ .   .   . │ . │ .   6 │ 3 │ .   2 │ 8 │
│   │                                   │           │   │       │   ├───────┴───┤
│ . │ .   .   .   .   .   .   .   .   . │ .   .   . │ . │ .   . │ . │ .   .   3 │
│   │                                   │           │   │       │   ├───────────┤
│ . │ .   .   .   .   .   .   .   .   . │ .   .   . │ . │ .   . │ . │ 3   .   . │
└───┴───────────────────────────────────┴───────────┴───┴───────┴───┴───────────┘

Finished p(4,3)
end-- p(4,3)
