begin-- p(5,4)
Timeout is 90
Starting p(5,4)
% 5,273,692 inferences, 0.485 CPU in 0.485 seconds (100% CPU, 10871137 Lips)
Maybes generated. CHR takes over now.
% Started at Sat Jul 30 14:40:50 2016
% 1.380 seconds cpu time for 10,149,641 inferences
% 8,650 atoms, 5,489 functors, 4,728 predicates, 69 modules, 399,290 VM-codes
% 
%                        Limit    Allocated       In use
% Local  stack:    268,435,456      126,976       80,672 Bytes
% Global stack:    268,435,456    1,044,464      942,712 Bytes
% Trail  stack:    268,435,456      260,088       35,176 Bytes
% 
% 6 garbage collections gained 882,160 bytes in 0.003 seconds.
% Stack shifts: 2 local, 4 global, 3 trail in 0.000 seconds
% 1 threads, 0 finished threads used 0.000 seconds
┌───────────────────────────────────────────────────────────────────────────────────────────────────┐
│ .   .   .   .   .   25  .   .   .   .   .   .   .   .   .   .   .   .   .   .   .   .   .   .   . │
├───────────────────────────────┬───────────┬───────────┬───┬───────┬───────────────┬───┬───┬───────┤
│ .   .   .   .   8   .   .   . │ .   3   . │ 3   .   . │ . │ 2   . │ .   .   4   . │ . │ . │ .   . │
├───┬───────────────────────────┴───────────┴───────────┤   ├───┬───┴───┬───┬───┬───┤   │   │       │
│ 2 │ .   .   .   .   .   .   .   .   .   .   13  .   . │ 2 │ . │ .   . │ . │ . │ . │ . │ 4 │ .   . │
│   ├───┬───────────────────────────────────────────────┴───┤   │       │   │   │   │   │   │       │
│ . │ . │ .   .   .   .   .   .   .   .   .   .   .   .   . │ 5 │ .   . │ 2 │ 2 │ 2 │ 3 │ . │ 8   . │
├───┤   │                                                   │   │       ├───┴───┴───┼───┤   │       │
│ . │ . │ .   .   .   .   .   .   .   .   .   .   .   .   . │ . │ .   . │ 36  .   . │ 5 │ . │ .   . │
│   │   │                                                   │   │       │           │   ├───┴───────┤
│ . │ 5 │ .   .   .   .   .   .   .   .   .   52  .   .   . │ . │ .   . │ .   .   . │ . │ .   .   . │
│   │   │                                                   │   │       │           │   │           │
│ 4 │ . │ .   .   .   .   .   .   .   .   .   .   .   .   . │ . │ .   . │ .   .   . │ . │ .   .   . │
│   │   ├───────────────┬───────────┬───────────────────────┴───┤       │           │   │           │
│ . │ . │ .   .   .   4 │ .   .   3 │ .   .   .   .   .   .   7 │ .   . │ .   .   . │ . │ .   .   . │
├───┴───┴───────────────┴───────────┴───────────────────┬───┬───┤       │           │   │           │
│ .   .   .   .   .   .   .   .   .   .   .   .   .   . │ . │ . │ .   . │ .   .   . │ . │ .   .   . │
│                                                       │   │   │       │           ├───┤           │
│ .   .   .   .   .   .   .   .   .   .   .   .   56  . │ 2 │ 5 │ .   . │ .   .   . │ . │ .   .   51│
│                                                       ├───┤   │       │           │   │           │
│ .   .   .   .   .   .   .   .   .   .   .   .   .   . │ . │ . │ .   . │ .   .   . │ . │ .   .   . │
│                                                       │   │   │       │           │   │           │
│ .   .   .   .   .   .   .   .   .   .   .   .   .   . │ . │ . │ .   32│ .   .   . │ . │ .   .   . │
├───────────┬───────────────────┬───────────────────┬───┤   │   │       │           │   │           │
│ .   .   3 │ .   .   .   .   5 │ .   .   .   .   . │ 3 │ . │ . │ .   . │ .   .   . │ . │ .   .   . │
├───┬───────┴───────┬───┬───────┤                   │   │   ├───┤       │           │   │           │
│ . │ .   .   .   . │ . │ 4   . │ .   .   .   .   15│ . │ . │ 3 │ .   . │ .   .   . │ . │ .   .   . │
│   │               │   │       │                   │   │   │   │       │           │   │           │
│ . │ .   .   .   . │ 3 │ .   . │ .   .   .   .   . │ . │ 8 │ . │ .   . │ .   .   . │ . │ .   .   . │
│   │               │   ├───────┴───┬───────┬───┬───┴───┤   │   │       │           │   │           │
│ . │ .   .   .   . │ . │ .   .   . │ 2   . │ 9 │ .   2 │ . │ . │ .   . │ .   .   . │ 7 │ .   .   . │
│   │               ├───┤           ├───┬───┤   ├───────┤   ├───┤       ├───┬───────┴───┤           │
│ . │ .   .   .   16│ 6 │ .   .   . │ . │ . │ . │ .   . │ . │ . │ .   . │ 2 │ .   .   . │ .   .   . │
│   ├───────┬───────┤   │           │   │   │   │       │   │   │       │   │           │           │
│ 11│ 2   . │ 2   . │ . │ .   .   . │ . │ 3 │ . │ .   16│ . │ 2 │ .   . │ . │ .   6   . │ .   .   . │
│   ├───┬───┴───────┤   │           │   │   │   │       ├───┴───┴───────┴───┴───────┬───┤           │
│ . │ 3 │ .   .   . │ . │ .   .   . │ 4 │ . │ . │ .   . │ .   .   .   .   .   .   . │ 3 │ .   .   . │
│   │   │           │   │           │   ├───┤   │       │                           │   │           │
│ . │ . │ .   .   . │ . │ .   .   . │ . │ . │ . │ .   . │ .   .   .   .   .   35  . │ . │ .   .   . │
│   │   │           │   │           ├───┤   │   │       │                           │   │           │
│ . │ . │ .   9   . │ . │ .   .   . │ 3 │ 2 │ . │ .   . │ .   .   .   .   .   .   . │ . │ .   .   . │
│   ├───┴───────────┤   │           │   ├───┤   │       │                           ├───┤           │
│ . │ .   .   .   . │ . │ 27  .   . │ . │ 2 │ . │ .   . │ .   .   .   .   .   .   . │ . │ .   .   . │
│   │               ├───┤           │   │   │   │       │                           │   ├───┬───────┤
│ . │ .   .   .   . │ . │ .   .   . │ . │ . │ . │ .   . │ .   .   .   .   .   .   . │ . │ . │ .   2 │
│   │               │   │           ├───┴───┤   │       ├───────┬───┬───────────┬───┤   │   ├───┬───┤
│ . │ .   12  .   . │ 2 │ .   .   . │ .   2 │ . │ .   . │ 2   . │ 2 │ .   .   . │ 2 │ 4 │ 3 │ 2 │ 2 │
├───┴───────────────┼───┴───────────┼───────┴───┴───────┴───────┤   │           │   │   │   │   │   │
│ .   .   .   5   . │ .   .   4   . │ .   .   7   .   .   .   . │ . │ 6   .   . │ . │ . │ . │ . │ . │
└───────────────────┴───────────────┴───────────────────────────┴───┴───────────┴───┴───┴───┴───┴───┘

Finished p(5,4)
end-- p(5,4)
