begin-- p(2,3)
Timeout is 600
Starting p(2,3)
% 60,153 inferences, 0.007 CPU in 0.007 seconds (100% CPU, 8052152 Lips)
Maybes generated. CHR takes over now.
% Started at Thu Jul 28 14:14:21 2016
% 0.723 seconds cpu time for 3,749,476 inferences
% 8,655 atoms, 5,491 functors, 4,730 predicates, 69 modules, 399,271 VM-codes
% 
%                        Limit    Allocated       In use
% Local  stack:    268,435,456      126,976       10,344 Bytes
% Global stack:    268,435,456    1,044,464      648,816 Bytes
% Trail  stack:    268,435,456      260,088        7,072 Bytes
% 
% 6 garbage collections gained 882,160 bytes in 0.003 seconds.
% Stack shifts: 2 local, 4 global, 3 trail in 0.000 seconds
% 1 threads, 0 finished threads used 0.000 seconds
┌───┬───────────────┬───────────────┬───┐
│ . │ .   4   .   . │ .   .   .   . │ . │
│   ├───────────────┤               │   │
│ . │ .   .   .   . │ .   .   .   . │ . │
│   │               │               │   │
│ 4 │ .   .   .   . │ 16  .   .   . │ 3 │
│   │               │               ├───┤
│ . │ .   .   12  . │ .   .   .   . │ . │
├───┼───────────┬───┴───────────┬───┤   │
│ 4 │ .   .   . │ 4   .   .   . │ . │ . │
│   │           ├───┬───┬───────┤   │   │
│ . │ .   15  . │ 4 │ 2 │ .   . │ . │ 3 │
│   │           │   │   │       │   ├───┤
│ . │ .   .   . │ . │ . │ .   . │ 4 │ 2 │
│   │           │   ├───┤       │   │   │
│ . │ .   .   . │ . │ . │ 8   . │ . │ . │
├───┤           │   │   │       ├───┴───┤
│ 2 │ .   .   . │ . │ 2 │ .   . │ 2   . │
│   ├───────────┼───┴───┴───────┴───────┤
│ . │ .   .   3 │ .   .   6   .   .   . │
└───┴───────────┴───────────────────────┘

Finished p(2,3)
end-- p(2,3)
