begin-- p(1,5)
Timeout is 600
Starting p(1,5)
% 17,086 inferences, 0.002 CPU in 0.002 seconds (100% CPU, 7867395 Lips)
Maybes generated. CHR takes over now.
% Started at Thu Jul 28 14:14:19 2016
% 0.712 seconds cpu time for 3,701,219 inferences
% 8,655 atoms, 5,491 functors, 4,730 predicates, 69 modules, 399,271 VM-codes
% 
%                        Limit    Allocated       In use
% Local  stack:    268,435,456      126,976        7,488 Bytes
% Global stack:    268,435,456    1,044,464      621,832 Bytes
% Trail  stack:    268,435,456      260,088        4,544 Bytes
% 
% 6 garbage collections gained 882,160 bytes in 0.003 seconds.
% Stack shifts: 2 local, 4 global, 3 trail in 0.000 seconds
% 1 threads, 0 finished threads used 0.000 seconds
┌───┬───────────────┬───────┐
│ 2 │ .   .   .   4 │ .   . │
│   ├───────────────┤       │
│ . │ .   .   .   4 │ 4   . │
├───┴───────────┬───┴───────┤
│ .   .   .   4 │ .   3   . │
├───────────────┴───┬───────┤
│ .   .   .   .   5 │ .   . │
├───┬───────┬───────┤       │
│ . │ 2   . │ 2   . │ .   . │
│   ├───────┴───────┤       │
│ . │ .   .   .   4 │ 6   . │
│   ├───────────────┴───────┤
│ 3 │ .   .   6   .   .   . │
└───┴───────────────────────┘

Finished p(1,5)
end-- p(1,5)
