begin-- p(2,4)
Timeout is 600
Starting p(2,4)
% 60,733 inferences, 0.008 CPU in 0.008 seconds (100% CPU, 8043173 Lips)
Maybes generated. CHR takes over now.
% Started at Thu Jul 28 14:14:22 2016
% 0.713 seconds cpu time for 3,822,848 inferences
% 8,655 atoms, 5,491 functors, 4,730 predicates, 69 modules, 399,271 VM-codes
% 
%                        Limit    Allocated       In use
% Local  stack:    268,435,456      126,976       17,872 Bytes
% Global stack:    268,435,456    1,044,464      658,656 Bytes
% Trail  stack:    268,435,456      260,088        8,112 Bytes
% 
% 6 garbage collections gained 882,160 bytes in 0.003 seconds.
% Stack shifts: 2 local, 4 global, 3 trail in 0.000 seconds
% 1 threads, 0 finished threads used 0.000 seconds
┌───┬───────────────────┬───────────────┐
│ . │ .   .   .   10  . │ .   .   4   . │
│   │                   ├───────┬───┬───┤
│ 2 │ .   .   .   .   . │ 2   . │ 2 │ . │
├───┴───────────────────┴───────┤   │   │
│ .   .   .   .   8   .   .   . │ . │ . │
├───┬───────┬───────┬───────┬───┴───┤   │
│ 7 │ 2   . │ 2   . │ 2   . │ .   . │ . │
│   ├───────┴───┬───┼───┬───┤       │   │
│ . │ .   .   . │ . │ . │ . │ .   8 │ 7 │
│   │           │   │   │   │       │   │
│ . │ .   .   . │ 3 │ . │ . │ .   . │ . │
│   │           │   │   │   │       │   │
│ . │ 9   .   . │ . │ 4 │ . │ .   . │ . │
│   ├───────┬───┴───┤   │   ├───┬───┤   │
│ . │ .   2 │ 2   . │ . │ 4 │ 3 │ 3 │ . │
│   ├───────┴───────┴───┴───┤   │   ├───┤
│ . │ .   .   .   .   .   12│ . │ . │ . │
│   │                       │   │   │   │
│ . │ .   .   .   .   .   . │ . │ . │ 2 │
└───┴───────────────────────┴───┴───┴───┘

Finished p(2,4)
end-- p(2,4)
