begin-- veryeasy
Timeout is 60
Starting veryeasy
bucket(2,[1-1,2-7,3-4,4-6,5-3,6-9,7-5,8-2,9-8])
bucket(4,[1-2,2-8,3-5,4-4,5-1,6-7,7-3,8-9,9-6])
bucket(6,[1-3,2-9,3-6,4-2,5-8,6-5,7-1,8-7,9-4])
bucket(1,[1-4,2-1,3-7,4-5,5-2,6-8,7-6,8-3,9-9])
bucket(3,[1-5,2-2,3-8,4-3,5-9,6-6,7-4,8-1,9-7])
bucket(5,[1-6,2-3,3-9,4-1,5-7,6-4,7-2,8-8,9-5])
bucket(8,[1-7,2-4,3-1,4-9,5-6,6-3,7-8,8-5,9-2])
bucket(7,[1-8,2-5,3-2,4-7,5-4,6-1,7-9,8-6,9-3])
bucket(9,[1-9,2-6,3-3,4-8,5-5,6-2,7-7,8-4,9-1])
can_start
% Started at Sat Jul 30 17:50:52 2016
% 1.012 seconds cpu time for 5,332,468 inferences
% 8,596 atoms, 5,483 functors, 4,720 predicates, 69 modules, 384,802 VM-codes
% 
%                        Limit    Allocated       In use
% Local  stack:    268,435,456      126,976       25,528 Bytes
% Global stack:    268,435,456    1,044,464      527,856 Bytes
% Trail  stack:    268,435,456      260,088       18,888 Bytes
% 
% 6 garbage collections gained 882,112 bytes in 0.003 seconds.
% Stack shifts: 2 local, 4 global, 3 trail in 0.000 seconds
% 1 threads, 0 finished threads used 0.000 seconds
end-- veryeasy
