begin-- p(2,2)
Timeout is 600
Starting p(2,2)
% 59,739 inferences, 0.007 CPU in 0.007 seconds (100% CPU, 8404132 Lips)
Maybes generated. CHR takes over now.
% Started at Wed Jul 27 20:49:46 2016
% 0.706 seconds cpu time for 3,826,020 inferences
% 8,635 atoms, 5,483 functors, 4,723 predicates, 69 modules, 398,046 VM-codes
% 
%                        Limit    Allocated       In use
% Local  stack:    268,435,456      126,976       16,456 Bytes
% Global stack:    268,435,456    1,044,464      609,240 Bytes
% Trail  stack:    268,435,456      260,088        9,560 Bytes
% 
% 6 garbage collections gained 882,160 bytes in 0.003 seconds.
% Stack shifts: 2 local, 4 global, 3 trail in 0.000 seconds
% 1 threads, 0 finished threads used 0.000 seconds
┌───┬───────────┬───────────┬───────┬───┐
│ . │ 3   .   . │ .   .   3 │ 2   . │ . │
│   ├───────────┴───────────┴───┬───┤   │
│ 2 │ 7   .   .   .   .   .   . │ . │ 2 │
├───┴───┬───────────────────────┤   ├───┤
│ 2   . │ .   .   6   .   .   . │ . │ . │
├───────┴───────┬───────┬───────┤   │   │
│ 4   .   .   . │ .   2 │ 2   . │ 4 │ 3 │
├───────┬───┬───┴───┬───┼───────┤   │   │
│ .   2 │ 2 │ .   12│ . │ 2   . │ . │ . │
├───────┤   │       │   ├───────┴───┼───┤
│ .   2 │ . │ .   . │ . │ .   .   . │ . │
├───────┴───┤       │   │           │   │
│ .   .   . │ .   . │ . │ .   6   . │ 2 │
│           │       │   ├───────────┴───┤
│ .   .   . │ .   . │ 5 │ 8   .   .   . │
│           │       │   │               │
│ .   .   . │ .   . │ . │ .   .   .   . │
│           │       ├───┴───┬───────────┤
│ .   12  . │ .   . │ 2   . │ 3   .   . │
└───────────┴───────┴───────┴───────────┘

Finished p(2,2)
end-- p(2,2)
