begin-- p(2,4)
Timeout is 600
Starting p(2,4)
% 60,829 inferences, 0.007 CPU in 0.007 seconds (99% CPU, 8217795 Lips)
Maybes generated. CHR takes over now.
% Started at Wed Jul 27 20:49:47 2016
% 0.768 seconds cpu time for 3,812,440 inferences
% 8,635 atoms, 5,483 functors, 4,723 predicates, 69 modules, 398,046 VM-codes
% 
%                        Limit    Allocated       In use
% Local  stack:    268,435,456      126,976       18,160 Bytes
% Global stack:    268,435,456    1,044,464      606,904 Bytes
% Trail  stack:    268,435,456      260,088        9,248 Bytes
% 
% 6 garbage collections gained 882,160 bytes in 0.003 seconds.
% Stack shifts: 2 local, 4 global, 3 trail in 0.000 seconds
% 1 threads, 0 finished threads used 0.000 seconds
┌───┬───────────────────┬───────────────┐
│ . │ .   .   .   10  . │ .   .   4   . │
│   │                   ├───────┬───┬───┤
│ 2 │ .   .   .   .   . │ 2   . │ 2 │ . │
├───┴───────────────────┴───────┤   │   │
│ .   .   .   .   8   .   .   . │ . │ . │
├───┬───────┬───────┬───────┬───┴───┤   │
│ 7 │ 2   . │ 2   . │ 2   . │ .   . │ . │
│   ├───────┴───┬───┼───┬───┤       │   │
│ . │ .   .   . │ . │ . │ . │ .   8 │ 7 │
│   │           │   │   │   │       │   │
│ . │ .   .   . │ 3 │ . │ . │ .   . │ . │
│   │           │   │   │   │       │   │
│ . │ 9   .   . │ . │ 4 │ . │ .   . │ . │
│   ├───────┬───┴───┤   │   ├───┬───┤   │
│ . │ .   2 │ 2   . │ . │ 4 │ 3 │ 3 │ . │
│   ├───────┴───────┴───┴───┤   │   ├───┤
│ . │ .   .   .   .   .   12│ . │ . │ . │
│   │                       │   │   │   │
│ . │ .   .   .   .   .   . │ . │ . │ 2 │
└───┴───────────────────────┴───┴───┴───┘

Finished p(2,4)
end-- p(2,4)
