begin-- p(1,5)
Timeout is 600
Starting p(1,5)
% 17,177 inferences, 0.002 CPU in 0.002 seconds (100% CPU, 7761346 Lips)
Maybes generated. CHR takes over now.
% Started at Wed Jul 27 20:49:44 2016
% 0.688 seconds cpu time for 3,685,204 inferences
% 8,635 atoms, 5,483 functors, 4,723 predicates, 69 modules, 398,046 VM-codes
% 
%                        Limit    Allocated       In use
% Local  stack:    268,435,456      126,976        7,600 Bytes
% Global stack:    268,435,456    1,044,464      569,112 Bytes
% Trail  stack:    268,435,456      260,088        5,072 Bytes
% 
% 6 garbage collections gained 882,160 bytes in 0.003 seconds.
% Stack shifts: 2 local, 4 global, 3 trail in 0.000 seconds
% 1 threads, 0 finished threads used 0.000 seconds
┌───┬───────────────┬───────┐
│ 2 │ .   .   .   4 │ .   . │
│   ├───────────────┤       │
│ . │ .   .   .   4 │ 4   . │
├───┴───────────┬───┴───────┤
│ .   .   .   4 │ .   3   . │
├───────────────┴───┬───────┤
│ .   .   .   .   5 │ .   . │
├───┬───────┬───────┤       │
│ . │ 2   . │ 2   . │ .   . │
│   ├───────┴───────┤       │
│ . │ .   .   .   4 │ 6   . │
│   ├───────────────┴───────┤
│ 3 │ .   .   6   .   .   . │
└───┴───────────────────────┘

Finished p(1,5)
end-- p(1,5)
