begin-- p(3,4)
Timeout is 600
Starting p(3,4)
% 567,477 inferences, 0.057 CPU in 0.057 seconds (100% CPU, 10038426 Lips)
Maybes generated. CHR takes over now.
% Started at Wed Jul 27 20:50:03 2016
% 0.787 seconds cpu time for 4,550,384 inferences
% 8,635 atoms, 5,483 functors, 4,723 predicates, 69 modules, 398,046 VM-codes
% 
%                        Limit    Allocated       In use
% Local  stack:    268,435,456      126,976       24,192 Bytes
% Global stack:    268,435,456    1,044,464      638,584 Bytes
% Trail  stack:    268,435,456      260,088       12,368 Bytes
% 
% 6 garbage collections gained 882,160 bytes in 0.003 seconds.
% Stack shifts: 2 local, 4 global, 3 trail in 0.000 seconds
% 1 threads, 0 finished threads used 0.000 seconds
┌───────┬───┬───┬───────────────┬───────┬───┬───┬───────────┐
│ .   . │ . │ . │ .   .   .   . │ 4   . │ 2 │ 3 │ .   3   . │
│       │   │   │               │       │   │   ├───────┬───┤
│ .   4 │ 2 │ 2 │ .   .   .   12│ .   . │ . │ . │ .   . │ . │
├───┬───┴───┴───┤               ├───────┴───┤   │       │   │
│ . │ 3   .   . │ .   .   .   . │ .   3   . │ . │ .   . │ . │
│   ├───────────┴───────────────┴───────────┴───┤       │   │
│ 2 │ .   .   .   .   .   .   .   .   11  .   . │ .   . │ . │
├───┴───────┬───────────────────────┬───────────┤       │   │
│ .   .   . │ .   .   .   .   .   . │ .   .   . │ .   . │ 7 │
│           │                       │           │       │   │
│ .   .   . │ .   .   .   .   .   . │ .   .   . │ .   . │ . │
│           │                       │           │       │   │
│ .   .   . │ .   .   .   .   36  . │ .   .   . │ .   . │ . │
│           │                       │           │       │   │
│ .   .   . │ .   .   .   .   .   . │ .   .   24│ .   . │ . │
│           │                       │           │       ├───┤
│ .   .   27│ .   .   .   .   .   . │ .   .   . │ 24  . │ 7 │
│           │                       │           │       │   │
│ .   .   . │ .   .   .   .   .   . │ .   .   . │ .   . │ . │
│           ├───┬───────────┬───────┤           │       │   │
│ .   .   . │ 3 │ .   .   . │ 2   . │ .   .   . │ .   . │ . │
│           │   │           ├───────┤           │       │   │
│ .   .   . │ . │ .   .   6 │ 2   . │ .   .   . │ .   . │ . │
│           │   ├───────────┼───┬───┼───────────┤       │   │
│ .   .   . │ . │ .   .   3 │ 2 │ . │ 3   .   . │ .   . │ . │
├───────────┴───┴───────────┤   │   ├───┬───┬───┴───────┤   │
│ .   .   .   7   .   .   . │ . │ 3 │ 2 │ 2 │ 6   .   . │ . │
├───────────────────────────┴───┤   │   │   │           │   │
│ .   .   .   .   .   8   .   . │ . │ . │ . │ .   .   . │ . │
└───────────────────────────────┴───┴───┴───┴───────────┴───┘

Finished p(3,4)
end-- p(3,4)
