begin-- p(3,5)
Timeout is 600
Starting p(3,5)
% 573,019 inferences, 0.055 CPU in 0.055 seconds (99% CPU, 10468369 Lips)
Maybes generated. CHR takes over now.
% Started at Wed Jul 27 20:50:04 2016
% 1.353 seconds cpu time for 8,474,623 inferences
% 8,635 atoms, 5,483 functors, 4,723 predicates, 69 modules, 398,046 VM-codes
% 
%                        Limit    Allocated       In use
% Local  stack:    268,435,456      126,976       24,416 Bytes
% Global stack:    268,435,456    1,044,464      665,176 Bytes
% Trail  stack:    268,435,456      260,088       15,472 Bytes
% 
% 6 garbage collections gained 882,160 bytes in 0.003 seconds.
% Stack shifts: 2 local, 4 global, 3 trail in 0.000 seconds
% 1 threads, 0 finished threads used 0.000 seconds
┌───────────────────────────────────┬───────┬───────┬───────┐
│ 9   .   .   .   .   .   .   .   . │ .   2 │ .   2 │ .   . │
├───────────────────────────────────┴───────┴───┬───┤       │
│ .   .   .   .   .   .   .   .   .   .   .   . │ . │ .   . │
│                                               │   │       │
│ .   .   .   .   .   .   36  .   .   .   .   . │ . │ .   . │
│                                               │   │       │
│ .   .   .   .   .   .   .   .   .   .   .   . │ 3 │ 16  . │
├───┬───────────────────────────────────────────┴───┤       │
│ . │ .   .   .   .   .   .   .   .   .   .   .   . │ .   . │
│   │                                               │       │
│ 2 │ .   .   .   .   .   24  .   .   .   .   .   . │ .   . │
├───┼───────────┬───────────────────────────────┬───┤       │
│ . │ .   .   3 │ .   8   .   .   .   .   .   . │ . │ .   . │
│   ├───┬───────┴───┬───────────────────────────┤   │       │
│ . │ 6 │ 3   .   . │ .   .   .   7   .   .   . │ . │ .   . │
│   │   ├───────────┴───────────────────────┬───┤   ├───┬───┤
│ . │ . │ .   .   .   .   9   .   .   .   . │ . │ . │ . │ 5 │
│   │   ├───┬───────────────────────────────┤   │   │   │   │
│ 5 │ . │ 2 │ .   .   .   .   .   .   .   16│ . │ . │ 5 │ . │
│   │   │   │                               │   │   │   │   │
│ . │ . │ . │ .   .   .   .   .   .   .   . │ . │ . │ . │ . │
├───┤   ├───┴───┬───────────┬───────────┬───┤   │   │   │   │
│ 2 │ . │ .   2 │ .   3   . │ .   .   6 │ 2 │ . │ . │ . │ . │
│   │   ├───────┴───┬───────┤           │   │   │   │   │   │
│ . │ . │ 3   .   . │ .   2 │ .   .   . │ . │ 5 │ 7 │ . │ . │
├───┼───┴───────────┴───────┴───────────┴───┴───┴───┴───┼───┤
│ 2 │ .   .   .   .   .   .   .   .   .   .   .   .   26│ 2 │
│   │                                                   │   │
│ . │ .   .   .   .   .   .   .   .   .   .   .   .   . │ . │
└───┴───────────────────────────────────────────────────┴───┘

Finished p(3,5)
end-- p(3,5)
