begin-- p(1,1)
Timeout is 600
Starting p(1,1)
% 13,758 inferences, 0.002 CPU in 0.002 seconds (100% CPU, 7208501 Lips)
Maybes generated. CHR takes over now.
% Started at Wed Jul 27 20:49:41 2016
% 0.685 seconds cpu time for 3,682,699 inferences
% 8,635 atoms, 5,483 functors, 4,723 predicates, 69 modules, 398,046 VM-codes
% 
%                        Limit    Allocated       In use
% Local  stack:    268,435,456      126,976        7,800 Bytes
% Global stack:    268,435,456    1,044,464      570,520 Bytes
% Trail  stack:    268,435,456      260,088        5,072 Bytes
% 
% 6 garbage collections gained 882,160 bytes in 0.003 seconds.
% Stack shifts: 2 local, 4 global, 3 trail in 0.000 seconds
% 1 threads, 0 finished threads used 0.000 seconds
┌───────┬───┬───────┬───────┐
│ .   . │ . │ .   . │ .   . │
│       │   │       │       │
│ .   . │ . │ .   . │ 4   . │
│       │   │       ├───────┤
│ 6   . │ 3 │ .   6 │ .   2 │
├───────┴───┼───┬───┼───┬───┤
│ .   .   3 │ 2 │ . │ 2 │ 2 │
├───┬───────┤   │   │   │   │
│ 3 │ .   2 │ . │ . │ . │ . │
│   ├───┬───┴───┤   ├───┴───┤
│ . │ 2 │ 4   . │ 4 │ .   4 │
│   │   │       │   │       │
│ . │ . │ .   . │ . │ .   . │
└───┴───┴───────┴───┴───────┘

Finished p(1,1)
end-- p(1,1)
