begin-- p(3,2)
Timeout is 600
Starting p(3,2)
% 636,806 inferences, 0.059 CPU in 0.059 seconds (100% CPU, 10776935 Lips)
Maybes generated. CHR takes over now.
% Started at Wed Jul 27 20:50:02 2016
% 0.774 seconds cpu time for 4,400,812 inferences
% 8,635 atoms, 5,483 functors, 4,723 predicates, 69 modules, 398,046 VM-codes
% 
%                        Limit    Allocated       In use
% Local  stack:    268,435,456      126,976       17,824 Bytes
% Global stack:    268,435,456    1,044,464      629,216 Bytes
% Trail  stack:    268,435,456      260,088       11,352 Bytes
% 
% 6 garbage collections gained 882,160 bytes in 0.003 seconds.
% Stack shifts: 2 local, 4 global, 3 trail in 0.000 seconds
% 1 threads, 0 finished threads used 0.000 seconds
┌───┬───────────────┬───┬───────────────────────┬───┬───────┐
│ . │ .   .   4   . │ . │ .   .   .   .   30  . │ . │ .   . │
│   ├───────────────┤   │                       │   │       │
│ . │ .   .   .   . │ . │ .   .   .   .   .   . │ . │ .   . │
│   │               │   │                       │   │       │
│ . │ .   .   .   . │ 4 │ .   .   .   .   .   . │ 5 │ .   . │
│   │               │   │                       │   │       │
│ . │ .   .   .   . │ . │ .   .   .   .   .   . │ . │ .   . │
│   │               ├───┤                       │   │       │
│ . │ .   .   24  . │ 2 │ .   .   .   .   .   . │ . │ .   . │
│   │               │   ├───────────────────┬───┼───┤       │
│ . │ .   .   .   . │ . │ .   .   .   25  . │ . │ . │ .   . │
│   │               ├───┤                   │   │   │       │
│ 7 │ .   .   .   . │ . │ .   .   .   .   . │ . │ . │ .   . │
├───┴───┬───────────┤   │                   │   │   │       │
│ 2   . │ 3   .   . │ 2 │ .   .   .   .   . │ . │ . │ .   . │
├───┬───┼───┬───────┴───┤                   │   │   │       │
│ 5 │ . │ . │ 6   .   . │ .   .   .   .   . │ 5 │ 5 │ .   . │
│   │   │   │           │                   │   │   │       │
│ . │ 2 │ 2 │ .   .   . │ .   .   .   .   . │ . │ . │ .   . │
│   ├───┴───┴───────────┴───────┬───┬───┬───┴───┴───┤       │
│ . │ .   .   .   .   .   .   . │ 5 │ . │ .   .   . │ .   . │
│   │                           │   │   │           │       │
│ . │ .   .   .   .   .   .   . │ . │ 2 │ .   .   . │ 28  . │
│   │                           │   ├───┤           │       │
│ . │ .   .   .   .   .   .   . │ . │ . │ .   15  . │ .   . │
├───┤                           │   │   │           │       │
│ 2 │ .   .   .   28  .   .   . │ . │ 3 │ .   .   . │ .   . │
│   ├───────────┬───────┬───────┤   │   │           ├───────┤
│ . │ .   3   . │ 2   . │ 2   . │ . │ . │ .   .   . │ 2   . │
└───┴───────────┴───────┴───────┴───┴───┴───────────┴───────┘

Finished p(3,2)
end-- p(3,2)
