begin-- p(3,3)
Timeout is 600
Starting p(3,3)
% 390,042 inferences, 0.057 CPU in 0.057 seconds (100% CPU, 6890388 Lips)
Maybes generated. CHR takes over now.
% Started at Wed Jul 27 20:50:02 2016
% 0.784 seconds cpu time for 4,107,837 inferences
% 8,635 atoms, 5,483 functors, 4,723 predicates, 69 modules, 398,046 VM-codes
% 
%                        Limit    Allocated       In use
% Local  stack:    268,435,456      126,976       25,832 Bytes
% Global stack:    268,435,456    1,044,464      682,704 Bytes
% Trail  stack:    268,435,456      260,088       17,712 Bytes
% 
% 6 garbage collections gained 882,160 bytes in 0.003 seconds.
% Stack shifts: 2 local, 4 global, 3 trail in 0.000 seconds
% 1 threads, 0 finished threads used 0.000 seconds
┌───────────────────────────┬───────────┬───────────────────┐
│ .   .   .   .   .   .   . │ .   .   . │ 5   .   .   .   . │
│                           │           ├───────────────────┤
│ .   .   .   .   14  .   . │ .   .   . │ .   .   5   .   . │
├───────┬───────┬───────┬───┤           ├───────────────┬───┤
│ .   2 │ .   . │ .   2 │ . │ .   .   . │ .   .   16  . │ . │
├───┬───┤       ├───────┤   │           │               │   │
│ . │ . │ .   4 │ .   . │ . │ .   .   18│ .   .   .   . │ . │
│   │   ├───────┤       │   │           │               │   │
│ 2 │ 2 │ 2   . │ .   . │ 3 │ .   .   . │ .   .   .   . │ . │
├───┼───┴───┬───┤       ├───┤           │               │   │
│ 3 │ .   . │ . │ .   . │ . │ .   .   . │ .   .   .   . │ . │
│   │       │   │       │   ├───────────┴───────────────┤   │
│ . │ .   . │ 2 │ .   . │ . │ .   .   .   .   .   7   . │ 5 │
│   │       ├───┤       │   ├───┬───────────────────────┼───┤
│ . │ .   . │ . │ .   . │ 4 │ 2 │ .   .   .   .   .   . │ 3 │
├───┤       │   │       │   │   │                       │   │
│ . │ .   . │ . │ .   . │ . │ . │ .   .   .   18  .   . │ . │
│   │       │   │       ├───┴───┤                       │   │
│ 2 │ .   . │ 3 │ .   . │ .   2 │ .   .   .   .   .   . │ . │
├───┤       ├───┤       ├───────┴───────┬───┬───┬───────┴───┤
│ 2 │ .   . │ 2 │ 18  . │ 4   .   .   . │ . │ 4 │ .   .   . │
│   │       │   │       ├───────┬───────┤   │   │           │
│ . │ 14  . │ . │ .   . │ .   2 │ .   . │ . │ . │ .   .   . │
├───┴───────┼───┴───────┴───────┤       │   │   │           │
│ .   .   3 │ .   .   .   5   . │ .   4 │ 3 │ . │ .   .   . │
├───────────┴───┬───────────────┼───────┴───┤   │           │
│ .   .   8   . │ .   .   .   8 │ .   3   . │ . │ .   15  . │
│               │               ├───────┬───┴───┤           │
│ .   .   .   . │ .   .   .   . │ 2   . │ 2   . │ .   .   . │
└───────────────┴───────────────┴───────┴───────┴───────────┘

Finished p(3,3)
end-- p(3,3)
