begin-- p(1,4)
Timeout is 600
Starting p(1,4)
% 18,938 inferences, 0.003 CPU in 0.003 seconds (100% CPU, 7419800 Lips)
Maybes generated. CHR takes over now.
% Started at Wed Jul 27 20:49:43 2016
% 0.714 seconds cpu time for 3,687,379 inferences
% 8,635 atoms, 5,483 functors, 4,723 predicates, 69 modules, 398,046 VM-codes
% 
%                        Limit    Allocated       In use
% Local  stack:    268,435,456      126,976        5,768 Bytes
% Global stack:    268,435,456    1,044,464      566,000 Bytes
% Trail  stack:    268,435,456      260,088        4,624 Bytes
% 
% 6 garbage collections gained 882,160 bytes in 0.003 seconds.
% Stack shifts: 2 local, 4 global, 3 trail in 0.000 seconds
% 1 threads, 0 finished threads used 0.000 seconds
┌───────┬───────┬───────┬───┐
│ .   2 │ 2   . │ .   2 │ 2 │
├───────┼───────┴───────┤   │
│ .   2 │ 4   .   .   . │ . │
├───────┴───┬───────────┴───┤
│ .   .   3 │ 4   .   .   . │
├───────────┴───────┬───────┤
│ .   .   5   .   . │ .   . │
├───────────┬───────┤       │
│ 3   .   . │ 2   . │ .   . │
├───────────┴───┬───┤       │
│ .   .   .   8 │ 2 │ 8   . │
│               │   │       │
│ .   .   .   . │ . │ .   . │
└───────────────┴───┴───────┘

Finished p(1,4)
end-- p(1,4)
