begin-- helmut
Timeout is 600
Starting helmut
% 65,803 inferences, 0.007 CPU in 0.007 seconds (100% CPU, 9197277 Lips)
Maybes generated. CHR takes over now.
% Started at Wed Jul 27 20:49:37 2016
% 0.751 seconds cpu time for 4,134,142 inferences
% 8,635 atoms, 5,483 functors, 4,723 predicates, 69 modules, 398,046 VM-codes
% 
%                        Limit    Allocated       In use
% Local  stack:    268,435,456      126,976       11,088 Bytes
% Global stack:    268,435,456    1,044,464      583,672 Bytes
% Trail  stack:    268,435,456      260,088        5,760 Bytes
% 
% 6 garbage collections gained 882,160 bytes in 0.003 seconds.
% Stack shifts: 2 local, 4 global, 3 trail in 0.000 seconds
% 1 threads, 0 finished threads used 0.000 seconds
┌───────────┬───────────────┬───┬───────┐
│ 9   .   . │ .   12  .   . │ 5 │ .   . │
│           │               │   │       │
│ .   .   . │ .   .   .   . │ . │ .   . │
│           │               │   │       │
│ .   .   . │ .   .   .   . │ . │ .   6 │
├───────┬───┼───────────────┤   ├───────┤
│ 8   . │ 6 │ .   8   .   . │ . │ .   . │
│       │   │               │   │       │
│ .   . │ . │ .   .   .   . │ . │ .   . │
│       │   ├───────────┬───┴───┤       │
│ .   . │ . │ .   .   . │ .   . │ .   . │
│       │   │           │       │       │
│ .   . │ . │ .   .   6 │ .   8 │ .   12│
├───────┤   ├───────────┤       │       │
│ 4   . │ . │ .   .   . │ .   . │ .   . │
│       │   │           │       │       │
│ .   . │ . │ .   .   . │ .   . │ .   . │
├───────┴───┤           ├───────┴───────┤
│ .   .   3 │ .   .   9 │ .   .   .   4 │
└───────────┴───────────┴───────────────┘

Finished helmut
end-- helmut
