begin-- p(0,3)
Timeout is 600
Starting p(0,3)
% 4,338 inferences, 0.001 CPU in 0.001 seconds (100% CPU, 6325220 Lips)
Maybes generated. CHR takes over now.
% Started at Wed Jul 27 20:49:39 2016
% 0.693 seconds cpu time for 3,674,220 inferences
% 8,635 atoms, 5,483 functors, 4,723 predicates, 69 modules, 398,046 VM-codes
% 
%                        Limit    Allocated       In use
% Local  stack:    268,435,456      126,976        6,168 Bytes
% Global stack:    268,435,456    1,044,464      552,776 Bytes
% Trail  stack:    268,435,456      260,088        2,896 Bytes
% 
% 6 garbage collections gained 882,160 bytes in 0.003 seconds.
% Stack shifts: 2 local, 4 global, 3 trail in 0.000 seconds
% 1 threads, 0 finished threads used 0.000 seconds
┌───────┬───────┬───┐
│ .   . │ .   . │ 2 │
│       │       │   │
│ 4   . │ 4   . │ . │
├───┬───┴───┬───┴───┤
│ 3 │ 2   . │ .   2 │
│   ├───┬───┼───────┤
│ . │ 2 │ 2 │ 4   . │
│   │   │   │       │
│ . │ . │ . │ .   . │
└───┴───┴───┴───────┘

Finished p(0,3)
end-- p(0,3)
