begin-- expert
Timeout is 60
Warning: /home/georgi/Projects/aplai/Sudoku/chrVP2_sudoku.pl:203:
	Singleton variables: [Sorted]
Starting expert
bucket(4,[4-9,5-2,2-8,8-4,7-3,9-7,1-5,6-6,3-1])
bucket(2,[3-8,4-2,1-3,6-9,5-6,8-7,9-4,7-1,2-5])
bucket(7,[4-8,1-2,8-3,7-7,3-4,6-5,9-6,5-1,2-9])
bucket(6,[5-3,3-7,7-5,4-4,1-1,9-2,8-9,6-8,2-6])
bucket(8,[3-2,7-8,9-5,2-4,8-1,6-3,5-9,4-6,1-7])
bucket(3,[1-8,5-7,4-3,8-5,9-9,7-2,6-4,3-6,2-1])
bucket(9,[2-2,4-7,3-9,1-6,9-3,8-8,7-4,6-1,5-5])
bucket(1,[6-2,5-8,3-3,2-7,8-6,7-9,4-5,1-4,9-1])
bucket(5,[8-2,2-3,7-6,5-4,3-5,6-7,4-1,9-8,1-9])
can_start
% Started at Mon Aug  1 14:51:11 2016
% 2.072 seconds cpu time for 8,564,240 inferences
% 8,629 atoms, 5,495 functors, 4,732 predicates, 69 modules, 387,274 VM-codes
% 
%                        Limit    Allocated       In use
% Local  stack:    268,435,456      126,976        3,360 Bytes
% Global stack:    268,435,456    1,044,464      793,128 Bytes
% Trail  stack:    268,435,456      260,088       49,664 Bytes
% 
% 6 garbage collections gained 882,112 bytes in 0.003 seconds.
% Stack shifts: 2 local, 4 global, 3 trail in 0.000 seconds
% 1 threads, 0 finished threads used 0.000 seconds
end-- expert
