begin-- verydifficult
Timeout is 60
Warning: /home/georgi/Projects/aplai/Sudoku/chrVP2_sudoku.pl:203:
	Singleton variables: [Sorted]
Starting verydifficult
bucket(4,[8-3,1-8,5-2,4-7,6-6,9-9,7-4,3-5,2-1])
bucket(2,[2-4,3-2,6-5,4-3,1-7,5-9,9-1,8-8,7-6])
bucket(7,[2-8,3-3,4-9,8-5,6-1,9-7,7-2,5-6,1-4])
bucket(6,[6-4,2-3,4-1,8-2,7-5,9-8,5-7,3-6,1-9])
bucket(8,[2-5,4-2,5-4,3-9,7-7,9-6,8-1,6-8,1-3])
bucket(3,[2-2,3-8,1-5,6-7,7-1,9-4,8-9,5-3,4-6])
bucket(9,[1-2,4-5,5-1,7-8,9-3,8-4,6-9,3-7,2-6])
bucket(1,[4-4,6-2,5-8,2-9,3-1,7-3,8-7,1-6,9-5])
bucket(5,[2-7,6-3,5-5,9-2,1-1,8-6,7-9,4-8,3-4])
can_start
% Started at Mon Aug  1 14:51:10 2016
% 0.874 seconds cpu time for 4,177,566 inferences
% 8,629 atoms, 5,495 functors, 4,732 predicates, 69 modules, 387,274 VM-codes
% 
%                        Limit    Allocated       In use
% Local  stack:    268,435,456      126,976        2,016 Bytes
% Global stack:    268,435,456    1,044,464      779,120 Bytes
% Trail  stack:    268,435,456      260,088       41,600 Bytes
% 
% 6 garbage collections gained 882,112 bytes in 0.003 seconds.
% Stack shifts: 2 local, 4 global, 3 trail in 0.000 seconds
% 1 threads, 0 finished threads used 0.000 seconds
end-- verydifficult
