begin-- eastermonster
Timeout is 60
Warning: /home/georgi/Projects/aplai/Sudoku/chrVP2_sudoku.pl:203:
	Singleton variables: [Sorted]
Starting eastermonster
bucket(4,[1-3,3-9,5-6,4-1,7-5,8-7,9-2,6-8,2-4])
bucket(2,[8-4,4-5,6-7,2-1,5-2,3-6,7-8,9-3,1-9])
bucket(7,[4-8,6-3,2-6,8-9,9-4,1-2,7-1,5-5,3-7])
bucket(6,[2-5,4-9,1-8,5-4,8-1,9-6,6-2,7-7,3-3])
bucket(8,[2-9,1-5,5-3,4-7,3-2,9-1,7-6,8-8,6-4])
bucket(3,[5-7,3-8,1-4,2-3,6-1,9-5,7-9,8-2,4-6])
bucket(9,[1-7,3-5,5-1,7-3,6-9,9-8,8-6,4-4,2-2])
bucket(1,[2-7,4-3,5-8,3-4,8-5,6-6,7-2,9-9,1-1])
bucket(5,[5-9,1-6,3-1,7-4,8-3,9-7,6-5,4-2,2-8])
can_start
% Started at Mon Aug  1 14:54:13 2016
% 51.796 seconds cpu time for 188,490,840 inferences
% 8,629 atoms, 5,495 functors, 4,732 predicates, 69 modules, 387,274 VM-codes
% 
%                        Limit    Allocated       In use
% Local  stack:    268,435,456      126,976        3,024 Bytes
% Global stack:    268,435,456    1,044,464      799,480 Bytes
% Trail  stack:    268,435,456      260,088       51,912 Bytes
% 
% 6 garbage collections gained 882,112 bytes in 0.003 seconds.
% Stack shifts: 2 local, 4 global, 3 trail in 0.000 seconds
% 1 threads, 0 finished threads used 0.000 seconds
end-- eastermonster
