begin-- p(2,1)
Timeout is 600
Starting p(2,1)
% 58,414 inferences, 0.007 CPU in 0.007 seconds (100% CPU, 8280886 Lips)
Maybes generated. CHR takes over now.
% Started at Wed Jul 27 20:49:45 2016
% 0.748 seconds cpu time for 3,819,448 inferences
% 8,635 atoms, 5,483 functors, 4,723 predicates, 69 modules, 398,046 VM-codes
% 
%                        Limit    Allocated       In use
% Local  stack:    268,435,456      126,976       16,368 Bytes
% Global stack:    268,435,456    1,044,464      614,280 Bytes
% Trail  stack:    268,435,456      260,088        9,824 Bytes
% 
% 6 garbage collections gained 882,160 bytes in 0.003 seconds.
% Stack shifts: 2 local, 4 global, 3 trail in 0.000 seconds
% 1 threads, 0 finished threads used 0.000 seconds
┌───┬───────────┬───────┬───┬───┬───┬───┐
│ . │ 9   .   . │ 2   . │ . │ 2 │ . │ . │
│   │           ├───────┤   │   │   │   │
│ 2 │ .   .   . │ 2   . │ . │ . │ . │ 2 │
├───┤           ├───────┤   ├───┤   ├───┤
│ 2 │ .   .   . │ 2   . │ 3 │ 2 │ . │ . │
│   ├───┬───┬───┴───────┴───┤   │   │   │
│ . │ 2 │ 2 │ 4   .   .   . │ . │ . │ . │
├───┤   │   ├───────────────┴───┤   │   │
│ . │ . │ . │ .   .   5   .   . │ . │ 6 │
│   ├───┴───┴───────────┬───────┤   │   │
│ . │ .   .   .   .   . │ .   . │ . │ . │
│   │                   │       │   │   │
│ 4 │ 10  .   .   .   . │ .   8 │ 8 │ . │
│   ├───────┬───────────┤       │   │   │
│ . │ 6   . │ .   .   . │ .   . │ . │ . │
├───┤       │           │       ├───┴───┤
│ . │ .   . │ 6   .   . │ .   . │ 2   . │
│   │       ├───────┬───┴───────┴───────┤
│ 2 │ .   . │ .   2 │ .   5   .   .   . │
└───┴───────┴───────┴───────────────────┘

Finished p(2,1)
end-- p(2,1)
