begin-- p(1,2)
Timeout is 600
Starting p(1,2)
% 15,099 inferences, 0.002 CPU in 0.002 seconds (100% CPU, 7567401 Lips)
Maybes generated. CHR takes over now.
% Started at Wed Jul 27 20:49:42 2016
% 0.739 seconds cpu time for 3,710,297 inferences
% 8,635 atoms, 5,483 functors, 4,723 predicates, 69 modules, 398,046 VM-codes
% 
%                        Limit    Allocated       In use
% Local  stack:    268,435,456      126,976       10,152 Bytes
% Global stack:    268,435,456    1,044,464      575,512 Bytes
% Trail  stack:    268,435,456      260,088        5,824 Bytes
% 
% 6 garbage collections gained 882,160 bytes in 0.003 seconds.
% Stack shifts: 2 local, 4 global, 3 trail in 0.000 seconds
% 1 threads, 0 finished threads used 0.000 seconds
┌───┬───────┬───┬───┬───────┐
│ . │ .   . │ . │ 2 │ .   2 │
│   │       │   │   ├───────┤
│ 3 │ 8   . │ 4 │ . │ .   2 │
│   │       │   ├───┴───────┤
│ . │ .   . │ . │ .   .   . │
├───┤       │   │           │
│ 3 │ .   . │ . │ 6   .   . │
│   ├───┬───┴───┴───┬───────┤
│ . │ . │ .   3   . │ .   2 │
│   │   ├───────────┼───────┤
│ . │ 2 │ .   .   6 │ .   4 │
├───┴───┤           │       │
│ 2   . │ .   .   . │ .   . │
└───────┴───────────┴───────┘

Finished p(1,2)
end-- p(1,2)
