begin-- p(3,1)
Timeout is 600
Starting p(3,1)
% 382,058 inferences, 0.038 CPU in 0.038 seconds (100% CPU, 10114756 Lips)
Maybes generated. CHR takes over now.
% Started at Wed Jul 27 20:49:48 2016
% 13.156 seconds cpu time for 90,290,329 inferences
% 8,635 atoms, 5,483 functors, 4,723 predicates, 69 modules, 398,046 VM-codes
% 
%                        Limit    Allocated       In use
% Local  stack:    268,435,456      126,976       28,832 Bytes
% Global stack:    268,435,456    1,044,464      649,040 Bytes
% Trail  stack:    268,435,456      260,088       13,560 Bytes
% 
% 6 garbage collections gained 882,160 bytes in 0.003 seconds.
% Stack shifts: 2 local, 4 global, 3 trail in 0.000 seconds
% 1 threads, 0 finished threads used 0.000 seconds
┌───────┬───┬───┬───────────┬───────────────────────────────┐
│ .   . │ . │ . │ .   .   3 │ .   .   .   .   .   .   .   8 │
│       │   │   ├───────────┼───────────────────┬───────┬───┤
│ .   . │ . │ . │ .   .   . │ .   .   .   .   5 │ 2   . │ 12│
│       │   │   │           ├───────┬───┬───┬───┼───────┤   │
│ .   . │ 12│ . │ .   .   18│ .   . │ . │ . │ . │ .   . │ . │
│       │   │   │           │       │   │   │   │       │   │
│ .   22│ . │ 4 │ .   .   . │ .   . │ . │ . │ 9 │ .   . │ . │
│       │   ├───┤           │       │   │   │   │       │   │
│ .   . │ . │ 2 │ .   .   . │ .   6 │ 3 │ . │ . │ .   . │ . │
│       │   │   │           ├───────┴───┤   │   │       │   │
│ .   . │ . │ . │ .   .   . │ 3   .   . │ 4 │ . │ .   . │ . │
│       │   ├───┤           ├───────┬───┴───┤   │       │   │
│ .   . │ . │ . │ .   .   . │ 2   . │ .   2 │ . │ 16  . │ . │
│       │   │   ├───────────┴───────┴───────┤   │       │   │
│ .   . │ . │ . │ .   .   .   .   .   .   28│ . │ .   . │ . │
│       │   │   │                           │   │       │   │
│ .   . │ . │ 5 │ .   .   .   .   .   .   . │ . │ .   . │ . │
│       │   │   │                           │   │       │   │
│ .   . │ . │ . │ .   .   .   .   .   .   . │ . │ .   . │ . │
│       │   │   │                           │   ├───┬───┤   │
│ .   . │ . │ . │ .   .   .   .   .   .   . │ . │ 2 │ 2 │ . │
├───────┤   ├───┴───────────┬───────────────┴───┤   │   │   │
│ .   . │ . │ .   4   .   . │ .   .   .   .   15│ . │ . │ . │
│       ├───┼───────────────┤                   ├───┴───┤   │
│ .   . │ 2 │ .   4   .   . │ .   .   .   .   . │ 4   . │ . │
│       │   ├───────────────┤                   │       ├───┤
│ .   6 │ . │ .   4   .   . │ .   .   .   .   . │ .   . │ 2 │
├───────┼───┴───────────────┴───────┬───────────┼───────┤   │
│ .   2 │ .   .   .   .   7   .   . │ .   3   . │ .   2 │ . │
└───────┴───────────────────────────┴───────────┴───────┴───┘

Finished p(3,1)
end-- p(3,1)
