begin-- verydifficult
Timeout is 60
Starting verydifficult
bucket(4,[1-8,4-7,5-2,6-6,8-3,9-9,7-4,3-5,2-1])
bucket(2,[1-7,2-4,3-2,4-3,5-9,6-5,9-1,8-8,7-6])
bucket(7,[2-8,3-3,4-9,6-1,8-5,9-7,7-2,5-6,1-4])
bucket(6,[2-3,4-1,6-4,7-5,8-2,9-8,5-7,3-6,1-9])
bucket(8,[2-5,3-9,4-2,5-4,7-7,9-6,8-1,6-8,1-3])
bucket(3,[1-5,2-2,3-8,6-7,7-1,9-4,8-9,5-3,4-6])
bucket(9,[1-2,4-5,5-1,7-8,9-3,8-4,6-9,3-7,2-6])
bucket(1,[2-9,3-1,4-4,5-8,6-2,7-3,8-7,9-5,1-6])
bucket(5,[1-1,2-7,5-5,6-3,9-2,8-6,7-9,4-8,3-4])
can_start
% Started at Sun Jul 31 19:18:37 2016
% 1.065 seconds cpu time for 4,633,055 inferences
% 12,384 atoms, 6,215 functors, 5,305 predicates, 103 modules, 452,930 VM-codes
% 
%                        Limit    Allocated       In use
% Local  stack:    268,435,456      126,976        1,344 Bytes
% Global stack:    268,435,456    1,044,464      565,696 Bytes
% Trail  stack:    268,435,456      260,088       19,472 Bytes
% 
% 6 garbage collections gained 882,112 bytes in 0.003 seconds.
% Stack shifts: 2 local, 4 global, 3 trail in 0.000 seconds
% 2 threads, 0 finished threads used 0.000 seconds
end-- verydifficult
