begin-- tarek_052
Timeout is 60
Starting tarek_052
bucket(4,[2-8,3-1,4-5,5-7,6-3,7-4,8-9,9-2,1-6])
bucket(2,[1-7,2-1,3-5,4-3,6-6,7-2,9-9,8-4,5-8])
bucket(7,[1-1,2-6,3-9,5-2,7-3,8-8,9-4,6-5,4-7])
bucket(6,[1-2,3-8,4-4,5-3,8-6,9-1,7-9,6-7,2-5])
bucket(8,[1-8,2-3,3-6,6-4,8-2,9-7,7-5,5-9,4-1])
bucket(3,[1-4,3-3,5-6,6-2,8-5,9-8,7-1,4-9,2-7])
bucket(9,[1-9,2-2,4-6,5-1,6-8,7-7,9-5,8-3,3-4])
bucket(1,[2-4,3-7,4-2,5-5,6-9,7-8,8-1,9-6,1-3])
bucket(5,[1-5,3-2,4-8,5-4,7-6,8-7,9-3,6-1,2-9])
can_start
% Started at Sun Jul 31 19:22:41 2016
% 52.114 seconds cpu time for 174,124,266 inferences
% 12,384 atoms, 6,215 functors, 5,305 predicates, 103 modules, 452,930 VM-codes
% 
%                        Limit    Allocated       In use
% Local  stack:    268,435,456      126,976        1,344 Bytes
% Global stack:    268,435,456    1,044,464      574,784 Bytes
% Trail  stack:    268,435,456      260,088       23,088 Bytes
% 
% 6 garbage collections gained 882,112 bytes in 0.003 seconds.
% Stack shifts: 2 local, 4 global, 3 trail in 0.000 seconds
% 2 threads, 0 finished threads used 0.000 seconds
end-- tarek_052
