begin-- p(3,4)
Timeout is 1
Starting p(3,4)
% 567,025 inferences, 0.058 CPU in 0.058 seconds (100% CPU, 9843464 Lips)
Maybes generated. CHR takes over now.
% Started at Mon Aug  1 16:11:34 2016
% 0.781 seconds cpu time for 4,333,840 inferences
% 8,638 atoms, 5,474 functors, 4,710 predicates, 70 modules, 396,124 VM-codes
% 
%                        Limit    Allocated       In use
% Local  stack:    268,435,456      126,976        3,872 Bytes
% Global stack:    268,435,456    1,044,464      785,864 Bytes
% Trail  stack:    268,435,456      260,088       13,816 Bytes
% 
% 6 garbage collections gained 882,160 bytes in 0.003 seconds.
% Stack shifts: 2 local, 4 global, 3 trail in 0.000 seconds
% 1 threads, 0 finished threads used 0.000 seconds
┌───────┬───┬───┬───────────────┬───────┬───┬───┬───────────┐
│ .   . │ . │ . │ .   .   .   . │ 4   . │ 2 │ 3 │ .   3   . │
│       │   │   │               │       │   │   ├───────┬───┤
│ .   4 │ 2 │ 2 │ .   .   .   12│ .   . │ . │ . │ .   . │ . │
├───┬───┴───┴───┤               ├───────┴───┤   │       │   │
│ . │ 3   .   . │ .   .   .   . │ .   3   . │ . │ .   . │ . │
│   ├───────────┴───────────────┴───────────┴───┤       │   │
│ 2 │ .   .   .   .   .   .   .   .   11  .   . │ .   . │ . │
├───┴───────┬───────────────────────┬───────────┤       │   │
│ .   .   . │ .   .   .   .   .   . │ .   .   . │ .   . │ 7 │
│           │                       │           │       │   │
│ .   .   . │ .   .   .   .   .   . │ .   .   . │ .   . │ . │
│           │                       │           │       │   │
│ .   .   . │ .   .   .   .   36  . │ .   .   . │ .   . │ . │
│           │                       │           │       │   │
│ .   .   . │ .   .   .   .   .   . │ .   .   24│ .   . │ . │
│           │                       │           │       ├───┤
│ .   .   27│ .   .   .   .   .   . │ .   .   . │ 24  . │ 7 │
│           │                       │           │       │   │
│ .   .   . │ .   .   .   .   .   . │ .   .   . │ .   . │ . │
│           ├───┬───────────┬───────┤           │       │   │
│ .   .   . │ 3 │ .   .   . │ 2   . │ .   .   . │ .   . │ . │
│           │   │           ├───────┤           │       │   │
│ .   .   . │ . │ .   .   6 │ 2   . │ .   .   . │ .   . │ . │
│           │   ├───────────┼───┬───┼───────────┤       │   │
│ .   .   . │ . │ .   .   3 │ 2 │ . │ 3   .   . │ .   . │ . │
├───────────┴───┴───────────┤   │   ├───┬───┬───┴───────┤   │
│ .   .   .   7   .   .   . │ . │ 3 │ 2 │ 2 │ 6   .   . │ . │
├───────────────────────────┴───┤   │   │   │           │   │
│ .   .   .   .   .   8   .   . │ . │ . │ . │ .   .   . │ . │
└───────────────────────────────┴───┴───┴───┴───────────┴───┘

Finished p(3,4)
end-- p(3,4)
