begin-- p(3,5)
Timeout is 300
Starting p(3,5)
% 568,810 inferences, 0.067 CPU in 0.067 seconds (100% CPU, 8502226 Lips)
Maybes generated. CHR takes over now.
% Started at Sat Jul 30 12:43:18 2016
% 235.120 seconds cpu time for 1,552,607,218 inferences
% 8,643 atoms, 5,487 functors, 4,724 predicates, 69 modules, 399,063 VM-codes
% 
%                        Limit    Allocated       In use
% Local  stack:    268,435,456      126,976       19,056 Bytes
% Global stack:    268,435,456    1,044,464      636,728 Bytes
% Trail  stack:    268,435,456      260,088        8,056 Bytes
% 
% 6 garbage collections gained 882,160 bytes in 0.003 seconds.
% Stack shifts: 2 local, 4 global, 3 trail in 0.000 seconds
% 1 threads, 0 finished threads used 0.000 seconds
┌───────────────────────────────────┬───────┬───────┬───────┐
│ 9   .   .   .   .   .   .   .   . │ .   2 │ .   2 │ .   . │
├───────────────────────────────────┴───────┴───┬───┤       │
│ .   .   .   .   .   .   .   .   .   .   .   . │ . │ .   . │
│                                               │   │       │
│ .   .   .   .   .   .   36  .   .   .   .   . │ . │ .   . │
│                                               │   │       │
│ .   .   .   .   .   .   .   .   .   .   .   . │ 3 │ 16  . │
├───┬───────────────────────────────────────────┴───┤       │
│ . │ .   .   .   .   .   .   .   .   .   .   .   . │ .   . │
│   │                                               │       │
│ 2 │ .   .   .   .   .   24  .   .   .   .   .   . │ .   . │
├───┼───────────┬───────────────────────────────┬───┤       │
│ . │ .   .   3 │ .   8   .   .   .   .   .   . │ . │ .   . │
│   ├───┬───────┴───┬───────────────────────────┤   │       │
│ . │ 6 │ 3   .   . │ .   .   .   7   .   .   . │ . │ .   . │
│   │   ├───────────┴───────────────────────┬───┤   ├───┬───┤
│ . │ . │ .   .   .   .   9   .   .   .   . │ . │ . │ . │ 5 │
│   │   ├───┬───────────────────────────────┤   │   │   │   │
│ 5 │ . │ 2 │ .   .   .   .   .   .   .   16│ . │ . │ 5 │ . │
│   │   │   │                               │   │   │   │   │
│ . │ . │ . │ .   .   .   .   .   .   .   . │ . │ . │ . │ . │
├───┤   ├───┴───┬───────────┬───────────┬───┤   │   │   │   │
│ 2 │ . │ .   2 │ .   3   . │ .   .   6 │ 2 │ . │ . │ . │ . │
│   │   ├───────┴───┬───────┤           │   │   │   │   │   │
│ . │ . │ 3   .   . │ .   2 │ .   .   . │ . │ 5 │ 7 │ . │ . │
├───┼───┴───────────┴───────┴───────────┴───┴───┴───┴───┼───┤
│ 2 │ .   .   .   .   .   .   .   .   .   .   .   .   26│ 2 │
│   │                                                   │   │
│ . │ .   .   .   .   .   .   .   .   .   .   .   .   . │ . │
└───┴───────────────────────────────────────────────────┴───┘

Finished p(3,5)
end-- p(3,5)
