begin-- p(0,3)
Timeout is 300
Starting p(0,3)
% 7,533 inferences, 0.001 CPU in 0.001 seconds (100% CPU, 6498604 Lips)
Maybes generated. CHR takes over now.
% Started at Fri Jul 29 16:28:34 2016
% 0.722 seconds cpu time for 3,666,779 inferences
% 8,635 atoms, 5,484 functors, 4,721 predicates, 69 modules, 398,379 VM-codes
% 
%                        Limit    Allocated       In use
% Local  stack:    268,435,456      126,976        1,584 Bytes
% Global stack:    268,435,456    1,044,464      495,592 Bytes
% Trail  stack:    268,435,456      260,088        2,064 Bytes
% 
% 6 garbage collections gained 882,160 bytes in 0.003 seconds.
% Stack shifts: 2 local, 4 global, 3 trail in 0.000 seconds
% 1 threads, 0 finished threads used 0.000 seconds
┌───────┬───────┬───┐
│ .   . │ .   . │ 2 │
│       │       │   │
│ 4   . │ 4   . │ . │
├───┬───┴───┬───┴───┤
│ 3 │ 2   . │ .   2 │
│   ├───┬───┼───────┤
│ . │ 2 │ 2 │ 4   . │
│   │   │   │       │
│ . │ . │ . │ .   . │
└───┴───┴───┴───────┘

Finished p(0,3)
end-- p(0,3)
