begin-- p(2,2)
Timeout is 90
Starting p(2,2)
% 7,929,852 inferences, 1.031 CPU in 1.031 seconds (100% CPU, 7692417 Lips)
Maybes generated. CHR takes over now.
% Started at Sat Jul 30 13:41:18 2016
% 1.761 seconds cpu time for 11,594,030 inferences
% 8,637 atoms, 5,484 functors, 4,721 predicates, 69 modules, 398,544 VM-codes
% 
%                        Limit    Allocated       In use
% Local  stack:    268,435,456      126,976        1,584 Bytes
% Global stack:    268,435,456    1,044,464      568,536 Bytes
% Trail  stack:    268,435,456      260,088        5,328 Bytes
% 
% 6 garbage collections gained 882,160 bytes in 0.003 seconds.
% Stack shifts: 2 local, 4 global, 3 trail in 0.000 seconds
% 1 threads, 0 finished threads used 0.000 seconds
┌───┬───────────┬───────────┬───────┬───┐
│ . │ 3   .   . │ .   .   3 │ 2   . │ . │
│   ├───────────┴───────────┴───┬───┤   │
│ 2 │ 7   .   .   .   .   .   . │ . │ 2 │
├───┴───┬───────────────────────┤   ├───┤
│ 2   . │ .   .   6   .   .   . │ . │ . │
├───────┴───────┬───────┬───────┤   │   │
│ 4   .   .   . │ .   2 │ 2   . │ 4 │ 3 │
├───────┬───┬───┴───┬───┼───────┤   │   │
│ .   2 │ 2 │ .   12│ . │ 2   . │ . │ . │
├───────┤   │       │   ├───────┴───┼───┤
│ .   2 │ . │ .   . │ . │ .   .   . │ . │
├───────┴───┤       │   │           │   │
│ .   .   . │ .   . │ . │ .   6   . │ 2 │
│           │       │   ├───────────┴───┤
│ .   .   . │ .   . │ 5 │ 8   .   .   . │
│           │       │   │               │
│ .   .   . │ .   . │ . │ .   .   .   . │
│           │       ├───┴───┬───────────┤
│ .   12  . │ .   . │ 2   . │ 3   .   . │
└───────────┴───────┴───────┴───────────┘

Finished p(2,2)
end-- p(2,2)
