begin-- p(4,4)
Timeout is 300
Starting p(4,4)
% 2,425,737 inferences, 0.237 CPU in 0.238 seconds (99% CPU, 10239324 Lips)
Maybes generated. CHR takes over now.
% Started at Sat Jul 30 12:54:53 2016
% 1.784 seconds cpu time for 11,370,912 inferences
% 8,643 atoms, 5,487 functors, 4,724 predicates, 69 modules, 399,063 VM-codes
% 
%                        Limit    Allocated       In use
% Local  stack:    268,435,456      126,976       24,552 Bytes
% Global stack:    268,435,456    1,044,464      669,288 Bytes
% Trail  stack:    268,435,456      260,088       10,704 Bytes
% 
% 6 garbage collections gained 882,160 bytes in 0.003 seconds.
% Stack shifts: 2 local, 4 global, 3 trail in 0.000 seconds
% 1 threads, 0 finished threads used 0.000 seconds
┌───────────────────────────────────────┬───┬───────────────────┬───────────────┐
│ .   .   10  .   .   .   .   .   .   . │ . │ .   5   .   .   . │ .   .   .   36│
├───────────────────────────────────────┤   ├───────────────┬───┤               │
│ .   .   .   10  .   .   .   .   .   . │ 2 │ .   .   4   . │ . │ .   .   .   . │
├───────────────────────────────────────┴───┴───┬───────┬───┤   │               │
│ .   .   .   .   .   .   .   .   .   .   .   . │ .   . │ 4 │ . │ .   .   .   . │
│                                               │       │   │   │               │
│ .   .   .   .   .   .   .   .   .   .   .   . │ .   4 │ . │ . │ .   .   .   . │
│                                               ├───────┤   │   │               │
│ .   .   .   .   .   .   36  .   .   .   .   . │ .   2 │ . │ . │ .   .   .   . │
├───┬───────┬───────────────────────────────────┴───────┤   │   │               │
│ . │ 2   . │ .   .   .   .   .   .   .   11  .   .   . │ . │ 5 │ .   .   .   . │
│   ├───────┴───────────────────────────────────────────┴───┼───┤               │
│ . │ .   .   .   14  .   .   .   .   .   .   .   .   .   . │ 2 │ .   .   .   . │
│   ├───────┬───────────────────────┬───────────┬───────────┤   │               │
│ 4 │ .   2 │ .   .   .   .   .   6 │ 3   .   . │ .   .   3 │ . │ .   .   .   . │
│   ├───────┴───────────────────────┴───────────┴───┬───────┴───┤               │
│ . │ .   .   .   .   .   .   .   .   12  .   .   . │ 3   .   . │ .   .   .   . │
├───┴───────────────────────────────────────────────┼───────┬───┴───────────────┤
│ .   .   .   .   .   .   .   .   .   .   .   .   13│ 2   . │ .   5   .   .   . │
├───────────────────┬───────┬───────────────────────┴───────┴───────────────────┤
│ .   .   .   .   5 │ 2   . │ .   .   .   .   .   13  .   .   .   .   .   .   . │
├───────────────────┴───────┴───────┬───────────────────────────────┬───────────┤
│ .   .   .   .   .   .   .   .   . │ .   .   8   .   .   .   .   . │ .   3   . │
│                                   ├───┬───┬───────────────────────┴───────────┤
│ .   .   .   .   .   .   .   .   . │ . │ . │ .   .   .   .   .   .   .   .   . │
│                                   │   │   │                                   │
│ .   .   .   .   .   54  .   .   . │ . │ . │ .   .   .   .   .   .   .   .   . │
│                                   │   │   │                                   │
│ .   .   .   .   .   .   .   .   . │ . │ . │ .   .   .   .   45  .   .   .   . │
│                                   │   │   │                                   │
│ .   .   .   .   .   .   .   .   . │ . │ . │ .   .   .   .   .   .   .   .   . │
│                                   │   │   │                                   │
│ .   .   .   .   .   .   .   .   . │ 7 │ 5 │ .   .   .   .   .   .   .   .   . │
├───┬───┬───────────────────────────┤   ├───┴───────────────────────────────┬───┤
│ . │ . │ .   7   .   .   .   .   . │ . │ .   .   .   .   .   .   18  .   . │ 3 │
│   │   ├───────────────────┬───────┤   │                                   │   │
│ 2 │ 2 │ .   5   .   .   . │ 2   . │ . │ .   .   .   .   .   .   .   .   . │ . │
├───┴───┴───────────────────┴───────┴───┴───────────────────────────────────┤   │
│ .   .   .   .   .   .   .   .   .   .   .   .   .   .   .   .   19  .   . │ . │
└───────────────────────────────────────────────────────────────────────────┴───┘

Finished p(4,4)
end-- p(4,4)
