begin-- p(2,3)
Timeout is 1
Starting p(2,3)
% 59,729 inferences, 0.008 CPU in 0.008 seconds (100% CPU, 7814803 Lips)
Maybes generated. CHR takes over now.
% Started at Mon Aug  1 16:11:29 2016
% 0.786 seconds cpu time for 3,810,969 inferences
% 8,638 atoms, 5,474 functors, 4,710 predicates, 70 modules, 396,124 VM-codes
% 
%                        Limit    Allocated       In use
% Local  stack:    268,435,456      126,976        3,152 Bytes
% Global stack:    268,435,456    1,044,464      766,264 Bytes
% Trail  stack:    268,435,456      260,088        8,320 Bytes
% 
% 6 garbage collections gained 882,160 bytes in 0.004 seconds.
% Stack shifts: 2 local, 4 global, 3 trail in 0.000 seconds
% 1 threads, 0 finished threads used 0.000 seconds
┌───┬───────────────┬───────────────┬───┐
│ . │ .   4   .   . │ .   .   .   . │ . │
│   ├───────────────┤               │   │
│ . │ .   .   .   . │ .   .   .   . │ . │
│   │               │               │   │
│ 4 │ .   .   .   . │ 16  .   .   . │ 3 │
│   │               │               ├───┤
│ . │ .   .   12  . │ .   .   .   . │ . │
├───┼───────────┬───┴───────────┬───┤   │
│ 4 │ .   .   . │ 4   .   .   . │ . │ . │
│   │           ├───┬───┬───────┤   │   │
│ . │ .   15  . │ 4 │ 2 │ .   . │ . │ 3 │
│   │           │   │   │       │   ├───┤
│ . │ .   .   . │ . │ . │ .   . │ 4 │ 2 │
│   │           │   ├───┤       │   │   │
│ . │ .   .   . │ . │ . │ 8   . │ . │ . │
├───┤           │   │   │       ├───┴───┤
│ 2 │ .   .   . │ . │ 2 │ .   . │ 2   . │
│   ├───────────┼───┴───┴───────┴───────┤
│ . │ .   .   3 │ .   .   6   .   .   . │
└───┴───────────┴───────────────────────┘

Finished p(2,3)
end-- p(2,3)
