begin-- p(1,3)
Timeout is 90
Starting p(1,3)
% 210,613 inferences, 0.024 CPU in 0.024 seconds (100% CPU, 8614350 Lips)
Maybes generated. CHR takes over now.
% Started at Sat Jul 30 13:41:14 2016
% 0.782 seconds cpu time for 3,874,791 inferences
% 8,637 atoms, 5,484 functors, 4,721 predicates, 69 modules, 398,544 VM-codes
% 
%                        Limit    Allocated       In use
% Local  stack:    268,435,456      126,976        1,584 Bytes
% Global stack:    268,435,456    1,044,464      541,456 Bytes
% Trail  stack:    268,435,456      260,088        3,096 Bytes
% 
% 6 garbage collections gained 882,160 bytes in 0.003 seconds.
% Stack shifts: 2 local, 4 global, 3 trail in 0.000 seconds
% 1 threads, 0 finished threads used 0.000 seconds
┌───────────┬───────────────┐
│ 3   .   . │ .   .   .   4 │
├───┬───────┴───────────┬───┤
│ . │ .   .   5   .   . │ 2 │
│   ├───────┬───────────┤   │
│ 2 │ 2   . │ .   3   . │ . │
├───┴───────┴───────────┼───┤
│ .   .   6   .   .   . │ . │
├───────────────────┬───┤   │
│ .   .   .   5   . │ . │ 3 │
├───────────┬───────┤   │   │
│ .   .   3 │ 2   . │ 2 │ . │
├───────────┴───────┴───┴───┤
│ .   .   .   .   7   .   . │
└───────────────────────────┘

Finished p(1,3)
end-- p(1,3)
