begin-- p(1,2)
Timeout is 1
Starting p(1,2)
% 14,771 inferences, 0.002 CPU in 0.002 seconds (100% CPU, 7563654 Lips)
Maybes generated. CHR takes over now.
% Started at Mon Aug  1 16:11:25 2016
% 0.708 seconds cpu time for 3,764,911 inferences
% 8,638 atoms, 5,474 functors, 4,710 predicates, 70 modules, 396,124 VM-codes
% 
%                        Limit    Allocated       In use
% Local  stack:    268,435,456      126,976        2,072 Bytes
% Global stack:    268,435,456    1,044,464      756,720 Bytes
% Trail  stack:    268,435,456      260,088        6,416 Bytes
% 
% 6 garbage collections gained 882,160 bytes in 0.003 seconds.
% Stack shifts: 2 local, 4 global, 3 trail in 0.000 seconds
% 1 threads, 0 finished threads used 0.000 seconds
┌───┬───────┬───┬───┬───────┐
│ . │ .   . │ . │ 2 │ .   2 │
│   │       │   │   ├───────┤
│ 3 │ 8   . │ 4 │ . │ .   2 │
│   │       │   ├───┴───────┤
│ . │ .   . │ . │ .   .   . │
├───┤       │   │           │
│ 3 │ .   . │ . │ 6   .   . │
│   ├───┬───┴───┴───┬───────┤
│ . │ . │ .   3   . │ .   2 │
│   │   ├───────────┼───────┤
│ . │ 2 │ .   .   6 │ .   4 │
├───┴───┤           │       │
│ 2   . │ .   .   . │ .   . │
└───────┴───────────┴───────┘

Finished p(1,2)
end-- p(1,2)
