begin-- p(0,5)
Timeout is 300
Starting p(0,5)
% 12,503 inferences, 0.002 CPU in 0.002 seconds (100% CPU, 6618205 Lips)
Maybes generated. CHR takes over now.
% Started at Fri Jul 29 16:28:35 2016
% 0.737 seconds cpu time for 3,671,749 inferences
% 8,635 atoms, 5,484 functors, 4,721 predicates, 69 modules, 398,379 VM-codes
% 
%                        Limit    Allocated       In use
% Local  stack:    268,435,456      126,976        1,584 Bytes
% Global stack:    268,435,456    1,044,464      495,360 Bytes
% Trail  stack:    268,435,456      260,088        2,144 Bytes
% 
% 6 garbage collections gained 882,160 bytes in 0.003 seconds.
% Stack shifts: 2 local, 4 global, 3 trail in 0.000 seconds
% 1 threads, 0 finished threads used 0.000 seconds
┌───────┬───────┬───┐
│ .   2 │ 2   . │ . │
├───────┴───────┤   │
│ .   4   .   . │ . │
├───┬───────────┤   │
│ 2 │ .   .   3 │ 3 │
│   ├───────────┼───┤
│ . │ .   .   3 │ . │
├───┴───────────┤   │
│ 4   .   .   . │ 2 │
└───────────────┴───┘

Finished p(0,5)
end-- p(0,5)
