begin-- p(2,1)
Timeout is 1
Starting p(2,1)
% 57,921 inferences, 0.007 CPU in 0.007 seconds (100% CPU, 8420758 Lips)
Maybes generated. CHR takes over now.
% Started at Mon Aug  1 16:11:28 2016
% 0.796 seconds cpu time for 3,837,311 inferences
% 8,638 atoms, 5,474 functors, 4,710 predicates, 70 modules, 396,124 VM-codes
% 
%                        Limit    Allocated       In use
% Local  stack:    268,435,456      126,976        3,152 Bytes
% Global stack:    268,435,456    1,044,464      774,000 Bytes
% Trail  stack:    268,435,456      260,088       10,616 Bytes
% 
% 6 garbage collections gained 882,160 bytes in 0.003 seconds.
% Stack shifts: 2 local, 4 global, 3 trail in 0.000 seconds
% 1 threads, 0 finished threads used 0.000 seconds
┌───┬───────────┬───────┬───┬───┬───┬───┐
│ . │ 9   .   . │ 2   . │ . │ 2 │ . │ . │
│   │           ├───────┤   │   │   │   │
│ 2 │ .   .   . │ 2   . │ . │ . │ . │ 2 │
├───┤           ├───────┤   ├───┤   ├───┤
│ 2 │ .   .   . │ 2   . │ 3 │ 2 │ . │ . │
│   ├───┬───┬───┴───────┴───┤   │   │   │
│ . │ 2 │ 2 │ 4   .   .   . │ . │ . │ . │
├───┤   │   ├───────────────┴───┤   │   │
│ . │ . │ . │ .   .   5   .   . │ . │ 6 │
│   ├───┴───┴───────────┬───────┤   │   │
│ . │ .   .   .   .   . │ .   . │ . │ . │
│   │                   │       │   │   │
│ 4 │ 10  .   .   .   . │ .   8 │ 8 │ . │
│   ├───────┬───────────┤       │   │   │
│ . │ 6   . │ .   .   . │ .   . │ . │ . │
├───┤       │           │       ├───┴───┤
│ . │ .   . │ 6   .   . │ .   . │ 2   . │
│   │       ├───────┬───┴───────┴───────┤
│ 2 │ .   . │ .   2 │ .   5   .   .   . │
└───┴───────┴───────┴───────────────────┘

Finished p(2,1)
end-- p(2,1)
