begin-- p(4,1)
Timeout is 300
Starting p(4,1)
% 2,145,930 inferences, 0.205 CPU in 0.205 seconds (100% CPU, 10461972 Lips)
Maybes generated. CHR takes over now.
% Started at Sat Jul 30 12:47:13 2016
% 36.844 seconds cpu time for 247,592,244 inferences
% 8,643 atoms, 5,487 functors, 4,724 predicates, 69 modules, 399,063 VM-codes
% 
%                        Limit    Allocated       In use
% Local  stack:    268,435,456      126,976       35,224 Bytes
% Global stack:    268,435,456    1,044,464      714,152 Bytes
% Trail  stack:    268,435,456      260,088       14,832 Bytes
% 
% 6 garbage collections gained 882,160 bytes in 0.003 seconds.
% Stack shifts: 2 local, 4 global, 3 trail in 0.000 seconds
% 1 threads, 0 finished threads used 0.000 seconds
┌───────────┬───┬───┬───────┬───────────────┬───────────────────┬───┬───────────┐
│ .   .   3 │ . │ . │ 2   . │ 4   .   .   . │ .   .   .   .   . │ . │ .   .   . │
├───────┬───┤   │   ├───────┴───┬───────────┤                   │   │           │
│ .   2 │ . │ 4 │ . │ .   .   . │ 3   .   . │ .   .   .   .   15│ 3 │ 6   .   . │
├───────┤   │   │   │           ├───┬───────┤                   │   ├───────┬───┤
│ .   . │ . │ . │ . │ .   .   . │ . │ .   2 │ .   .   .   .   . │ . │ .   2 │ 3 │
│       │   │   │   │           │   ├───┬───┴───────────────────┴───┼───────┤   │
│ 4   . │ . │ . │ 7 │ .   .   . │ 2 │ . │ .   .   .   .   .   .   7 │ .   2 │ . │
├───┬───┤   ├───┤   │           ├───┤   ├───────────────────────────┴───────┤   │
│ . │ . │ . │ 5 │ . │ .   .   . │ 2 │ 3 │ .   9   .   .   .   .   .   .   . │ . │
│   │   │   │   │   │           │   │   ├───────────────────────────────────┴───┤
│ 2 │ 2 │ . │ . │ . │ .   18  . │ . │ . │ .   .   .   .   .   .   .   .   .   . │
├───┴───┤   │   │   │           ├───┴───┤                                       │
│ .   2 │ . │ . │ . │ .   .   . │ .   2 │ .   .   20  .   .   .   .   .   .   . │
├───────┤   │   ├───┴───────────┴───────┴───────────────────────────────────┬───┤
│ .   . │ . │ . │ .   .   .   .   .   .   .   .   .   .   .   .   .   .   . │ . │
│       │   │   │                                                           │   │
│ 20  . │ . │ . │ .   .   .   .   .   .   .   .   .   .   .   .   .   .   . │ 3 │
│       │   ├───┤                                                           │   │
│ .   . │ . │ 3 │ .   .   .   .   .   .   45  .   .   .   .   .   .   .   . │ . │
│       │   │   ├───────────────────────────────────────────────────────┬───┼───┤
│ .   . │ . │ . │ .   .   .   .   .   .   .   .   .   .   .   .   .   . │ . │ . │
│       │   │   │                                                       │   │   │
│ .   . │ . │ . │ .   .   .   .   .   .   .   .   .   .   28  .   .   . │ 2 │ 2 │
│       │   ├───┼───────┬───────────┬───────────────────────────────┬───┴───┴───┤
│ .   . │ . │ . │ 2   . │ .   3   . │ .   .   .   .   .   40  .   . │ .   .   . │
│       │   │   ├───┬───┴───┬───────┤                               │           │
│ .   . │ . │ . │ . │ 2   . │ .   12│ .   .   .   .   .   .   .   . │ .   .   . │
│       │   │   │   ├───────┤       │                               │           │
│ .   . │ 14│ . │ 4 │ 6   . │ .   . │ .   .   .   .   .   .   .   . │ 18  .   . │
│       ├───┤   │   │       │       │                               │           │
│ .   . │ 2 │ 6 │ . │ .   . │ .   . │ .   .   .   .   .   .   .   . │ .   .   . │
│       │   │   │   │       │       │                               │           │
│ .   . │ . │ . │ . │ .   . │ .   . │ .   .   .   .   .   .   .   . │ .   .   . │
├───────┼───┤   ├───┴───────┤       ├───┬───────────────────┬───────┤           │
│ .   . │ . │ . │ 3   .   . │ .   . │ . │ .   .   .   15  . │ .   2 │ .   .   . │
│       │   ├───┴───────────┤       │   │                   ├───┬───┼───────────┤
│ .   . │ 2 │ .   4   .   . │ .   . │ 2 │ .   .   .   .   . │ . │ . │ .   .   . │
│       ├───┴───────┬───────┼───────┴───┤                   │   │   │           │
│ .   6 │ .   .   3 │ 2   . │ 3   .   . │ .   .   .   .   . │ 2 │ 2 │ .   .   6 │
└───────┴───────────┴───────┴───────────┴───────────────────┴───┴───┴───────────┘

Finished p(4,1)
end-- p(4,1)
