begin-- tiny
Timeout is 300
Starting tiny
% 648 inferences, 0.000 CPU in 0.000 seconds (100% CPU, 4225435 Lips)
Maybes generated. CHR takes over now.
% Started at Sat Jul 30 12:39:34 2016
% 0.710 seconds cpu time for 3,674,560 inferences
% 8,643 atoms, 5,487 functors, 4,724 predicates, 69 modules, 399,063 VM-codes
% 
%                        Limit    Allocated       In use
% Local  stack:    268,435,456      126,976        2,592 Bytes
% Global stack:    268,435,456    1,044,464      558,432 Bytes
% Trail  stack:    268,435,456      260,088          984 Bytes
% 
% 6 garbage collections gained 882,160 bytes in 0.003 seconds.
% Stack shifts: 2 local, 4 global, 3 trail in 0.000 seconds
% 1 threads, 0 finished threads used 0.000 seconds
┌───────┬───┐
│ 4   . │ 2 │
│       │   │
│ .   . │ . │
├───────┴───┤
│ .   3   . │
└───────────┘

Finished tiny
end-- tiny
