begin-- p(4,2)
Timeout is 300
Starting p(4,2)
% 2,189,628 inferences, 0.217 CPU in 0.217 seconds (100% CPU, 10094980 Lips)
Maybes generated. CHR takes over now.
% Started at Sat Jul 30 12:47:50 2016
% 123.234 seconds cpu time for 770,282,054 inferences
% 8,643 atoms, 5,487 functors, 4,724 predicates, 69 modules, 399,063 VM-codes
% 
%                        Limit    Allocated       In use
% Local  stack:    268,435,456      126,976       24,712 Bytes
% Global stack:    268,435,456    1,044,464      678,008 Bytes
% Trail  stack:    268,435,456      260,088       10,920 Bytes
% 
% 6 garbage collections gained 882,160 bytes in 0.003 seconds.
% Stack shifts: 2 local, 4 global, 3 trail in 0.000 seconds
% 1 threads, 0 finished threads used 0.000 seconds
┌───────┬───┬───┬───────────┬───────────────────────────────────────────────────┐
│ .   . │ 2 │ . │ .   .   3 │ .   .   .   .   13  .   .   .   .   .   .   .   . │
│       │   │   ├───────────┴───────────────────────────────────────────────────┤
│ .   . │ . │ 4 │ .   .   .   .   .   .   .   .   .   .   .   .   .   .   .   . │
│       ├───┤   │                                                               │
│ .   . │ . │ . │ .   .   .   .   48  .   .   .   .   .   .   .   .   .   .   . │
│       │   │   │                                                               │
│ .   . │ . │ . │ .   .   .   .   .   .   .   .   .   .   .   .   .   .   .   . │
│       │   ├───┴───────────────────────────────────────────────────────────────┤
│ .   10│ 3 │ .   .   .   .   17  .   .   .   .   .   .   .   .   .   .   .   . │
├───────┼───┼───────────────────────────────────────────────────┬───────┬───────┤
│ .   . │ . │ .   .   .   .   .   .   39  .   .   .   .   .   . │ .   6 │ .   2 │
│       │   │                                                   │       ├───┬───┤
│ 4   . │ 3 │ .   .   .   .   .   .   .   .   .   .   .   .   . │ .   . │ . │ . │
├───────┤   │                                                   │       │   │   │
│ 2   . │ . │ .   .   .   .   .   .   .   .   .   .   .   .   . │ .   . │ 2 │ 2 │
├───┬───┴───┴───────┬───┬───────┬───┬───────────┬───────┬───────┴───────┴───┴───┤
│ 5 │ .   .   .   16│ 2 │ .   . │ . │ .   .   . │ .   . │ .   .   .   .   .   . │
│   │               │   │       │   │           │       │                       │
│ . │ .   .   .   . │ . │ .   . │ 4 │ .   .   . │ .   . │ .   .   .   .   .   . │
│   │               ├───┤       │   │           │       │                       │
│ . │ .   .   .   . │ . │ 8   . │ . │ 12  .   . │ .   . │ .   .   .   .   .   . │
│   │               │   │       │   │           │       │                       │
│ . │ .   .   .   . │ 2 │ .   . │ . │ .   .   . │ 8   . │ .   .   .   .   .   . │
│   ├───────────────┴───┴───────┴───┴───────────┴───────┤                       │
│ . │ .   .   .   .   .   .   .   .   .   .   13  .   . │ 30  .   .   .   .   . │
├───┴───┬───────────────────────────────────────────────┴───────┬───────────────┤
│ .   . │ .   .   .   .   .   .   .   .   .   .   .   .   .   . │ 4   .   .   . │
│       │                                                       ├───────┬───────┤
│ .   4 │ .   .   .   .   28  .   .   .   .   .   .   .   .   . │ 10  . │ .   . │
├───────┴───────────────────────────────────────────────────────┤       │       │
│ .   .   .   .   .   .   .   .   .   .   .   .   .   .   .   . │ .   . │ .   . │
│                                                               │       │       │
│ .   .   .   .   .   .   .   .   .   .   .   .   .   .   .   . │ .   . │ .   6 │
│                                                               │       ├───────┤
│ .   .   .   .   .   .   .   .   .   .   48  .   .   .   .   . │ .   . │ .   2 │
├───┬───────────┬───────┬───────────────────────────────┬───────┤       ├───────┤
│ . │ .   .   3 │ .   2 │ .   .   .   .   .   .   8   . │ 2   . │ .   . │ .   2 │
│   ├───────────┴───┬───┴───┬───────┬───────────────────┴───────┴───────┴───────┤
│ 2 │ .   4   .   . │ 2   . │ .   2 │ .   .   .   .   .   .   .   .   .   .   11│
└───┴───────────────┴───────┴───────┴───────────────────────────────────────────┘

Finished p(4,2)
end-- p(4,2)
