begin-- p(0,4)
Timeout is 300
Starting p(0,4)
% 3,658 inferences, 0.001 CPU in 0.001 seconds (100% CPU, 5794695 Lips)
Maybes generated. CHR takes over now.
% Started at Sat Jul 30 12:39:38 2016
% 0.724 seconds cpu time for 3,678,763 inferences
% 8,643 atoms, 5,487 functors, 4,724 predicates, 69 modules, 399,063 VM-codes
% 
%                        Limit    Allocated       In use
% Local  stack:    268,435,456      126,976        5,592 Bytes
% Global stack:    268,435,456    1,044,464      571,608 Bytes
% Trail  stack:    268,435,456      260,088        2,424 Bytes
% 
% 6 garbage collections gained 882,160 bytes in 0.003 seconds.
% Stack shifts: 2 local, 4 global, 3 trail in 0.000 seconds
% 1 threads, 0 finished threads used 0.000 seconds
┌───────────────┬───┐
│ .   4   .   . │ 2 │
├───┬───────────┤   │
│ . │ .   3   . │ . │
│   ├───────────┴───┤
│ 2 │ 4   .   .   . │
├───┴───┬───────────┤
│ .   2 │ 3   .   . │
├───────┴───┬───────┤
│ 3   .   . │ 2   . │
└───────────┴───────┘

Finished p(0,4)
end-- p(0,4)
