begin-- p(1,1)
Timeout is 300
Starting p(1,1)
% 12,884 inferences, 0.002 CPU in 0.002 seconds (100% CPU, 5755378 Lips)
Maybes generated. CHR takes over now.
% Started at Sat Jul 30 12:39:40 2016
% 0.768 seconds cpu time for 3,693,168 inferences
% 8,643 atoms, 5,487 functors, 4,724 predicates, 69 modules, 399,063 VM-codes
% 
%                        Limit    Allocated       In use
% Local  stack:    268,435,456      126,976        8,088 Bytes
% Global stack:    268,435,456    1,044,464      584,568 Bytes
% Trail  stack:    268,435,456      260,088        3,816 Bytes
% 
% 6 garbage collections gained 882,160 bytes in 0.004 seconds.
% Stack shifts: 2 local, 4 global, 3 trail in 0.000 seconds
% 1 threads, 0 finished threads used 0.000 seconds
┌───────┬───┬───────┬───────┐
│ .   . │ . │ .   . │ .   . │
│       │   │       │       │
│ .   . │ . │ .   . │ 4   . │
│       │   │       ├───────┤
│ 6   . │ 3 │ .   6 │ .   2 │
├───────┴───┼───┬───┼───┬───┤
│ .   .   3 │ 2 │ . │ 2 │ 2 │
├───┬───────┤   │   │   │   │
│ 3 │ .   2 │ . │ . │ . │ . │
│   ├───┬───┴───┤   ├───┴───┤
│ . │ 2 │ 4   . │ 4 │ .   4 │
│   │   │       │   │       │
│ . │ . │ .   . │ . │ .   . │
└───┴───┴───────┴───┴───────┘

Finished p(1,1)
end-- p(1,1)
