begin-- p(3,2)
Timeout is 90
Starting p(3,2)
% 432,541,430 inferences, 45.514 CPU in 45.561 seconds (100% CPU, 9503390 Lips)
Maybes generated. CHR takes over now.
% Started at Sat Jul 30 13:41:31 2016
% 46.281 seconds cpu time for 436,205,608 inferences
% 8,637 atoms, 5,484 functors, 4,721 predicates, 69 modules, 398,544 VM-codes
% 
%                        Limit    Allocated       In use
% Local  stack:    268,435,456      126,976        1,584 Bytes
% Global stack:    268,435,456    1,044,464      580,224 Bytes
% Trail  stack:    268,435,456      260,088        5,976 Bytes
% 
% 6 garbage collections gained 882,160 bytes in 0.004 seconds.
% Stack shifts: 2 local, 4 global, 3 trail in 0.000 seconds
% 1 threads, 0 finished threads used 0.000 seconds
┌───┬───────────────┬───┬───────────────────────┬───┬───────┐
│ . │ .   .   4   . │ . │ .   .   .   .   30  . │ . │ .   . │
│   ├───────────────┤   │                       │   │       │
│ . │ .   .   .   . │ . │ .   .   .   .   .   . │ . │ .   . │
│   │               │   │                       │   │       │
│ . │ .   .   .   . │ 4 │ .   .   .   .   .   . │ 5 │ .   . │
│   │               │   │                       │   │       │
│ . │ .   .   .   . │ . │ .   .   .   .   .   . │ . │ .   . │
│   │               ├───┤                       │   │       │
│ . │ .   .   24  . │ 2 │ .   .   .   .   .   . │ . │ .   . │
│   │               │   ├───────────────────┬───┼───┤       │
│ . │ .   .   .   . │ . │ .   .   .   25  . │ . │ . │ .   . │
│   │               ├───┤                   │   │   │       │
│ 7 │ .   .   .   . │ . │ .   .   .   .   . │ . │ . │ .   . │
├───┴───┬───────────┤   │                   │   │   │       │
│ 2   . │ 3   .   . │ 2 │ .   .   .   .   . │ . │ . │ .   . │
├───┬───┼───┬───────┴───┤                   │   │   │       │
│ 5 │ . │ . │ 6   .   . │ .   .   .   .   . │ 5 │ 5 │ .   . │
│   │   │   │           │                   │   │   │       │
│ . │ 2 │ 2 │ .   .   . │ .   .   .   .   . │ . │ . │ .   . │
│   ├───┴───┴───────────┴───────┬───┬───┬───┴───┴───┤       │
│ . │ .   .   .   .   .   .   . │ 5 │ . │ .   .   . │ .   . │
│   │                           │   │   │           │       │
│ . │ .   .   .   .   .   .   . │ . │ 2 │ .   .   . │ 28  . │
│   │                           │   ├───┤           │       │
│ . │ .   .   .   .   .   .   . │ . │ . │ .   15  . │ .   . │
├───┤                           │   │   │           │       │
│ 2 │ .   .   .   28  .   .   . │ . │ 3 │ .   .   . │ .   . │
│   ├───────────┬───────┬───────┤   │   │           ├───────┤
│ . │ .   3   . │ 2   . │ 2   . │ . │ . │ .   .   . │ 2   . │
└───┴───────────┴───────┴───────┴───┴───┴───────────┴───────┘

Finished p(3,2)
end-- p(3,2)
