begin-- p(3,1)
Timeout is 1
Starting p(3,1)
% 381,676 inferences, 0.039 CPU in 0.039 seconds (100% CPU, 9878187 Lips)
Maybes generated. CHR takes over now.
% Started at Mon Aug  1 16:11:32 2016
% 0.760 seconds cpu time for 4,256,829 inferences
% 8,638 atoms, 5,474 functors, 4,710 predicates, 70 modules, 396,124 VM-codes
% 
%                        Limit    Allocated       In use
% Local  stack:    268,435,456      126,976        6,392 Bytes
% Global stack:    268,435,456    1,044,464      792,320 Bytes
% Trail  stack:    268,435,456      260,088       16,312 Bytes
% 
% 6 garbage collections gained 882,160 bytes in 0.003 seconds.
% Stack shifts: 2 local, 4 global, 3 trail in 0.000 seconds
% 1 threads, 0 finished threads used 0.000 seconds
┌───────┬───┬───┬───────────┬───────────────────────────────┐
│ .   . │ . │ . │ .   .   3 │ .   .   .   .   .   .   .   8 │
│       │   │   ├───────────┼───────────────────┬───────┬───┤
│ .   . │ . │ . │ .   .   . │ .   .   .   .   5 │ 2   . │ 12│
│       │   │   │           ├───────┬───┬───┬───┼───────┤   │
│ .   . │ 12│ . │ .   .   18│ .   . │ . │ . │ . │ .   . │ . │
│       │   │   │           │       │   │   │   │       │   │
│ .   22│ . │ 4 │ .   .   . │ .   . │ . │ . │ 9 │ .   . │ . │
│       │   ├───┤           │       │   │   │   │       │   │
│ .   . │ . │ 2 │ .   .   . │ .   6 │ 3 │ . │ . │ .   . │ . │
│       │   │   │           ├───────┴───┤   │   │       │   │
│ .   . │ . │ . │ .   .   . │ 3   .   . │ 4 │ . │ .   . │ . │
│       │   ├───┤           ├───────┬───┴───┤   │       │   │
│ .   . │ . │ . │ .   .   . │ 2   . │ .   2 │ . │ 16  . │ . │
│       │   │   ├───────────┴───────┴───────┤   │       │   │
│ .   . │ . │ . │ .   .   .   .   .   .   28│ . │ .   . │ . │
│       │   │   │                           │   │       │   │
│ .   . │ . │ 5 │ .   .   .   .   .   .   . │ . │ .   . │ . │
│       │   │   │                           │   │       │   │
│ .   . │ . │ . │ .   .   .   .   .   .   . │ . │ .   . │ . │
│       │   │   │                           │   ├───┬───┤   │
│ .   . │ . │ . │ .   .   .   .   .   .   . │ . │ 2 │ 2 │ . │
├───────┤   ├───┴───────────┬───────────────┴───┤   │   │   │
│ .   . │ . │ .   4   .   . │ .   .   .   .   15│ . │ . │ . │
│       ├───┼───────────────┤                   ├───┴───┤   │
│ .   . │ 2 │ .   4   .   . │ .   .   .   .   . │ 4   . │ . │
│       │   ├───────────────┤                   │       ├───┤
│ .   6 │ . │ .   4   .   . │ .   .   .   .   . │ .   . │ 2 │
├───────┼───┴───────────────┴───────┬───────────┼───────┤   │
│ .   2 │ .   .   .   .   7   .   . │ .   3   . │ .   2 │ . │
└───────┴───────────────────────────┴───────────┴───────┴───┘

Finished p(3,1)
end-- p(3,1)
