begin-- p(4,5)
Timeout is 1
Starting p(4,5)
% 2,033,880 inferences, 0.195 CPU in 0.195 seconds (100% CPU, 10448674 Lips)
Maybes generated. CHR takes over now.
% Started at Mon Aug  1 16:11:40 2016
% 0.972 seconds cpu time for 5,825,414 inferences
% 8,638 atoms, 5,474 functors, 4,710 predicates, 70 modules, 396,124 VM-codes
% 
%                        Limit    Allocated       In use
% Local  stack:    268,435,456      126,976        5,672 Bytes
% Global stack:    268,435,456    1,044,464      824,216 Bytes
% Trail  stack:    268,435,456      260,088       20,144 Bytes
% 
% 6 garbage collections gained 882,160 bytes in 0.004 seconds.
% Stack shifts: 2 local, 4 global, 3 trail in 0.000 seconds
% 1 threads, 0 finished threads used 0.000 seconds
┌───┬───────────┬───┬───────────────────────────────────┬───────┬───────────────┐
│ . │ .   6   . │ 2 │ .   .   .   .   .   .   .   18  . │ 2   . │ 4   .   .   . │
end-- p(4,5)
