begin-- p(2,4)
Timeout is 300
Starting p(2,4)
% 59,943 inferences, 0.007 CPU in 0.007 seconds (100% CPU, 8722641 Lips)
Maybes generated. CHR takes over now.
% Started at Sat Jul 30 12:39:46 2016
% 0.889 seconds cpu time for 4,885,855 inferences
% 8,643 atoms, 5,487 functors, 4,724 predicates, 69 modules, 399,063 VM-codes
% 
%                        Limit    Allocated       In use
% Local  stack:    268,435,456      126,976       13,264 Bytes
% Global stack:    268,435,456    1,044,464      605,480 Bytes
% Trail  stack:    268,435,456      260,088        5,664 Bytes
% 
% 6 garbage collections gained 882,160 bytes in 0.003 seconds.
% Stack shifts: 2 local, 4 global, 3 trail in 0.000 seconds
% 1 threads, 0 finished threads used 0.000 seconds
┌───┬───────────────────┬───────────────┐
│ . │ .   .   .   10  . │ .   .   4   . │
│   │                   ├───────┬───┬───┤
│ 2 │ .   .   .   .   . │ 2   . │ 2 │ . │
├───┴───────────────────┴───────┤   │   │
│ .   .   .   .   8   .   .   . │ . │ . │
├───┬───────┬───────┬───────┬───┴───┤   │
│ 7 │ 2   . │ 2   . │ 2   . │ .   . │ . │
│   ├───────┴───┬───┼───┬───┤       │   │
│ . │ .   .   . │ . │ . │ . │ .   8 │ 7 │
│   │           │   │   │   │       │   │
│ . │ .   .   . │ 3 │ . │ . │ .   . │ . │
│   │           │   │   │   │       │   │
│ . │ 9   .   . │ . │ 4 │ . │ .   . │ . │
│   ├───────┬───┴───┤   │   ├───┬───┤   │
│ . │ .   2 │ 2   . │ . │ 4 │ 3 │ 3 │ . │
│   ├───────┴───────┴───┴───┤   │   ├───┤
│ . │ .   .   .   .   .   12│ . │ . │ . │
│   │                       │   │   │   │
│ . │ .   .   .   .   .   . │ . │ . │ 2 │
└───┴───────────────────────┴───┴───┴───┘

Finished p(2,4)
end-- p(2,4)
