begin-- inkara2012
Timeout is 60
Warning: /home/georgi/Projects/aplai/Sudoku/chrVP2_sudoku.pl:212:
	Singleton variables: [Sorted]
Starting inkara2012
[ (9-9,[2,3,5,7]), (9-8,[2,5,7]), (9-6,[1,2,3,6,8]), (9-5,[1,2,3,6,7,8]), (9-4,[2,3,7,8]), (9-3,[2,5,6,7]), (9-1,[2,3,5,6,7]), (8-9,[2,3,7,9]), (8-7,[3,9]), (8-6,[2,3,4,6,9]), (8-5,[2,3,6,7]), (8-2,[2,3,4,6]), (8-1,[2,3,4,6,7]), (7-7,[3,5,9]), (7-6,[2,3,4,9]), (7-5,[2,3,7]), (7-4,[2,3,4,7,9]), (7-2,[2,3,4]), (7-1,[2,3,4,5,7]), (6-9,[2,4,5,6,9]), (6-7,[5,6,8,9]), (6-6,[2,6,8,9]), (6-5,[2,6,8]), (6-3,[2,4,6,7,9]), (6-2,[2,4,6,8]), (6-1,[2,4,6,7,9]), (5-9,[1,2,6,9]), (5-8,[2,8,9]), (5-4,[2,3,8,9]), (5-3,[2,6,9]), (5-2,[1,2,3,6,8]), (5-1,[1,2,3,6,9]), (4-9,[1,2,4,6,9]), (4-8,[2,4,8,9]), (4-7,[1,6,8,9]), (4-5,[2,3,6,8]), (4-4,[2,3,8,9]), (4-3,[2,4,6,9]), (4-1,[1,2,3,4,6,9]), (3-9,[1,3,4,5,6]), (3-8,[4,5,8]), (3-6,[1,3,4,8]), (3-4,[3,4,8]), (3-3,[4,5,6]), (3-1,[1,4,5,6]), (2-9,[1,4,5,7,9]), (2-8,[4,5,7,8,9]), (2-7,[1,5,8,9]), (2-6,[1,2,4,8]), (2-5,[1,2,5,7,8]), (2-2,[1,2,4]), (2-1,[1,2,4,5,9]), (1-9,[1,3,4,5,6,7,9]), (1-8,[4,5,7,9]), (1-7,[1,3,5,6,9]), (1-6,[1,2,3,4]), (1-5,[1,2,3,5,7]), (1-4,[2,3,4,7]), (1-3,[2,4,5,6,9]), (1-2,[1,2,4,6])]


[ (1-9,[1,3,4,5,6,7,9]), (4-1,[1,2,3,4,6,9]), (9-5,[1,2,3,6,7,8]), (1-3,[2,4,5,6,9]), (1-5,[1,2,3,5,7]), (1-7,[1,3,5,6,9]), (2-1,[1,2,4,5,9]), (2-5,[1,2,5,7,8]), (2-8,[4,5,7,8,9]), (2-9,[1,4,5,7,9]), (3-9,[1,3,4,5,6]), (4-9,[1,2,4,6,9]), (5-1,[1,2,3,6,9]), (5-2,[1,2,3,6,8]), (6-1,[2,4,6,7,9]), (6-3,[2,4,6,7,9]), (6-9,[2,4,5,6,9]), (7-1,[2,3,4,5,7]), (7-4,[2,3,4,7,9]), (8-1,[2,3,4,6,7]), (8-6,[2,3,4,6,9]), (9-1,[2,3,5,6,7]), (9-6,[1,2,3,6,8]), (1-2,[1,2,4,6]), (1-4,[2,3,4,7]), (1-6,[1,2,3,4]), (1-8,[4,5,7,9]), (2-6,[1,2,4,8]), (2-7,[1,5,8,9]), (3-1,[1,4,5,6]), (3-6,[1,3,4,8]), (4-3,[2,4,6,9]), (4-4,[2,3,8,9]), (4-5,[2,3,6,8]), (4-7,[1,6,8,9]), (4-8,[2,4,8,9]), (5-4,[2,3,8,9]), (5-9,[1,2,6,9]), (6-2,[2,4,6,8]), (6-6,[2,6,8,9]), (6-7,[5,6,8,9]), (7-6,[2,3,4,9]), (8-2,[2,3,4,6]), (8-5,[2,3,6,7]), (8-9,[2,3,7,9]), (9-3,[2,5,6,7]), (9-4,[2,3,7,8]), (9-9,[2,3,5,7]), (2-2,[1,2,4]), (3-3,[4,5,6]), (3-4,[3,4,8]), (3-8,[4,5,8]), (5-3,[2,6,9]), (5-8,[2,8,9]), (6-5,[2,6,8]), (7-2,[2,3,4]), (7-5,[2,3,7]), (7-7,[3,5,9]), (9-8,[2,5,7]), (8-7,[3,9])]


bucket(4,[3-4,1-8,2-2,7-6,6-9,8-1,4-3,9-7,5-5])
bucket(2,[4-4,2-6,5-8,7-2,1-3,8-5,6-1,9-9,3-7])
bucket(7,[1-4,2-8,7-5,8-9,6-3,9-1,5-7,4-6,3-2])
bucket(6,[4-9,3-1,1-7,8-6,6-5,9-3,5-2,7-8,2-4])
bucket(8,[3-8,2-5,5-4,4-7,6-2,9-6,8-3,7-9,1-1])
bucket(3,[4-5,1-6,3-9,5-1,9-4,7-7,8-2,6-8,2-3])
bucket(9,[1-9,7-4,4-8,2-1,5-3,6-6,8-7,9-2,3-5])
bucket(1,[3-6,2-7,4-1,9-5,5-9,1-2,8-8,7-3,6-4])
bucket(5,[1-5,2-9,6-7,7-1,3-3,9-8,8-4,5-6,4-2])
can_start
% Started at Sun Jul 31 23:13:02 2016
% 17.845 seconds cpu time for 63,964,084 inferences
% 8,631 atoms, 5,495 functors, 4,732 predicates, 69 modules, 387,381 VM-codes
% 
%                        Limit    Allocated       In use
% Local  stack:    268,435,456      126,976        3,360 Bytes
% Global stack:    268,435,456    1,044,464      866,224 Bytes
% Trail  stack:    268,435,456      260,088       53,872 Bytes
% 
% 6 garbage collections gained 882,112 bytes in 0.005 seconds.
% Stack shifts: 2 local, 4 global, 3 trail in 0.000 seconds
% 1 threads, 0 finished threads used 0.000 seconds
end-- inkara2012
