begin-- eastermonster
Timeout is 60
Warning: /home/georgi/Projects/aplai/Sudoku/chrVP2_sudoku.pl:212:
	Singleton variables: [Sorted]
Starting eastermonster
[ (9-8,[3,7,9]), (9-7,[3,4,5,9]), (9-6,[4,5,6,7,8]), (9-5,[3,4,6,8]), (9-4,[3,5,6,7]), (9-2,[4,6,8]), (9-1,[4,5,6,8,9]), (8-9,[4,5,7]), (8-7,[2,4,5]), (8-5,[1,2,4,6]), (8-4,[1,2,5,6,7]), (8-3,[1,4,5]), (8-1,[4,5,6]), (7-9,[3,4,5,9]), (7-8,[2,3,9]), (7-6,[1,2,4,5,8]), (7-5,[1,2,3,4,8]), (7-4,[1,2,3,5]), (7-3,[1,4,5,8,9]), (7-2,[1,4,8]), (6-9,[3,6,7,9]), (6-7,[1,2,3,9]), (6-6,[1,2,6]), (6-3,[1,3,7,9]), (6-2,[1,2,6,7]), (6-1,[2,3,6,9]), (5-9,[3,5,6,8,9]), (5-8,[1,2,3,6,9]), (5-7,[1,2,3,5,8,9]), (5-6,[1,2,4,6]), (5-4,[1,2,6]), (5-3,[1,3,4,8,9]), (5-2,[1,2,4,6,8]), (5-1,[2,3,4,6,8,9]), (4-9,[6,7,8]), (4-8,[1,2,6,7]), (4-7,[1,2,8]), (4-5,[1,2,4,6]), (4-3,[1,4,7,8]), (4-1,[2,4,6,8]), (3-9,[3,4,8,9]), (3-8,[1,3,9]), (3-6,[1,2,5,8]), (3-5,[1,2,3,8,9]), (3-4,[1,2,3,5]), (3-2,[2,4,8]), (3-1,[2,3,4,5,8]), (2-9,[3,6,8]), (2-7,[1,3,8]), (2-6,[1,2,6,7,8]), (2-5,[1,2,3,6,8]), (2-3,[3,7,8]), (2-1,[2,3,8]), (1-8,[3,6,9]), (1-7,[3,4,8,9]), (1-6,[5,6,7,8]), (1-5,[3,6,8,9]), (1-4,[3,5,6,7]), (1-3,[3,4,5,7,8]), (1-2,[4,7,8])]


[ (5-1,[2,3,4,6,8,9]), (5-7,[1,2,3,5,8,9]), (1-3,[3,4,5,7,8]), (2-5,[1,2,3,6,8]), (2-6,[1,2,6,7,8]), (3-1,[2,3,4,5,8]), (3-5,[1,2,3,8,9]), (5-2,[1,2,4,6,8]), (5-3,[1,3,4,8,9]), (5-8,[1,2,3,6,9]), (5-9,[3,5,6,8,9]), (7-3,[1,4,5,8,9]), (7-5,[1,2,3,4,8]), (7-6,[1,2,4,5,8]), (8-4,[1,2,5,6,7]), (9-1,[4,5,6,8,9]), (9-6,[4,5,6,7,8]), (1-4,[3,5,6,7]), (1-5,[3,6,8,9]), (1-6,[5,6,7,8]), (1-7,[3,4,8,9]), (3-4,[1,2,3,5]), (3-6,[1,2,5,8]), (3-9,[3,4,8,9]), (4-1,[2,4,6,8]), (4-3,[1,4,7,8]), (4-5,[1,2,4,6]), (4-8,[1,2,6,7]), (5-6,[1,2,4,6]), (6-1,[2,3,6,9]), (6-2,[1,2,6,7]), (6-3,[1,3,7,9]), (6-7,[1,2,3,9]), (6-9,[3,6,7,9]), (7-4,[1,2,3,5]), (7-9,[3,4,5,9]), (8-5,[1,2,4,6]), (9-4,[3,5,6,7]), (9-5,[3,4,6,8]), (9-7,[3,4,5,9]), (1-2,[4,7,8]), (1-8,[3,6,9]), (2-1,[2,3,8]), (2-3,[3,7,8]), (2-7,[1,3,8]), (2-9,[3,6,8]), (3-2,[2,4,8]), (3-8,[1,3,9]), (4-7,[1,2,8]), (4-9,[6,7,8]), (5-4,[1,2,6]), (6-6,[1,2,6]), (7-2,[1,4,8]), (7-8,[2,3,9]), (8-1,[4,5,6]), (8-3,[1,4,5]), (8-7,[2,4,5]), (8-9,[4,5,7]), (9-2,[4,6,8]), (9-8,[3,7,9])]


bucket(4,[1-3,3-9,5-6,4-1,7-5,8-7,9-2,6-8,2-4])
bucket(2,[8-4,4-5,6-7,2-1,5-2,3-6,7-8,9-3,1-9])
bucket(7,[4-8,6-3,2-6,8-9,9-4,1-2,7-1,5-5,3-7])
bucket(6,[2-5,4-9,1-8,5-4,8-1,9-6,6-2,7-7,3-3])
bucket(8,[2-9,1-5,5-3,4-7,3-2,9-1,7-6,8-8,6-4])
bucket(3,[5-7,3-8,1-4,2-3,6-1,9-5,7-9,8-2,4-6])
bucket(9,[1-7,3-5,5-1,7-3,6-9,9-8,8-6,4-4,2-2])
bucket(1,[2-7,4-3,5-8,3-4,8-5,6-6,7-2,9-9,1-1])
bucket(5,[5-9,1-6,3-1,7-4,8-3,9-7,6-5,4-2,2-8])
can_start
% Started at Sun Jul 31 23:05:38 2016
% 55.848 seconds cpu time for 198,009,703 inferences
% 8,631 atoms, 5,495 functors, 4,732 predicates, 69 modules, 387,381 VM-codes
% 
%                        Limit    Allocated       In use
% Local  stack:    268,435,456      126,976        3,024 Bytes
% Global stack:    268,435,456    1,044,464      863,008 Bytes
% Trail  stack:    268,435,456      260,088       51,912 Bytes
% 
% 6 garbage collections gained 882,112 bytes in 0.003 seconds.
% Stack shifts: 2 local, 4 global, 3 trail in 0.000 seconds
% 1 threads, 0 finished threads used 0.000 seconds
end-- eastermonster
