begin-- verydifficult
Timeout is 60
Warning: /home/georgi/Projects/aplai/Sudoku/chrVP2_sudoku.pl:212:
	Singleton variables: [Sorted]
Starting verydifficult
[ (9-9,[1,4]), (9-5,[1]), (9-2,[1,4,5]), (8-7,[1,4]), (8-5,[1,6,7]), (8-3,[1,4,6]), (8-2,[1,4,6]), (7-8,[1,9]), (7-7,[1,8]), (7-5,[1,6]), (7-3,[1,6]), (7-1,[1,3,6]), (6-7,[1,2,3,4]), (6-6,[1,4]), (6-5,[1,2,5,6]), (6-4,[1,2,6]), (6-3,[1,2,4,5,6,7]), (6-2,[1,2,4,5,6]), (6-1,[1,5,6,7]), (5-9,[1,2,4]), (5-8,[1,4]), (5-5,[1,2,5,8,9]), (5-4,[1,2,8]), (5-2,[1,2,4,5,8,9]), (5-1,[1,5,9]), (4-9,[1,2,4,7]), (4-7,[1,2,4]), (4-5,[1,2,6,8,9]), (4-4,[1,2,6,8]), (4-3,[1,2,4,6,7]), (4-2,[1,2,4,6,8,9]), (4-1,[1,6,7,9]), (3-9,[1,2,7,8]), (3-8,[1,3,7]), (3-3,[1,2,7]), (3-2,[1,2,3]), (3-1,[1,3,7]), (2-9,[1,2,7,8]), (2-8,[1,3,7]), (2-7,[1,2,3,5,8]), (2-5,[1,2,3,8]), (2-4,[1,2,8]), (2-3,[1,2,5,6,7]), (2-2,[1,2,3,5,6]), (1-8,[1,3,4]), (1-7,[1,2,3,4,5]), (1-6,[1]), (1-5,[1,2,3]), (1-2,[1,2,3,5,9]), (1-1,[1,3,5,9])]


[ (4-2,[1,2,4,6,8,9]), (5-2,[1,2,4,5,8,9]), (6-3,[1,2,4,5,6,7]), (1-2,[1,2,3,5,9]), (1-7,[1,2,3,4,5]), (2-2,[1,2,3,5,6]), (2-3,[1,2,5,6,7]), (2-7,[1,2,3,5,8]), (4-3,[1,2,4,6,7]), (4-5,[1,2,6,8,9]), (5-5,[1,2,5,8,9]), (6-2,[1,2,4,5,6]), (1-1,[1,3,5,9]), (2-5,[1,2,3,8]), (2-9,[1,2,7,8]), (3-9,[1,2,7,8]), (4-1,[1,6,7,9]), (4-4,[1,2,6,8]), (4-9,[1,2,4,7]), (6-1,[1,5,6,7]), (6-5,[1,2,5,6]), (6-7,[1,2,3,4]), (1-5,[1,2,3]), (1-8,[1,3,4]), (2-4,[1,2,8]), (2-8,[1,3,7]), (3-1,[1,3,7]), (3-2,[1,2,3]), (3-3,[1,2,7]), (3-8,[1,3,7]), (4-7,[1,2,4]), (5-1,[1,5,9]), (5-4,[1,2,8]), (5-9,[1,2,4]), (6-4,[1,2,6]), (7-1,[1,3,6]), (8-2,[1,4,6]), (8-3,[1,4,6]), (8-5,[1,6,7]), (9-2,[1,4,5]), (5-8,[1,4]), (6-6,[1,4]), (7-3,[1,6]), (7-5,[1,6]), (7-7,[1,8]), (7-8,[1,9]), (8-7,[1,4]), (9-9,[1,4]), (1-6,[1]), (9-5,[1])]


bucket(4,[8-3,1-8,5-2,4-7,6-6,9-9,7-4,3-5,2-1])
bucket(2,[2-4,3-2,6-5,4-3,1-7,5-9,9-1,8-8,7-6])
bucket(7,[2-8,3-3,4-9,8-5,6-1,9-7,7-2,5-6,1-4])
bucket(6,[6-4,2-3,4-1,8-2,7-5,9-8,5-7,3-6,1-9])
bucket(8,[2-5,4-2,5-4,3-9,7-7,9-6,8-1,6-8,1-3])
bucket(3,[2-2,3-8,1-5,6-7,7-1,9-4,8-9,5-3,4-6])
bucket(9,[1-2,4-5,5-1,7-8,9-3,8-4,6-9,3-7,2-6])
bucket(1,[4-4,6-2,5-8,2-9,3-1,7-3,8-7,1-6,9-5])
bucket(5,[2-7,6-3,5-5,9-2,1-1,8-6,7-9,4-8,3-4])
can_start
% Started at Sun Jul 31 23:02:35 2016
% 0.882 seconds cpu time for 4,217,112 inferences
% 8,631 atoms, 5,495 functors, 4,732 predicates, 69 modules, 387,381 VM-codes
% 
%                        Limit    Allocated       In use
% Local  stack:    268,435,456      126,976        2,016 Bytes
% Global stack:    268,435,456    1,044,464      842,648 Bytes
% Trail  stack:    268,435,456      260,088       41,600 Bytes
% 
% 6 garbage collections gained 882,112 bytes in 0.003 seconds.
% Stack shifts: 2 local, 4 global, 3 trail in 0.000 seconds
% 1 threads, 0 finished threads used 0.000 seconds
end-- verydifficult
